TpTrace Verbose: 0 : 16688, 1, 2024/06/20, 12:19:27.502, 90484275771, vstest.console.dll, Version: 17.10.0-release-24203-04 Current process architecture: X64
TpTrace Verbose: 0 : 16688, 1, 2024/06/20, 12:19:27.504, 90484301748, vstest.console.dll, Runtime location: C:\Program Files\dotnet\shared\Microsoft.NETCore.App\8.0.5
TpTrace Verbose: 0 : 16688, 1, 2024/06/20, 12:19:27.507, 90484324404, vstest.console.dll, ArtifactProcessingPostProcessModeProcessorExecutor.Initialize: ArtifactProcessingMode.Collect
TpTrace Verbose: 0 : 16688, 1, 2024/06/20, 12:19:27.507, 90484325357, vstest.console.dll, TestSessionCorrelationIdProcessorModeProcessorExecutor.Initialize: TestSessionCorrelationId '22316_ea2c74d9-9cba-46db-b2fa-7923980c633f'
TpTrace Information: 0 : 16688, 1, 2024/06/20, 12:19:27.512, 90484378278, vstest.console.dll, FilePatternParser: The given file C:\Repos\Horizon-Feb2024\PhoneBookApp\ClientApplicationCoreTests\bin\Debug\net6.0\fine-code-coverage\build-output\ClientApplicationCoreTests.dll is a full path.
TpTrace Verbose: 0 : 16688, 1, 2024/06/20, 12:19:27.516, 90484417188, vstest.console.dll, TestPluginCache.DiscoverTestExtensions: finding test extensions in assemblies ends with: RuntimeProvider.dll TPluginInfo: Microsoft.VisualStudio.TestPlatform.Common.ExtensionFramework.Utilities.TestRuntimePluginInformation TExtension: Microsoft.VisualStudio.TestPlatform.ObjectModel.Host.ITestRuntimeProvider
TpTrace Verbose: 0 : 16688, 1, 2024/06/20, 12:19:27.516, 90484419759, vstest.console.dll, TestPluginCache.GetExtensionPaths: Filtered extension paths: 
TpTrace Verbose: 0 : 16688, 1, 2024/06/20, 12:19:27.516, 90484420348, vstest.console.dll, TestPluginCache.GetExtensionPaths: Added default extension paths: C:\Program Files\dotnet\sdk\8.0.300\Extensions\Microsoft.Diagnostics.NETCore.Client.dll
C:\Program Files\dotnet\sdk\8.0.300\Extensions\Microsoft.TestPlatform.Extensions.BlameDataCollector.dll
C:\Program Files\dotnet\sdk\8.0.300\Extensions\Microsoft.TestPlatform.Extensions.EventLogCollector.dll
C:\Program Files\dotnet\sdk\8.0.300\Extensions\Microsoft.TestPlatform.TestHostRuntimeProvider.dll
C:\Program Files\dotnet\sdk\8.0.300\Extensions\Microsoft.VisualStudio.TestPlatform.Extensions.Html.TestLogger.dll
C:\Program Files\dotnet\sdk\8.0.300\Extensions\Microsoft.VisualStudio.TestPlatform.Extensions.Trx.TestLogger.dll
TpTrace Verbose: 0 : 16688, 1, 2024/06/20, 12:19:27.516, 90484420547, vstest.console.dll, TestPluginCache.GetExtensionPaths: Added unfilterableExtensionPaths: 
TpTrace Information: 0 : 16688, 1, 2024/06/20, 12:19:27.517, 90484423939, vstest.console.dll, AssemblyResolver.ctor: Creating AssemblyResolver with searchDirectories C:\Program Files\dotnet\sdk\8.0.300\Extensions,C:\Program Files\dotnet\sdk\8.0.300
TpTrace Verbose: 0 : 16688, 1, 2024/06/20, 12:19:27.518, 90484434833, vstest.console.dll, TestPluginCache.DiscoverTestExtensions: Discovering the extensions using extension path.
TpTrace Verbose: 0 : 16688, 1, 2024/06/20, 12:19:27.518, 90484435772, vstest.console.dll, TestPluginCache.GetExtensionPaths: Filtered extension paths: 
TpTrace Verbose: 0 : 16688, 1, 2024/06/20, 12:19:27.518, 90484436070, vstest.console.dll, TestPluginCache.GetExtensionPaths: Added default extension paths: C:\Program Files\dotnet\sdk\8.0.300\Extensions\Microsoft.Diagnostics.NETCore.Client.dll
C:\Program Files\dotnet\sdk\8.0.300\Extensions\Microsoft.TestPlatform.Extensions.BlameDataCollector.dll
C:\Program Files\dotnet\sdk\8.0.300\Extensions\Microsoft.TestPlatform.Extensions.EventLogCollector.dll
C:\Program Files\dotnet\sdk\8.0.300\Extensions\Microsoft.TestPlatform.TestHostRuntimeProvider.dll
C:\Program Files\dotnet\sdk\8.0.300\Extensions\Microsoft.VisualStudio.TestPlatform.Extensions.Html.TestLogger.dll
C:\Program Files\dotnet\sdk\8.0.300\Extensions\Microsoft.VisualStudio.TestPlatform.Extensions.Trx.TestLogger.dll
TpTrace Verbose: 0 : 16688, 1, 2024/06/20, 12:19:27.518, 90484436232, vstest.console.dll, TestPluginCache.GetExtensionPaths: Added unfilterableExtensionPaths: 
TpTrace Verbose: 0 : 16688, 1, 2024/06/20, 12:19:27.518, 90484436559, vstest.console.dll, TestPluginCache.DiscoverTestExtensions: Discovering the extensions using allExtensionPaths: C:\Program Files\dotnet\sdk\8.0.300\Extensions\Microsoft.Diagnostics.NETCore.Client.dll
C:\Program Files\dotnet\sdk\8.0.300\Extensions\Microsoft.TestPlatform.Extensions.BlameDataCollector.dll
C:\Program Files\dotnet\sdk\8.0.300\Extensions\Microsoft.TestPlatform.Extensions.EventLogCollector.dll
C:\Program Files\dotnet\sdk\8.0.300\Extensions\Microsoft.TestPlatform.TestHostRuntimeProvider.dll
C:\Program Files\dotnet\sdk\8.0.300\Extensions\Microsoft.VisualStudio.TestPlatform.Extensions.Html.TestLogger.dll
C:\Program Files\dotnet\sdk\8.0.300\Extensions\Microsoft.VisualStudio.TestPlatform.Extensions.Trx.TestLogger.dll
TpTrace Information: 0 : 16688, 1, 2024/06/20, 12:19:27.518, 90484437586, vstest.console.dll, AssemblyResolver.AddSearchDirectories: Adding more searchDirectories C:\Program Files\dotnet\sdk\8.0.300\Extensions,C:\Program Files\dotnet\sdk\8.0.300
TpTrace Information: 0 : 16688, 1, 2024/06/20, 12:19:27.518, 90484437958, vstest.console.dll, AssemblyResolver.AddSearchDirectories: Adding more searchDirectories C:\Program Files\dotnet\sdk\8.0.300\Extensions,C:\Program Files\dotnet\sdk\8.0.300
TpTrace Information: 0 : 16688, 1, 2024/06/20, 12:19:27.518, 90484438156, vstest.console.dll, AssemblyResolver.AddSearchDirectories: Adding more searchDirectories C:\Program Files\dotnet\sdk\8.0.300\Extensions,C:\Program Files\dotnet\sdk\8.0.300
TpTrace Information: 0 : 16688, 1, 2024/06/20, 12:19:27.518, 90484438312, vstest.console.dll, AssemblyResolver.AddSearchDirectories: Adding more searchDirectories C:\Program Files\dotnet\sdk\8.0.300\Extensions,C:\Program Files\dotnet\sdk\8.0.300
TpTrace Information: 0 : 16688, 1, 2024/06/20, 12:19:27.518, 90484438464, vstest.console.dll, AssemblyResolver.AddSearchDirectories: Adding more searchDirectories C:\Program Files\dotnet\sdk\8.0.300\Extensions,C:\Program Files\dotnet\sdk\8.0.300
TpTrace Information: 0 : 16688, 1, 2024/06/20, 12:19:27.518, 90484438612, vstest.console.dll, AssemblyResolver.AddSearchDirectories: Adding more searchDirectories C:\Program Files\dotnet\sdk\8.0.300\Extensions,C:\Program Files\dotnet\sdk\8.0.300
TpTrace Information: 0 : 16688, 1, 2024/06/20, 12:19:27.518, 90484441909, vstest.console.dll, AssemblyResolver.OnResolve: Microsoft.Diagnostics.NETCore.Client: Resolving assembly.
TpTrace Information: 0 : 16688, 1, 2024/06/20, 12:19:27.518, 90484442433, vstest.console.dll, AssemblyResolver.OnResolve: Microsoft.Diagnostics.NETCore.Client: Searching in: 'C:\Program Files\dotnet\sdk\8.0.300\Extensions'.
TpTrace Information: 0 : 16688, 1, 2024/06/20, 12:19:27.524, 90484502530, vstest.console.dll, AssemblyResolver.OnResolve: Microsoft.Diagnostics.NETCore.Client: Loading assembly 'C:\Program Files\dotnet\sdk\8.0.300\Extensions\Microsoft.Diagnostics.NETCore.Client.dll'.
TpTrace Information: 0 : 16688, 1, 2024/06/20, 12:19:27.525, 90484508823, vstest.console.dll, AssemblyResolver.OnResolve: Resolved assembly: Microsoft.Diagnostics.NETCore.Client, from path: C:\Program Files\dotnet\sdk\8.0.300\Extensions\Microsoft.Diagnostics.NETCore.Client.dll
TpTrace Verbose: 0 : 16688, 1, 2024/06/20, 12:19:27.529, 90484543593, vstest.console.dll, MetadataReaderExtensionsHelper: Discovering extensions inside assembly 'Microsoft.Diagnostics.NETCore.Client, Version=0.2.10.15101, Culture=neutral, PublicKeyToken=31bf3856ad364e35' file path 'C:\Program Files\dotnet\sdk\8.0.300\Extensions\Microsoft.Diagnostics.NETCore.Client.dll'
TpTrace Information: 0 : 16688, 1, 2024/06/20, 12:19:27.532, 90484579921, vstest.console.dll, AssemblyResolver.OnResolve: Microsoft.Bcl.AsyncInterfaces: Resolving assembly.
TpTrace Information: 0 : 16688, 1, 2024/06/20, 12:19:27.532, 90484580718, vstest.console.dll, AssemblyResolver.OnResolve: Microsoft.Bcl.AsyncInterfaces: Searching in: 'C:\Program Files\dotnet\sdk\8.0.300\Extensions'.
TpTrace Information: 0 : 16688, 1, 2024/06/20, 12:19:27.532, 90484581261, vstest.console.dll, AssemblyResolver.OnResolve: Microsoft.Bcl.AsyncInterfaces: Assembly path does not exist: 'C:\Program Files\dotnet\sdk\8.0.300\Extensions\Microsoft.Bcl.AsyncInterfaces.dll', returning.
TpTrace Information: 0 : 16688, 1, 2024/06/20, 12:19:27.532, 90484582035, vstest.console.dll, AssemblyResolver.OnResolve: Microsoft.Bcl.AsyncInterfaces: Assembly path does not exist: 'C:\Program Files\dotnet\sdk\8.0.300\Extensions\Microsoft.Bcl.AsyncInterfaces.exe', returning.
TpTrace Information: 0 : 16688, 1, 2024/06/20, 12:19:27.532, 90484582287, vstest.console.dll, AssemblyResolver.OnResolve: Microsoft.Bcl.AsyncInterfaces: Searching in: 'C:\Program Files\dotnet\sdk\8.0.300'.
TpTrace Information: 0 : 16688, 1, 2024/06/20, 12:19:27.532, 90484582627, vstest.console.dll, AssemblyResolver.OnResolve: Microsoft.Bcl.AsyncInterfaces: Assembly path does not exist: 'C:\Program Files\dotnet\sdk\8.0.300\Microsoft.Bcl.AsyncInterfaces.dll', returning.
TpTrace Information: 0 : 16688, 1, 2024/06/20, 12:19:27.532, 90484582910, vstest.console.dll, AssemblyResolver.OnResolve: Microsoft.Bcl.AsyncInterfaces: Assembly path does not exist: 'C:\Program Files\dotnet\sdk\8.0.300\Microsoft.Bcl.AsyncInterfaces.exe', returning.
TpTrace Information: 0 : 16688, 1, 2024/06/20, 12:19:27.532, 90484583072, vstest.console.dll, AssemblyResolver.OnResolve: Microsoft.Bcl.AsyncInterfaces: Failed to load assembly.
TpTrace Verbose: 0 : 16688, 1, 2024/06/20, 12:19:27.533, 90484583332, vstest.console.dll, CurrentDomainAssemblyResolve: Resolving assembly 'Microsoft.Bcl.AsyncInterfaces'.
TpTrace Information: 0 : 16688, 1, 2024/06/20, 12:19:27.533, 90484583820, vstest.console.dll, AssemblyResolver.OnResolve: Microsoft.Bcl.AsyncInterfaces: Resolving assembly.
TpTrace Information: 0 : 16688, 1, 2024/06/20, 12:19:27.533, 90484584065, vstest.console.dll, AssemblyResolver.OnResolve: Microsoft.Bcl.AsyncInterfaces: Resolved from cache.
TpTrace Verbose: 0 : 16688, 1, 2024/06/20, 12:19:27.533, 90484584228, vstest.console.dll, CurrentDomainAssemblyResolve: Resolving assembly 'Microsoft.Bcl.AsyncInterfaces'.
TpTrace Verbose: 0 : 16688, 1, 2024/06/20, 12:19:27.533, 90484584431, vstest.console.dll, CurrentDomainAssemblyResolve: Failed to resolve assembly 'Microsoft.Bcl.AsyncInterfaces'.
TpTrace Verbose: 0 : 16688, 1, 2024/06/20, 12:19:27.533, 90484590011, vstest.console.dll, CurrentDomainAssemblyResolve: Failed to resolve assembly 'Microsoft.Bcl.AsyncInterfaces'.
TpTrace Warning: 0 : 16688, 1, 2024/06/20, 12:19:27.541, 90484670729, vstest.console.dll, TestPluginDiscoverer: Failed to get types from assembly 'Microsoft.Diagnostics.NETCore.Client, Version=0.2.10.15101, Culture=neutral, PublicKeyToken=31bf3856ad364e35'. Error: System.Reflection.ReflectionTypeLoadException: Unable to load one or more of the requested types.
Could not load file or assembly 'Microsoft.Bcl.AsyncInterfaces, Version=6.0.0.0, Culture=neutral, PublicKeyToken=cc7b13ffcd2ddd51'. The system cannot find the file specified.
   at System.Reflection.RuntimeModule.GetTypes(RuntimeModule module)
   at System.Reflection.RuntimeModule.GetTypes()
   at Microsoft.VisualStudio.TestPlatform.Common.ExtensionFramework.TestPluginDiscoverer.GetTestExtensionsFromAssembly[TPluginInfo,TExtension](Assembly assembly, Dictionary`2 pluginInfos, String filePath) in /_/src/Microsoft.TestPlatform.Common/ExtensionFramework/TestPluginDiscoverer.cs:line 158
System.IO.FileNotFoundException: Could not load file or assembly 'Microsoft.Bcl.AsyncInterfaces, Version=6.0.0.0, Culture=neutral, PublicKeyToken=cc7b13ffcd2ddd51'. The system cannot find the file specified.
File name: 'Microsoft.Bcl.AsyncInterfaces, Version=6.0.0.0, Culture=neutral, PublicKeyToken=cc7b13ffcd2ddd51'
 ---> System.IO.FileNotFoundException: Could not load file or assembly 'Microsoft.Bcl.AsyncInterfaces, Culture=neutral, PublicKeyToken=null'. The system cannot find the file specified.
File name: 'Microsoft.Bcl.AsyncInterfaces, Culture=neutral, PublicKeyToken=null'
   at System.Reflection.RuntimeAssembly.InternalLoad(AssemblyName assemblyName, StackCrawlMark& stackMark, AssemblyLoadContext assemblyLoadContext, RuntimeAssembly requestingAssembly, Boolean throwOnFileNotFound)
   at System.Reflection.Assembly.Load(AssemblyName assemblyRef)
   at Microsoft.VisualStudio.TestPlatform.Common.ExtensionFramework.TestPluginCache.CurrentDomainAssemblyResolve(Object sender, AssemblyResolveEventArgs args) in /_/src/Microsoft.TestPlatform.Common/ExtensionFramework/TestPluginCache.cs:line 513
   at System.Runtime.Loader.AssemblyLoadContext.GetFirstResolvedAssemblyFromResolvingEvent(AssemblyName assemblyName)
   at System.Runtime.Loader.AssemblyLoadContext.ResolveUsingEvent(AssemblyName assemblyName)
   at System.Runtime.Loader.AssemblyLoadContext.ResolveUsingResolvingEvent(IntPtr gchManagedAssemblyLoadContext, AssemblyName assemblyName)
TpTrace Warning: 0 : 16688, 1, 2024/06/20, 12:19:27.542, 90484673629, vstest.console.dll, LoaderExceptions: System.IO.FileNotFoundException: Could not load file or assembly 'Microsoft.Bcl.AsyncInterfaces, Version=6.0.0.0, Culture=neutral, PublicKeyToken=cc7b13ffcd2ddd51'. The system cannot find the file specified.
File name: 'Microsoft.Bcl.AsyncInterfaces, Version=6.0.0.0, Culture=neutral, PublicKeyToken=cc7b13ffcd2ddd51'
 ---> System.IO.FileNotFoundException: Could not load file or assembly 'Microsoft.Bcl.AsyncInterfaces, Culture=neutral, PublicKeyToken=null'. The system cannot find the file specified.
File name: 'Microsoft.Bcl.AsyncInterfaces, Culture=neutral, PublicKeyToken=null'
   at System.Reflection.RuntimeAssembly.InternalLoad(AssemblyName assemblyName, StackCrawlMark& stackMark, AssemblyLoadContext assemblyLoadContext, RuntimeAssembly requestingAssembly, Boolean throwOnFileNotFound)
   at System.Reflection.Assembly.Load(AssemblyName assemblyRef)
   at Microsoft.VisualStudio.TestPlatform.Common.ExtensionFramework.TestPluginCache.CurrentDomainAssemblyResolve(Object sender, AssemblyResolveEventArgs args) in /_/src/Microsoft.TestPlatform.Common/ExtensionFramework/TestPluginCache.cs:line 513
   at System.Runtime.Loader.AssemblyLoadContext.GetFirstResolvedAssemblyFromResolvingEvent(AssemblyName assemblyName)
   at System.Runtime.Loader.AssemblyLoadContext.ResolveUsingEvent(AssemblyName assemblyName)
   at System.Runtime.Loader.AssemblyLoadContext.ResolveUsingResolvingEvent(IntPtr gchManagedAssemblyLoadContext, AssemblyName assemblyName)
TpTrace Information: 0 : 16688, 1, 2024/06/20, 12:19:27.542, 90484674787, vstest.console.dll, AssemblyResolver.OnResolve: Microsoft.TestPlatform.Extensions.BlameDataCollector: Resolving assembly.
TpTrace Information: 0 : 16688, 1, 2024/06/20, 12:19:27.542, 90484675083, vstest.console.dll, AssemblyResolver.OnResolve: Microsoft.TestPlatform.Extensions.BlameDataCollector: Searching in: 'C:\Program Files\dotnet\sdk\8.0.300\Extensions'.
TpTrace Information: 0 : 16688, 1, 2024/06/20, 12:19:27.542, 90484678401, vstest.console.dll, AssemblyResolver.OnResolve: Microsoft.TestPlatform.Extensions.BlameDataCollector: Loading assembly 'C:\Program Files\dotnet\sdk\8.0.300\Extensions\Microsoft.TestPlatform.Extensions.BlameDataCollector.dll'.
TpTrace Information: 0 : 16688, 1, 2024/06/20, 12:19:27.543, 90484684449, vstest.console.dll, AssemblyResolver.OnResolve: Resolved assembly: Microsoft.TestPlatform.Extensions.BlameDataCollector, from path: C:\Program Files\dotnet\sdk\8.0.300\Extensions\Microsoft.TestPlatform.Extensions.BlameDataCollector.dll
TpTrace Verbose: 0 : 16688, 1, 2024/06/20, 12:19:27.543, 90484685281, vstest.console.dll, MetadataReaderExtensionsHelper: Discovering extensions inside assembly 'Microsoft.TestPlatform.Extensions.BlameDataCollector, Version=15.0.0.0, Culture=neutral, PublicKeyToken=b03f5f7f11d50a3a' file path 'C:\Program Files\dotnet\sdk\8.0.300\Extensions\Microsoft.TestPlatform.Extensions.BlameDataCollector.dll'
TpTrace Information: 0 : 16688, 1, 2024/06/20, 12:19:27.544, 90484696412, vstest.console.dll, AssemblyResolver.OnResolve: Microsoft.TestPlatform.Extensions.EventLogCollector: Resolving assembly.
TpTrace Information: 0 : 16688, 1, 2024/06/20, 12:19:27.544, 90484696850, vstest.console.dll, AssemblyResolver.OnResolve: Microsoft.TestPlatform.Extensions.EventLogCollector: Searching in: 'C:\Program Files\dotnet\sdk\8.0.300\Extensions'.
TpTrace Information: 0 : 16688, 1, 2024/06/20, 12:19:27.544, 90484699854, vstest.console.dll, AssemblyResolver.OnResolve: Microsoft.TestPlatform.Extensions.EventLogCollector: Loading assembly 'C:\Program Files\dotnet\sdk\8.0.300\Extensions\Microsoft.TestPlatform.Extensions.EventLogCollector.dll'.
TpTrace Information: 0 : 16688, 1, 2024/06/20, 12:19:27.545, 90484704755, vstest.console.dll, AssemblyResolver.OnResolve: Resolved assembly: Microsoft.TestPlatform.Extensions.EventLogCollector, from path: C:\Program Files\dotnet\sdk\8.0.300\Extensions\Microsoft.TestPlatform.Extensions.EventLogCollector.dll
TpTrace Verbose: 0 : 16688, 1, 2024/06/20, 12:19:27.545, 90484705379, vstest.console.dll, MetadataReaderExtensionsHelper: Discovering extensions inside assembly 'Microsoft.TestPlatform.Extensions.EventLogCollector, Version=15.0.0.0, Culture=neutral, PublicKeyToken=b03f5f7f11d50a3a' file path 'C:\Program Files\dotnet\sdk\8.0.300\Extensions\Microsoft.TestPlatform.Extensions.EventLogCollector.dll'
TpTrace Information: 0 : 16688, 1, 2024/06/20, 12:19:27.547, 90484725850, vstest.console.dll, AssemblyResolver.OnResolve: Microsoft.TestPlatform.TestHostRuntimeProvider: Resolving assembly.
TpTrace Information: 0 : 16688, 1, 2024/06/20, 12:19:27.547, 90484726543, vstest.console.dll, AssemblyResolver.OnResolve: Microsoft.TestPlatform.TestHostRuntimeProvider: Searching in: 'C:\Program Files\dotnet\sdk\8.0.300\Extensions'.
TpTrace Information: 0 : 16688, 1, 2024/06/20, 12:19:27.547, 90484730012, vstest.console.dll, AssemblyResolver.OnResolve: Microsoft.TestPlatform.TestHostRuntimeProvider: Loading assembly 'C:\Program Files\dotnet\sdk\8.0.300\Extensions\Microsoft.TestPlatform.TestHostRuntimeProvider.dll'.
TpTrace Information: 0 : 16688, 1, 2024/06/20, 12:19:27.548, 90484735499, vstest.console.dll, AssemblyResolver.OnResolve: Resolved assembly: Microsoft.TestPlatform.TestHostRuntimeProvider, from path: C:\Program Files\dotnet\sdk\8.0.300\Extensions\Microsoft.TestPlatform.TestHostRuntimeProvider.dll
TpTrace Verbose: 0 : 16688, 1, 2024/06/20, 12:19:27.548, 90484736201, vstest.console.dll, MetadataReaderExtensionsHelper: Discovering extensions inside assembly 'Microsoft.TestPlatform.TestHostRuntimeProvider, Version=15.0.0.0, Culture=neutral, PublicKeyToken=b03f5f7f11d50a3a' file path 'C:\Program Files\dotnet\sdk\8.0.300\Extensions\Microsoft.TestPlatform.TestHostRuntimeProvider.dll'
TpTrace Information: 0 : 16688, 1, 2024/06/20, 12:19:27.549, 90484748373, vstest.console.dll, GetTestExtensionFromType: Register extension with identifier data 'HostProvider://DefaultTestHost' and type 'Microsoft.VisualStudio.TestPlatform.CrossPlatEngine.Hosting.DefaultTestHostManager, Microsoft.TestPlatform.TestHostRuntimeProvider, Version=15.0.0.0, Culture=neutral, PublicKeyToken=b03f5f7f11d50a3a' inside file 'C:\Program Files\dotnet\sdk\8.0.300\Extensions\Microsoft.TestPlatform.TestHostRuntimeProvider.dll'
TpTrace Information: 0 : 16688, 1, 2024/06/20, 12:19:27.549, 90484750564, vstest.console.dll, GetTestExtensionFromType: Register extension with identifier data 'HostProvider://DotnetTestHost' and type 'Microsoft.VisualStudio.TestPlatform.CrossPlatEngine.Hosting.DotnetTestHostManager, Microsoft.TestPlatform.TestHostRuntimeProvider, Version=15.0.0.0, Culture=neutral, PublicKeyToken=b03f5f7f11d50a3a' inside file 'C:\Program Files\dotnet\sdk\8.0.300\Extensions\Microsoft.TestPlatform.TestHostRuntimeProvider.dll'
TpTrace Information: 0 : 16688, 1, 2024/06/20, 12:19:27.549, 90484751183, vstest.console.dll, AssemblyResolver.OnResolve: Microsoft.VisualStudio.TestPlatform.Extensions.Html.TestLogger: Resolving assembly.
TpTrace Information: 0 : 16688, 1, 2024/06/20, 12:19:27.549, 90484751433, vstest.console.dll, AssemblyResolver.OnResolve: Microsoft.VisualStudio.TestPlatform.Extensions.Html.TestLogger: Searching in: 'C:\Program Files\dotnet\sdk\8.0.300\Extensions'.
TpTrace Information: 0 : 16688, 1, 2024/06/20, 12:19:27.550, 90484753777, vstest.console.dll, AssemblyResolver.OnResolve: Microsoft.VisualStudio.TestPlatform.Extensions.Html.TestLogger: Loading assembly 'C:\Program Files\dotnet\sdk\8.0.300\Extensions\Microsoft.VisualStudio.TestPlatform.Extensions.Html.TestLogger.dll'.
TpTrace Information: 0 : 16688, 1, 2024/06/20, 12:19:27.550, 90484758848, vstest.console.dll, AssemblyResolver.OnResolve: Resolved assembly: Microsoft.VisualStudio.TestPlatform.Extensions.Html.TestLogger, from path: C:\Program Files\dotnet\sdk\8.0.300\Extensions\Microsoft.VisualStudio.TestPlatform.Extensions.Html.TestLogger.dll
TpTrace Verbose: 0 : 16688, 1, 2024/06/20, 12:19:27.550, 90484759342, vstest.console.dll, MetadataReaderExtensionsHelper: Discovering extensions inside assembly 'Microsoft.VisualStudio.TestPlatform.Extensions.Html.TestLogger, Version=15.0.0.0, Culture=neutral, PublicKeyToken=b03f5f7f11d50a3a' file path 'C:\Program Files\dotnet\sdk\8.0.300\Extensions\Microsoft.VisualStudio.TestPlatform.Extensions.Html.TestLogger.dll'
TpTrace Information: 0 : 16688, 1, 2024/06/20, 12:19:27.551, 90484765290, vstest.console.dll, AssemblyResolver.OnResolve: Microsoft.VisualStudio.TestPlatform.Extensions.Trx.TestLogger: Resolving assembly.
TpTrace Information: 0 : 16688, 1, 2024/06/20, 12:19:27.551, 90484765682, vstest.console.dll, AssemblyResolver.OnResolve: Microsoft.VisualStudio.TestPlatform.Extensions.Trx.TestLogger: Searching in: 'C:\Program Files\dotnet\sdk\8.0.300\Extensions'.
TpTrace Information: 0 : 16688, 1, 2024/06/20, 12:19:27.551, 90484767852, vstest.console.dll, AssemblyResolver.OnResolve: Microsoft.VisualStudio.TestPlatform.Extensions.Trx.TestLogger: Loading assembly 'C:\Program Files\dotnet\sdk\8.0.300\Extensions\Microsoft.VisualStudio.TestPlatform.Extensions.Trx.TestLogger.dll'.
TpTrace Information: 0 : 16688, 1, 2024/06/20, 12:19:27.551, 90484772940, vstest.console.dll, AssemblyResolver.OnResolve: Resolved assembly: Microsoft.VisualStudio.TestPlatform.Extensions.Trx.TestLogger, from path: C:\Program Files\dotnet\sdk\8.0.300\Extensions\Microsoft.VisualStudio.TestPlatform.Extensions.Trx.TestLogger.dll
TpTrace Verbose: 0 : 16688, 1, 2024/06/20, 12:19:27.552, 90484773398, vstest.console.dll, MetadataReaderExtensionsHelper: Discovering extensions inside assembly 'Microsoft.VisualStudio.TestPlatform.Extensions.Trx.TestLogger, Version=15.0.0.0, Culture=neutral, PublicKeyToken=b03f5f7f11d50a3a' file path 'C:\Program Files\dotnet\sdk\8.0.300\Extensions\Microsoft.VisualStudio.TestPlatform.Extensions.Trx.TestLogger.dll'
TpTrace Verbose: 0 : 16688, 1, 2024/06/20, 12:19:27.552, 90484780816, vstest.console.dll, TestPluginCache: Discovered the extensions using extension path ''.
TpTrace Verbose: 0 : 16688, 1, 2024/06/20, 12:19:27.552, 90484781352, vstest.console.dll, TestPluginCache: Discoverers are ''.
TpTrace Verbose: 0 : 16688, 1, 2024/06/20, 12:19:27.552, 90484781521, vstest.console.dll, TestPluginCache: Executors are ''.
TpTrace Verbose: 0 : 16688, 1, 2024/06/20, 12:19:27.552, 90484781688, vstest.console.dll, TestPluginCache: Executors2 are ''.
TpTrace Verbose: 0 : 16688, 1, 2024/06/20, 12:19:27.552, 90484781833, vstest.console.dll, TestPluginCache: Setting providers are ''.
TpTrace Verbose: 0 : 16688, 1, 2024/06/20, 12:19:27.552, 90484781975, vstest.console.dll, TestPluginCache: Loggers are ''.
TpTrace Verbose: 0 : 16688, 1, 2024/06/20, 12:19:27.553, 90484783156, vstest.console.dll, TestPluginCache: TestHosts are 'HostProvider://DefaultTestHost,HostProvider://DotnetTestHost'.
TpTrace Verbose: 0 : 16688, 1, 2024/06/20, 12:19:27.553, 90484783385, vstest.console.dll, TestPluginCache: DataCollectors are ''.
TpTrace Information: 0 : 16688, 1, 2024/06/20, 12:19:27.564, 90484895199, vstest.console.dll, RunTestsArgumentProcessor:Execute: Test run is starting.
TpTrace Verbose: 0 : 16688, 1, 2024/06/20, 12:19:27.564, 90484896033, vstest.console.dll, RunTestsArgumentProcessor:Execute: Queuing Test run.
TpTrace Information: 0 : 16688, 1, 2024/06/20, 12:19:27.564, 90484897755, vstest.console.dll, TestRequestManager.RunTests: run tests started.
TpTrace Information: 0 : 16688, 1, 2024/06/20, 12:19:27.576, 90485013693, vstest.console.dll, AssemblyMetadataProvider.GetFrameworkName: Determined framework:'.NETCoreApp,Version=v6.0' for source: 'C:\Repos\Horizon-Feb2024\PhoneBookApp\ClientApplicationCoreTests\bin\Debug\net6.0\fine-code-coverage\build-output\ClientApplicationCoreTests.dll'
TpTrace Information: 0 : 16688, 1, 2024/06/20, 12:19:27.576, 90485015645, vstest.console.dll, Determined framework for all sources: .NETCoreApp,Version=v6.0
TpTrace Verbose: 0 : 16688, 1, 2024/06/20, 12:19:27.576, 90485018533, vstest.console.dll, TestRequestManager.UpdateRunSettingsIfRequired: Default architecture: X64 IsDefaultTargetArchitecture: True, Current process architecture: X64 OperatingSystem: Windows.
TpTrace Information: 0 : 16688, 1, 2024/06/20, 12:19:27.577, 90485032335, vstest.console.dll, AssemblyMetadataProvider.GetArchitecture: Determined architecture:AnyCPU info for assembly: C:\Repos\Horizon-Feb2024\PhoneBookApp\ClientApplicationCoreTests\bin\Debug\net6.0\fine-code-coverage\build-output\ClientApplicationCoreTests.dll
TpTrace Information: 0 : 16688, 1, 2024/06/20, 12:19:27.577, 90485032924, vstest.console.dll, Determined platform for source 'C:\Repos\Horizon-Feb2024\PhoneBookApp\ClientApplicationCoreTests\bin\Debug\net6.0\fine-code-coverage\build-output\ClientApplicationCoreTests.dll' was AnyCPU and it will use the default plaform X64.
TpTrace Information: 0 : 16688, 1, 2024/06/20, 12:19:27.577, 90485033082, vstest.console.dll, None of the sources provided any runnable platform, using the default platform: X64
TpTrace Information: 0 : 16688, 1, 2024/06/20, 12:19:27.578, 90485033770, vstest.console.dll, Platform was updated to 'X64'.
TpTrace Information: 0 : 16688, 1, 2024/06/20, 12:19:27.580, 90485060109, vstest.console.dll, InferRunSettingsHelper.IsTestSettingsEnabled: Unable to navigate to RunSettings/MSTest. Current node: RunSettings
TpTrace Information: 0 : 16688, 1, 2024/06/20, 12:19:27.581, 90485065135, vstest.console.dll, AssemblyResolver.OnResolve: Microsoft.VisualStudio.TestPlatform.Fakes: Resolving assembly.
TpTrace Information: 0 : 16688, 1, 2024/06/20, 12:19:27.581, 90485065655, vstest.console.dll, AssemblyResolver.OnResolve: Microsoft.VisualStudio.TestPlatform.Fakes: Searching in: 'C:\Program Files\dotnet\sdk\8.0.300\Extensions'.
TpTrace Information: 0 : 16688, 1, 2024/06/20, 12:19:27.581, 90485066406, vstest.console.dll, AssemblyResolver.OnResolve: Microsoft.VisualStudio.TestPlatform.Fakes: Assembly path does not exist: 'C:\Program Files\dotnet\sdk\8.0.300\Extensions\Microsoft.VisualStudio.TestPlatform.Fakes.dll', returning.
TpTrace Information: 0 : 16688, 1, 2024/06/20, 12:19:27.581, 90485066723, vstest.console.dll, AssemblyResolver.OnResolve: Microsoft.VisualStudio.TestPlatform.Fakes: Assembly path does not exist: 'C:\Program Files\dotnet\sdk\8.0.300\Extensions\Microsoft.VisualStudio.TestPlatform.Fakes.exe', returning.
TpTrace Information: 0 : 16688, 1, 2024/06/20, 12:19:27.581, 90485066877, vstest.console.dll, AssemblyResolver.OnResolve: Microsoft.VisualStudio.TestPlatform.Fakes: Searching in: 'C:\Program Files\dotnet\sdk\8.0.300'.
TpTrace Information: 0 : 16688, 1, 2024/06/20, 12:19:27.581, 90485067284, vstest.console.dll, AssemblyResolver.OnResolve: Microsoft.VisualStudio.TestPlatform.Fakes: Assembly path does not exist: 'C:\Program Files\dotnet\sdk\8.0.300\Microsoft.VisualStudio.TestPlatform.Fakes.dll', returning.
TpTrace Information: 0 : 16688, 1, 2024/06/20, 12:19:27.581, 90485067559, vstest.console.dll, AssemblyResolver.OnResolve: Microsoft.VisualStudio.TestPlatform.Fakes: Assembly path does not exist: 'C:\Program Files\dotnet\sdk\8.0.300\Microsoft.VisualStudio.TestPlatform.Fakes.exe', returning.
TpTrace Information: 0 : 16688, 1, 2024/06/20, 12:19:27.581, 90485067711, vstest.console.dll, AssemblyResolver.OnResolve: Microsoft.VisualStudio.TestPlatform.Fakes: Failed to load assembly.
TpTrace Information: 0 : 16688, 1, 2024/06/20, 12:19:27.581, 90485070208, vstest.console.dll, Failed to load assembly Microsoft.VisualStudio.TestPlatform.Fakes, Version=17.0.0.0, Culture=neutral. Reason:System.IO.FileNotFoundException: Could not load file or assembly 'Microsoft.VisualStudio.TestPlatform.Fakes, Version=17.0.0.0, Culture=neutral, PublicKeyToken=null'. The system cannot find the file specified.
File name: 'Microsoft.VisualStudio.TestPlatform.Fakes, Version=17.0.0.0, Culture=neutral, PublicKeyToken=null'
   at System.Reflection.RuntimeAssembly.InternalLoad(AssemblyName assemblyName, StackCrawlMark& stackMark, AssemblyLoadContext assemblyLoadContext, RuntimeAssembly requestingAssembly, Boolean throwOnFileNotFound)
   at System.Reflection.Assembly.Load(AssemblyName assemblyRef)
   at Microsoft.VisualStudio.TestPlatform.Common.Utilities.FakesUtilities.LoadTestPlatformAssembly() in /_/src/Microsoft.TestPlatform.Common/Utilities/FakesUtilities.cs:line 272
TpTrace Verbose: 0 : 16688, 1, 2024/06/20, 12:19:27.585, 90485107267, vstest.console.dll, TestPluginCache.DiscoverTestExtensions: finding test extensions in assemblies ends with: TestLogger.dll TPluginInfo: Microsoft.VisualStudio.TestPlatform.Common.ExtensionFramework.Utilities.TestLoggerPluginInformation TExtension: Microsoft.VisualStudio.TestPlatform.ObjectModel.Client.ITestLogger
TpTrace Verbose: 0 : 16688, 1, 2024/06/20, 12:19:27.585, 90485108225, vstest.console.dll, TestPluginCache.GetExtensionPaths: Filtered extension paths: 
TpTrace Verbose: 0 : 16688, 1, 2024/06/20, 12:19:27.585, 90485108424, vstest.console.dll, TestPluginCache.GetExtensionPaths: Added default extension paths: C:\Program Files\dotnet\sdk\8.0.300\Extensions\Microsoft.Diagnostics.NETCore.Client.dll
C:\Program Files\dotnet\sdk\8.0.300\Extensions\Microsoft.TestPlatform.Extensions.BlameDataCollector.dll
C:\Program Files\dotnet\sdk\8.0.300\Extensions\Microsoft.TestPlatform.Extensions.EventLogCollector.dll
C:\Program Files\dotnet\sdk\8.0.300\Extensions\Microsoft.TestPlatform.TestHostRuntimeProvider.dll
C:\Program Files\dotnet\sdk\8.0.300\Extensions\Microsoft.VisualStudio.TestPlatform.Extensions.Html.TestLogger.dll
C:\Program Files\dotnet\sdk\8.0.300\Extensions\Microsoft.VisualStudio.TestPlatform.Extensions.Trx.TestLogger.dll
TpTrace Verbose: 0 : 16688, 1, 2024/06/20, 12:19:27.585, 90485108579, vstest.console.dll, TestPluginCache.GetExtensionPaths: Added unfilterableExtensionPaths: 
TpTrace Information: 0 : 16688, 1, 2024/06/20, 12:19:27.585, 90485109527, vstest.console.dll, AssemblyResolver.AddSearchDirectories: Adding more searchDirectories C:\Program Files\dotnet\sdk\8.0.300\Extensions,C:\Program Files\dotnet\sdk\8.0.300
TpTrace Verbose: 0 : 16688, 1, 2024/06/20, 12:19:27.585, 90485109795, vstest.console.dll, TestPluginCache.DiscoverTestExtensions: Discovering the extensions using extension path.
TpTrace Verbose: 0 : 16688, 1, 2024/06/20, 12:19:27.585, 90485109979, vstest.console.dll, TestPluginCache.GetExtensionPaths: Filtered extension paths: 
TpTrace Verbose: 0 : 16688, 1, 2024/06/20, 12:19:27.585, 90485110161, vstest.console.dll, TestPluginCache.GetExtensionPaths: Added default extension paths: C:\Program Files\dotnet\sdk\8.0.300\Extensions\Microsoft.Diagnostics.NETCore.Client.dll
C:\Program Files\dotnet\sdk\8.0.300\Extensions\Microsoft.TestPlatform.Extensions.BlameDataCollector.dll
C:\Program Files\dotnet\sdk\8.0.300\Extensions\Microsoft.TestPlatform.Extensions.EventLogCollector.dll
C:\Program Files\dotnet\sdk\8.0.300\Extensions\Microsoft.TestPlatform.TestHostRuntimeProvider.dll
C:\Program Files\dotnet\sdk\8.0.300\Extensions\Microsoft.VisualStudio.TestPlatform.Extensions.Html.TestLogger.dll
C:\Program Files\dotnet\sdk\8.0.300\Extensions\Microsoft.VisualStudio.TestPlatform.Extensions.Trx.TestLogger.dll
TpTrace Verbose: 0 : 16688, 1, 2024/06/20, 12:19:27.585, 90485110295, vstest.console.dll, TestPluginCache.GetExtensionPaths: Added unfilterableExtensionPaths: 
TpTrace Verbose: 0 : 16688, 1, 2024/06/20, 12:19:27.585, 90485110445, vstest.console.dll, TestPluginCache.DiscoverTestExtensions: Discovering the extensions using allExtensionPaths: C:\Program Files\dotnet\sdk\8.0.300\Extensions\Microsoft.Diagnostics.NETCore.Client.dll
C:\Program Files\dotnet\sdk\8.0.300\Extensions\Microsoft.TestPlatform.Extensions.BlameDataCollector.dll
C:\Program Files\dotnet\sdk\8.0.300\Extensions\Microsoft.TestPlatform.Extensions.EventLogCollector.dll
C:\Program Files\dotnet\sdk\8.0.300\Extensions\Microsoft.TestPlatform.TestHostRuntimeProvider.dll
C:\Program Files\dotnet\sdk\8.0.300\Extensions\Microsoft.VisualStudio.TestPlatform.Extensions.Html.TestLogger.dll
C:\Program Files\dotnet\sdk\8.0.300\Extensions\Microsoft.VisualStudio.TestPlatform.Extensions.Trx.TestLogger.dll
TpTrace Information: 0 : 16688, 1, 2024/06/20, 12:19:27.585, 90485111086, vstest.console.dll, AssemblyResolver.AddSearchDirectories: Adding more searchDirectories C:\Program Files\dotnet\sdk\8.0.300\Extensions,C:\Program Files\dotnet\sdk\8.0.300
TpTrace Information: 0 : 16688, 1, 2024/06/20, 12:19:27.585, 90485111322, vstest.console.dll, AssemblyResolver.AddSearchDirectories: Adding more searchDirectories C:\Program Files\dotnet\sdk\8.0.300\Extensions,C:\Program Files\dotnet\sdk\8.0.300
TpTrace Information: 0 : 16688, 1, 2024/06/20, 12:19:27.585, 90485111465, vstest.console.dll, AssemblyResolver.AddSearchDirectories: Adding more searchDirectories C:\Program Files\dotnet\sdk\8.0.300\Extensions,C:\Program Files\dotnet\sdk\8.0.300
TpTrace Information: 0 : 16688, 1, 2024/06/20, 12:19:27.585, 90485111620, vstest.console.dll, AssemblyResolver.AddSearchDirectories: Adding more searchDirectories C:\Program Files\dotnet\sdk\8.0.300\Extensions,C:\Program Files\dotnet\sdk\8.0.300
TpTrace Information: 0 : 16688, 1, 2024/06/20, 12:19:27.585, 90485111795, vstest.console.dll, AssemblyResolver.AddSearchDirectories: Adding more searchDirectories C:\Program Files\dotnet\sdk\8.0.300\Extensions,C:\Program Files\dotnet\sdk\8.0.300
TpTrace Information: 0 : 16688, 1, 2024/06/20, 12:19:27.585, 90485111945, vstest.console.dll, AssemblyResolver.AddSearchDirectories: Adding more searchDirectories C:\Program Files\dotnet\sdk\8.0.300\Extensions,C:\Program Files\dotnet\sdk\8.0.300
TpTrace Verbose: 0 : 16688, 1, 2024/06/20, 12:19:27.585, 90485112668, vstest.console.dll, MetadataReaderExtensionsHelper: Discovering extensions inside assembly 'Microsoft.Diagnostics.NETCore.Client, Version=0.2.10.15101, Culture=neutral, PublicKeyToken=31bf3856ad364e35' file path 'C:\Program Files\dotnet\sdk\8.0.300\Extensions\Microsoft.Diagnostics.NETCore.Client.dll'
TpTrace Information: 0 : 16688, 1, 2024/06/20, 12:19:27.586, 90485120244, vstest.console.dll, AssemblyResolver.OnResolve: Microsoft.Bcl.AsyncInterfaces: Resolving assembly.
TpTrace Information: 0 : 16688, 1, 2024/06/20, 12:19:27.586, 90485120948, vstest.console.dll, AssemblyResolver.OnResolve: Microsoft.Bcl.AsyncInterfaces: Resolved from cache.
TpTrace Verbose: 0 : 16688, 1, 2024/06/20, 12:19:27.586, 90485121109, vstest.console.dll, CurrentDomainAssemblyResolve: Resolving assembly 'Microsoft.Bcl.AsyncInterfaces'.
TpTrace Information: 0 : 16688, 1, 2024/06/20, 12:19:27.586, 90485121488, vstest.console.dll, AssemblyResolver.OnResolve: Microsoft.Bcl.AsyncInterfaces: Resolving assembly.
TpTrace Information: 0 : 16688, 1, 2024/06/20, 12:19:27.586, 90485121669, vstest.console.dll, AssemblyResolver.OnResolve: Microsoft.Bcl.AsyncInterfaces: Resolved from cache.
TpTrace Verbose: 0 : 16688, 1, 2024/06/20, 12:19:27.586, 90485121806, vstest.console.dll, CurrentDomainAssemblyResolve: Resolving assembly 'Microsoft.Bcl.AsyncInterfaces'.
TpTrace Verbose: 0 : 16688, 1, 2024/06/20, 12:19:27.586, 90485122065, vstest.console.dll, CurrentDomainAssemblyResolve: Failed to resolve assembly 'Microsoft.Bcl.AsyncInterfaces'.
TpTrace Verbose: 0 : 16688, 1, 2024/06/20, 12:19:27.586, 90485123014, vstest.console.dll, CurrentDomainAssemblyResolve: Failed to resolve assembly 'Microsoft.Bcl.AsyncInterfaces'.
TpTrace Warning: 0 : 16688, 1, 2024/06/20, 12:19:27.587, 90485125364, vstest.console.dll, TestPluginDiscoverer: Failed to get types from assembly 'Microsoft.Diagnostics.NETCore.Client, Version=0.2.10.15101, Culture=neutral, PublicKeyToken=31bf3856ad364e35'. Error: System.Reflection.ReflectionTypeLoadException: Unable to load one or more of the requested types.
Could not load file or assembly 'Microsoft.Bcl.AsyncInterfaces, Version=6.0.0.0, Culture=neutral, PublicKeyToken=cc7b13ffcd2ddd51'. The system cannot find the file specified.
   at System.Reflection.RuntimeModule.GetTypes(RuntimeModule module)
   at System.Reflection.RuntimeModule.GetTypes()
   at Microsoft.VisualStudio.TestPlatform.Common.ExtensionFramework.TestPluginDiscoverer.GetTestExtensionsFromAssembly[TPluginInfo,TExtension](Assembly assembly, Dictionary`2 pluginInfos, String filePath) in /_/src/Microsoft.TestPlatform.Common/ExtensionFramework/TestPluginDiscoverer.cs:line 158
System.IO.FileNotFoundException: Could not load file or assembly 'Microsoft.Bcl.AsyncInterfaces, Version=6.0.0.0, Culture=neutral, PublicKeyToken=cc7b13ffcd2ddd51'. The system cannot find the file specified.
File name: 'Microsoft.Bcl.AsyncInterfaces, Version=6.0.0.0, Culture=neutral, PublicKeyToken=cc7b13ffcd2ddd51'
 ---> System.IO.FileNotFoundException: Could not load file or assembly 'Microsoft.Bcl.AsyncInterfaces, Culture=neutral, PublicKeyToken=null'. The system cannot find the file specified.
File name: 'Microsoft.Bcl.AsyncInterfaces, Culture=neutral, PublicKeyToken=null'
   at System.Reflection.RuntimeAssembly.InternalLoad(AssemblyName assemblyName, StackCrawlMark& stackMark, AssemblyLoadContext assemblyLoadContext, RuntimeAssembly requestingAssembly, Boolean throwOnFileNotFound)
   at System.Reflection.Assembly.Load(AssemblyName assemblyRef)
   at Microsoft.VisualStudio.TestPlatform.Common.ExtensionFramework.TestPluginCache.CurrentDomainAssemblyResolve(Object sender, AssemblyResolveEventArgs args) in /_/src/Microsoft.TestPlatform.Common/ExtensionFramework/TestPluginCache.cs:line 513
   at System.Runtime.Loader.AssemblyLoadContext.GetFirstResolvedAssemblyFromResolvingEvent(AssemblyName assemblyName)
   at System.Runtime.Loader.AssemblyLoadContext.ResolveUsingEvent(AssemblyName assemblyName)
   at System.Runtime.Loader.AssemblyLoadContext.ResolveUsingResolvingEvent(IntPtr gchManagedAssemblyLoadContext, AssemblyName assemblyName)
TpTrace Warning: 0 : 16688, 1, 2024/06/20, 12:19:27.587, 90485126361, vstest.console.dll, LoaderExceptions: System.IO.FileNotFoundException: Could not load file or assembly 'Microsoft.Bcl.AsyncInterfaces, Version=6.0.0.0, Culture=neutral, PublicKeyToken=cc7b13ffcd2ddd51'. The system cannot find the file specified.
File name: 'Microsoft.Bcl.AsyncInterfaces, Version=6.0.0.0, Culture=neutral, PublicKeyToken=cc7b13ffcd2ddd51'
 ---> System.IO.FileNotFoundException: Could not load file or assembly 'Microsoft.Bcl.AsyncInterfaces, Culture=neutral, PublicKeyToken=null'. The system cannot find the file specified.
File name: 'Microsoft.Bcl.AsyncInterfaces, Culture=neutral, PublicKeyToken=null'
   at System.Reflection.RuntimeAssembly.InternalLoad(AssemblyName assemblyName, StackCrawlMark& stackMark, AssemblyLoadContext assemblyLoadContext, RuntimeAssembly requestingAssembly, Boolean throwOnFileNotFound)
   at System.Reflection.Assembly.Load(AssemblyName assemblyRef)
   at Microsoft.VisualStudio.TestPlatform.Common.ExtensionFramework.TestPluginCache.CurrentDomainAssemblyResolve(Object sender, AssemblyResolveEventArgs args) in /_/src/Microsoft.TestPlatform.Common/ExtensionFramework/TestPluginCache.cs:line 513
   at System.Runtime.Loader.AssemblyLoadContext.GetFirstResolvedAssemblyFromResolvingEvent(AssemblyName assemblyName)
   at System.Runtime.Loader.AssemblyLoadContext.ResolveUsingEvent(AssemblyName assemblyName)
   at System.Runtime.Loader.AssemblyLoadContext.ResolveUsingResolvingEvent(IntPtr gchManagedAssemblyLoadContext, AssemblyName assemblyName)
TpTrace Verbose: 0 : 16688, 1, 2024/06/20, 12:19:27.587, 90485126874, vstest.console.dll, MetadataReaderExtensionsHelper: Discovering extensions inside assembly 'Microsoft.TestPlatform.Extensions.BlameDataCollector, Version=15.0.0.0, Culture=neutral, PublicKeyToken=b03f5f7f11d50a3a' file path 'C:\Program Files\dotnet\sdk\8.0.300\Extensions\Microsoft.TestPlatform.Extensions.BlameDataCollector.dll'
TpTrace Information: 0 : 16688, 1, 2024/06/20, 12:19:27.587, 90485131489, vstest.console.dll, GetTestExtensionFromType: Register extension with identifier data 'logger://Microsoft/TestPlatform/Extensions/Blame/v1' and type 'Microsoft.TestPlatform.Extensions.BlameDataCollector.BlameLogger, Microsoft.TestPlatform.Extensions.BlameDataCollector, Version=15.0.0.0, Culture=neutral, PublicKeyToken=b03f5f7f11d50a3a' inside file 'C:\Program Files\dotnet\sdk\8.0.300\Extensions\Microsoft.TestPlatform.Extensions.BlameDataCollector.dll'
TpTrace Verbose: 0 : 16688, 1, 2024/06/20, 12:19:27.587, 90485132117, vstest.console.dll, MetadataReaderExtensionsHelper: Discovering extensions inside assembly 'Microsoft.TestPlatform.Extensions.EventLogCollector, Version=15.0.0.0, Culture=neutral, PublicKeyToken=b03f5f7f11d50a3a' file path 'C:\Program Files\dotnet\sdk\8.0.300\Extensions\Microsoft.TestPlatform.Extensions.EventLogCollector.dll'
TpTrace Verbose: 0 : 16688, 1, 2024/06/20, 12:19:27.588, 90485134768, vstest.console.dll, MetadataReaderExtensionsHelper: Discovering extensions inside assembly 'Microsoft.TestPlatform.TestHostRuntimeProvider, Version=15.0.0.0, Culture=neutral, PublicKeyToken=b03f5f7f11d50a3a' file path 'C:\Program Files\dotnet\sdk\8.0.300\Extensions\Microsoft.TestPlatform.TestHostRuntimeProvider.dll'
TpTrace Verbose: 0 : 16688, 1, 2024/06/20, 12:19:27.588, 90485137608, vstest.console.dll, MetadataReaderExtensionsHelper: Discovering extensions inside assembly 'Microsoft.VisualStudio.TestPlatform.Extensions.Html.TestLogger, Version=15.0.0.0, Culture=neutral, PublicKeyToken=b03f5f7f11d50a3a' file path 'C:\Program Files\dotnet\sdk\8.0.300\Extensions\Microsoft.VisualStudio.TestPlatform.Extensions.Html.TestLogger.dll'
TpTrace Information: 0 : 16688, 1, 2024/06/20, 12:19:27.588, 90485142466, vstest.console.dll, GetTestExtensionFromType: Register extension with identifier data 'logger://Microsoft/TestPlatform/HtmlLogger/v1' and type 'Microsoft.VisualStudio.TestPlatform.Extensions.HtmlLogger.HtmlLogger, Microsoft.VisualStudio.TestPlatform.Extensions.Html.TestLogger, Version=15.0.0.0, Culture=neutral, PublicKeyToken=b03f5f7f11d50a3a' inside file 'C:\Program Files\dotnet\sdk\8.0.300\Extensions\Microsoft.VisualStudio.TestPlatform.Extensions.Html.TestLogger.dll'
TpTrace Verbose: 0 : 16688, 1, 2024/06/20, 12:19:27.588, 90485142921, vstest.console.dll, MetadataReaderExtensionsHelper: Discovering extensions inside assembly 'Microsoft.VisualStudio.TestPlatform.Extensions.Trx.TestLogger, Version=15.0.0.0, Culture=neutral, PublicKeyToken=b03f5f7f11d50a3a' file path 'C:\Program Files\dotnet\sdk\8.0.300\Extensions\Microsoft.VisualStudio.TestPlatform.Extensions.Trx.TestLogger.dll'
TpTrace Information: 0 : 16688, 1, 2024/06/20, 12:19:27.589, 90485145637, vstest.console.dll, GetTestExtensionFromType: Register extension with identifier data 'logger://Microsoft/TestPlatform/TrxLogger/v1' and type 'Microsoft.VisualStudio.TestPlatform.Extensions.TrxLogger.TrxLogger, Microsoft.VisualStudio.TestPlatform.Extensions.Trx.TestLogger, Version=15.0.0.0, Culture=neutral, PublicKeyToken=b03f5f7f11d50a3a' inside file 'C:\Program Files\dotnet\sdk\8.0.300\Extensions\Microsoft.VisualStudio.TestPlatform.Extensions.Trx.TestLogger.dll'
TpTrace Verbose: 0 : 16688, 1, 2024/06/20, 12:19:27.589, 90485146107, vstest.console.dll, TestPluginCache: Discovered the extensions using extension path ''.
TpTrace Verbose: 0 : 16688, 1, 2024/06/20, 12:19:27.589, 90485146275, vstest.console.dll, TestPluginCache: Discoverers are ''.
TpTrace Verbose: 0 : 16688, 1, 2024/06/20, 12:19:27.589, 90485146408, vstest.console.dll, TestPluginCache: Executors are ''.
TpTrace Verbose: 0 : 16688, 1, 2024/06/20, 12:19:27.589, 90485146538, vstest.console.dll, TestPluginCache: Executors2 are ''.
TpTrace Verbose: 0 : 16688, 1, 2024/06/20, 12:19:27.589, 90485146665, vstest.console.dll, TestPluginCache: Setting providers are ''.
TpTrace Verbose: 0 : 16688, 1, 2024/06/20, 12:19:27.589, 90485147139, vstest.console.dll, TestPluginCache: Loggers are 'logger://Microsoft/TestPlatform/Extensions/Blame/v1,logger://Microsoft/TestPlatform/HtmlLogger/v1,logger://Microsoft/TestPlatform/TrxLogger/v1'.
TpTrace Verbose: 0 : 16688, 1, 2024/06/20, 12:19:27.589, 90485147438, vstest.console.dll, TestPluginCache: TestHosts are 'HostProvider://DefaultTestHost,HostProvider://DotnetTestHost'.
TpTrace Verbose: 0 : 16688, 1, 2024/06/20, 12:19:27.589, 90485147598, vstest.console.dll, TestPluginCache: DataCollectors are ''.
TpTrace Information: 0 : 16688, 1, 2024/06/20, 12:19:27.590, 90485153875, vstest.console.dll, TestPluginManager.CreateTestExtension: Attempting to load test extension: Microsoft.TestPlatform.Extensions.BlameDataCollector.BlameLogger
TpTrace Verbose: 0 : 16688, 1, 2024/06/20, 12:19:27.596, 90485215468, vstest.console.dll, TestEngine: Initializing Parallel Execution as MaxCpuCount is set to: 1
TpTrace Information: 0 : 16688, 1, 2024/06/20, 12:19:27.597, 90485226597, vstest.console.dll, TestPluginManager.CreateTestExtension: Attempting to load test extension: Microsoft.VisualStudio.TestPlatform.CrossPlatEngine.Hosting.DefaultTestHostManager
TpTrace Information: 0 : 16688, 1, 2024/06/20, 12:19:27.598, 90485236205, vstest.console.dll, TestPluginManager.CreateTestExtension: Attempting to load test extension: Microsoft.VisualStudio.TestPlatform.CrossPlatEngine.Hosting.DotnetTestHostManager
TpTrace Information: 0 : 16688, 1, 2024/06/20, 12:19:27.598, 90485240095, vstest.console.dll, InferRunSettingsHelper.IsTestSettingsEnabled: Unable to navigate to RunSettings/MSTest. Current node: RunSettings
TpTrace Verbose: 0 : 16688, 1, 2024/06/20, 12:19:27.599, 90485243524, vstest.console.dll, ParallelOperationManager.ClearSlots: Clearing all slots. Slots should accept more work: True
TpTrace Verbose: 0 : 16688, 1, 2024/06/20, 12:19:27.599, 90485247827, vstest.console.dll, ParallelOperationManager.SetOccupiedSlotCount: Setting slot counts AvailableSlotCount = 1, OccupiedSlotCount = 0.
TpTrace Verbose: 0 : 16688, 1, 2024/06/20, 12:19:27.599, 90485249966, vstest.console.dll, Occupied slots:

TpTrace Verbose: 0 : 16688, 1, 2024/06/20, 12:19:27.601, 90485271579, vstest.console.dll, TestEngine.GetExecutionManager: Chosen execution manager 'Microsoft.VisualStudio.TestPlatform.CrossPlatEngine.Client.Parallel.ParallelProxyExecutionManager, Microsoft.TestPlatform.CrossPlatEngine, Version=15.0.0.0, Culture=neutral, PublicKeyToken=b03f5f7f11d50a3a' ParallelLevel '1'.
TpTrace Verbose: 0 : 16688, 1, 2024/06/20, 12:19:27.601, 90485272556, vstest.console.dll, TestRunRequest.ExecuteAsync: Creating test run request.
TpTrace Verbose: 0 : 16688, 1, 2024/06/20, 12:19:27.602, 90485274050, vstest.console.dll, TestRunRequest.ExecuteAsync: Starting.
TpTrace Information: 0 : 16688, 1, 2024/06/20, 12:19:27.602, 90485281840, vstest.console.dll, TestRunRequest.ExecuteAsync: Starting run with settings:TestRunCriteria:
   KeepAlive=False,FrequencyOfRunStatsChangeEvent=10,RunStatsChangeEventTimeout=00:00:01.5000000,TestCaseFilter=,TestExecutorLauncher=
   Settingsxml=<RunSettings>
  <RunConfiguration>
    <ResultsDirectory>C:\Repos\Horizon-Feb2024\PhoneBookApp\ClientApplicationCoreTests\bin\Debug\net6.0\fine-code-coverage\coverage-tool-output</ResultsDirectory>
    <TargetPlatform>X64</TargetPlatform>
    <TargetFrameworkVersion>.NETCoreApp,Version=v6.0</TargetFrameworkVersion>
    <DesignMode>False</DesignMode>
    <CollectSourceInformation>False</CollectSourceInformation>
  </RunConfiguration>
  <LoggerRunSettings>
    <Loggers>
      <Logger friendlyName="blame" enabled="True" />
      <Logger friendlyName="Console" uri="logger://microsoft/TestPlatform/ConsoleLogger/v1" assemblyQualifiedName="Microsoft.VisualStudio.TestPlatform.CommandLine.Internal.ConsoleLogger, vstest.console, Version=15.0.0.0, Culture=neutral, PublicKeyToken=b03f5f7f11d50a3a" codeBase="C:\Program Files\dotnet\sdk\8.0.300\vstest.console.dll" enabled="True" />
    </Loggers>
  </LoggerRunSettings>
  <DataCollectionRunSettings>
    <DataCollectors>
      <DataCollector friendlyName="blame" enabled="True">
        <Configuration>
          <ResultsDirectory>C:\Repos\Horizon-Feb2024\PhoneBookApp\ClientApplicationCoreTests\bin\Debug\net6.0\fine-code-coverage\coverage-tool-output</ResultsDirectory>
        </Configuration>
      </DataCollector>
    </DataCollectors>
  </DataCollectionRunSettings>
</RunSettings>

TpTrace Verbose: 0 : 16688, 1, 2024/06/20, 12:19:27.602, 90485282254, vstest.console.dll, TestRunRequest.ExecuteAsync: Wait for the first run request is over.
TpTrace Verbose: 0 : 16688, 1, 2024/06/20, 12:19:27.603, 90485284094, vstest.console.dll, MulticastDelegateUtilities.SafeInvoke: TestRun.TestRunStart: Invoking callbacks was skipped because there are no subscribers.
TpTrace Verbose: 0 : 16688, 4, 2024/06/20, 12:19:27.603, 90485286625, vstest.console.dll, MulticastDelegateUtilities.SafeInvoke: InternalTestLoggerEvents.SendTestRunStart: Invoking callback 1/1 for Microsoft.VisualStudio.TestPlatform.CommandLine.Internal.ConsoleLogger., took 0 ms.
TpTrace Verbose: 0 : 16688, 1, 2024/06/20, 12:19:27.603, 90485290974, vstest.console.dll, ParallelProxyExecutionManager: Start execution. Total sources: 1
TpTrace Verbose: 0 : 16688, 1, 2024/06/20, 12:19:27.604, 90485293749, vstest.console.dll, ParallelOperationManager.StartWork: Starting adding 1 workloads.
TpTrace Verbose: 0 : 16688, 1, 2024/06/20, 12:19:27.604, 90485294265, vstest.console.dll, ParallelOperationManager.ClearSlots: Clearing all slots. Slots should accept more work: True
TpTrace Verbose: 0 : 16688, 1, 2024/06/20, 12:19:27.604, 90485294708, vstest.console.dll, ParallelOperationManager.SetOccupiedSlotCount: Setting slot counts AvailableSlotCount = 1, OccupiedSlotCount = 0.
TpTrace Verbose: 0 : 16688, 1, 2024/06/20, 12:19:27.604, 90485295107, vstest.console.dll, Occupied slots:

TpTrace Verbose: 0 : 16688, 1, 2024/06/20, 12:19:27.606, 90485316477, vstest.console.dll, TestRequestSender is acting as server.
TpTrace Verbose: 0 : 16688, 1, 2024/06/20, 12:19:27.607, 90485325185, vstest.console.dll, ParallelOperationManager.RunWorkInParallel: Adding 1 workload to slot, remaining workloads 0.
TpTrace Verbose: 0 : 16688, 1, 2024/06/20, 12:19:27.607, 90485325751, vstest.console.dll, ParallelOperationManager.SetOccupiedSlotCount: Setting slot counts AvailableSlotCount = 0, OccupiedSlotCount = 1.
TpTrace Verbose: 0 : 16688, 1, 2024/06/20, 12:19:27.607, 90485326561, vstest.console.dll, Occupied slots:
0: C:\Repos\Horizon-Feb2024\PhoneBookApp\ClientApplicationCoreTests\bin\Debug\net6.0\fine-code-coverage\build-output\ClientApplicationCoreTests.dll
TpTrace Verbose: 0 : 16688, 1, 2024/06/20, 12:19:27.608, 90485334321, vstest.console.dll, ParallelOperationManager.RunWorkInParallel: Started host in slot number 0 for work (source): C:\Repos\Horizon-Feb2024\PhoneBookApp\ClientApplicationCoreTests\bin\Debug\net6.0\fine-code-coverage\build-output\ClientApplicationCoreTests.dll.
TpTrace Verbose: 0 : 16688, 1, 2024/06/20, 12:19:27.608, 90485343183, vstest.console.dll, ParallelOperationManager.RunWorkInParallel: We started 1 work items, which is the max parallel level. Won't start more work.
TpTrace Verbose: 0 : 16688, 1, 2024/06/20, 12:19:27.609, 90485343552, vstest.console.dll, ParallelOperationManager.RunWorkInParallel: We started 1 work items in here, returning True.
TpTrace Information: 0 : 16688, 1, 2024/06/20, 12:19:27.609, 90485343750, vstest.console.dll, TestRunRequest.ExecuteAsync: Started.
TpTrace Verbose: 0 : 16688, 5, 2024/06/20, 12:19:27.609, 90485343991, vstest.console.dll, ParallelProxyExecutionManager.StartTestRunOnConcurrentManager: Initializing uninitialized client. Started clients: 0
TpTrace Verbose: 0 : 16688, 5, 2024/06/20, 12:19:27.609, 90485345207, vstest.console.dll, DataCollectionRequestSender.InitializeCommunication : Initialize communication. 
TpTrace Verbose: 0 : 16688, 1, 2024/06/20, 12:19:27.609, 90485347778, vstest.console.dll, TestRunRequest.WaitForCompletion: Waiting with timeout -1.
TpTrace Information: 0 : 16688, 5, 2024/06/20, 12:19:27.616, 90485420293, vstest.console.dll, Listening on Endpoint : 127.0.0.1:59750
TpTrace Verbose: 0 : 16688, 5, 2024/06/20, 12:19:27.621, 90485465085, vstest.console.dll, DotnetDataCollectionLauncher: Adding  --runtimeconfig "C:\Program Files\dotnet\sdk\8.0.300\datacollector.runtimeconfig.json" in args
TpTrace Verbose: 0 : 16688, 5, 2024/06/20, 12:19:27.621, 90485466032, vstest.console.dll, DotnetDataCollectionLauncher: Adding  --depsfile "C:\Program Files\dotnet\sdk\8.0.300\datacollector.deps.json" in args
TpTrace Verbose: 0 : 16688, 5, 2024/06/20, 12:19:27.621, 90485466920, vstest.console.dll, DotnetDataCollectionLauncher: Full path of dotnet.exe is C:\Program Files\dotnet\dotnet.exe
TpTrace Information: 0 : 16688, 5, 2024/06/20, 12:19:27.627, 90485529179, vstest.console.dll, ProxyDataCollectionManager.Initialize: Launched datacollector processId: 22040 port: 59750
TpTrace Information: 0 : 16688, 5, 2024/06/20, 12:19:27.627, 90485530806, vstest.console.dll, ProxyDataCollectionManager.Initialize: waiting for connection with timeout: 90 seconds
TpTrace Verbose: 0 : 16688, 5, 2024/06/20, 12:19:27.627, 90485531334, vstest.console.dll, DataCollectionRequestSender.WaitForRequestHandlerConnection : Waiting for connection with timeout: 90000
TpTrace Information: 0 : 16688, 7, 2024/06/20, 12:19:27.774, 90487002686, vstest.console.dll, Using the buffer size of 16384 bytes
TpTrace Information: 0 : 16688, 7, 2024/06/20, 12:19:27.775, 90487003968, vstest.console.dll, Accepted Client request and set the flag
TpTrace Verbose: 0 : 16688, 5, 2024/06/20, 12:19:27.775, 90487003555, vstest.console.dll, SocketCommunicationManager.WaitForClientConnection took: 147 ms, with 90000 ms timeout, and finished with True.
TpTrace Verbose: 0 : 16688, 5, 2024/06/20, 12:19:27.775, 90487005455, vstest.console.dll, ProxyDataCollectionManager.InvokeDataCollectionServiceAction: Starting.
TpTrace Information: 0 : 16688, 5, 2024/06/20, 12:19:27.775, 90487005981, vstest.console.dll, ProxyDataCollectionManager.BeforeTestRunStart: Get environment variable and port for datacollector processId: 22040 port: 59750
TpTrace Verbose: 0 : 16688, 5, 2024/06/20, 12:19:27.775, 90487006611, vstest.console.dll, DataCollectionRequestSender.SendBeforeTestRunStartAndGetResult: Send BeforeTestRunStart message with settingsXml <RunSettings><RunConfiguration><ResultsDirectory>C:\Repos\Horizon-Feb2024\PhoneBookApp\ClientApplicationCoreTests\bin\Debug\net6.0\fine-code-coverage\coverage-tool-output</ResultsDirectory><TargetPlatform>X64</TargetPlatform><TargetFrameworkVersion>.NETCoreApp,Version=v6.0</TargetFrameworkVersion><DesignMode>False</DesignMode><CollectSourceInformation>False</CollectSourceInformation><TestAdaptersPaths>C:\Program Files\dotnet\sdk\8.0.300\Extensions</TestAdaptersPaths></RunConfiguration><LoggerRunSettings><Loggers><Logger friendlyName="blame" enabled="True" /><Logger friendlyName="Console" uri="logger://microsoft/TestPlatform/ConsoleLogger/v1" assemblyQualifiedName="Microsoft.VisualStudio.TestPlatform.CommandLine.Internal.ConsoleLogger, vstest.console, Version=15.0.0.0, Culture=neutral, PublicKeyToken=b03f5f7f11d50a3a" codeBase="C:\Program Files\dotnet\sdk\8.0.300\vstest.console.dll" enabled="True" /></Loggers></LoggerRunSettings><DataCollectionRunSettings><DataCollectors><DataCollector friendlyName="blame" enabled="True"><Configuration><ResultsDirectory>C:\Repos\Horizon-Feb2024\PhoneBookApp\ClientApplicationCoreTests\bin\Debug\net6.0\fine-code-coverage\coverage-tool-output</ResultsDirectory></Configuration></DataCollector></DataCollectors></DataCollectionRunSettings></RunSettings> and sources System.Collections.Generic.List`1[System.String]: 
TpTrace Verbose: 0 : 16688, 5, 2024/06/20, 12:19:27.824, 90487495172, vstest.console.dll, DataCollectionRequestSender.SendBeforeTestRunStartAndGetResult: Received message: (DataCollection.SendMessage) -> {"MessageType":"DataCollection.SendMessage","Payload":{"FriendlyName":null,"Uri":null,"TestCaseId":"00000000-0000-0000-0000-000000000000","Message":"Logging DataCollector Diagnostics in file: C:\\Repos\\Horizon-Feb2024\\PhoneBookApp\\ClientApplicationCoreTests\\bin\\Debug\\net6.0\\fine-code-coverage\\coverage-tool-output\\diagnostics.datacollector.24-06-20_12-19-27_62099_5.log","Level":0}}
TpTrace Verbose: 0 : 16688, 5, 2024/06/20, 12:19:27.906, 90488321797, vstest.console.dll, DataCollectionRequestSender.SendBeforeTestRunStartAndGetResult: Received message: (DataCollection.BeforeTestRunStartResult) -> {"MessageType":"DataCollection.BeforeTestRunStartResult","Payload":{"EnvironmentVariables":{},"DataCollectionEventsPort":59752}}
TpTrace Information: 0 : 16688, 5, 2024/06/20, 12:19:27.909, 90488350531, vstest.console.dll, ProxyDataCollectionManager.BeforeTestRunStart: SendBeforeTestRunStartAndGetResult successful, env variable from datacollector:   and testhost port: 59752
TpTrace Information: 0 : 16688, 5, 2024/06/20, 12:19:27.909, 90488351567, vstest.console.dll, ProxyDataCollectionManager.InvokeDataCollectionServiceAction: Completed.
TpTrace Verbose: 0 : 16688, 5, 2024/06/20, 12:19:27.909, 90488351989, vstest.console.dll, ParallelProxyExecutionManager.StartTestRunOnConcurrentManager: Initializing test run. Started clients: 0
TpTrace Verbose: 0 : 16688, 5, 2024/06/20, 12:19:27.910, 90488353401, vstest.console.dll, ProxyExecutionManager: Test host is always Lazy initialize.
TpTrace Verbose: 0 : 16688, 5, 2024/06/20, 12:19:27.910, 90488354868, vstest.console.dll, TestRequestSender.InitializeCommunication: initialize communication. 
TpTrace Information: 0 : 16688, 5, 2024/06/20, 12:19:27.911, 90488373079, vstest.console.dll, SocketServer.Start: Listening on endpoint : 127.0.0.1:59753
TpTrace Verbose: 0 : 16688, 5, 2024/06/20, 12:19:27.912, 90488378420, vstest.console.dll, DotnetTestHostmanager.GetTestHostProcessStartInfo: Platform environment 'X64' target architecture 'X64' framework '.NETCoreApp,Version=v6.0' OS 'Windows'
TpTrace Verbose: 0 : 16688, 5, 2024/06/20, 12:19:27.912, 90488380193, vstest.console.dll, DotnetTestHostmanager: Adding  --runtimeconfig "C:\Repos\Horizon-Feb2024\PhoneBookApp\ClientApplicationCoreTests\bin\Debug\net6.0\fine-code-coverage\build-output\ClientApplicationCoreTests.runtimeconfig.json" in args
TpTrace Verbose: 0 : 16688, 5, 2024/06/20, 12:19:27.912, 90488380909, vstest.console.dll, DotnetTestHostmanager: Adding  --depsfile "C:\Repos\Horizon-Feb2024\PhoneBookApp\ClientApplicationCoreTests\bin\Debug\net6.0\fine-code-coverage\build-output\ClientApplicationCoreTests.deps.json" in args
TpTrace Verbose: 0 : 16688, 5, 2024/06/20, 12:19:27.912, 90488383080, vstest.console.dll, DotnetTestHostmanager.IsWinOnArm: Current PROCESSOR_ARCHITECTURE from environment variable 'AMD64'
TpTrace Verbose: 0 : 16688, 5, 2024/06/20, 12:19:27.913, 90488383512, vstest.console.dll, DotnetTestHostmanager.IsWinOnArm: Is Windows on ARM 'False'
TpTrace Verbose: 0 : 16688, 5, 2024/06/20, 12:19:27.913, 90488384077, vstest.console.dll, DotnetTestHostManager: testhost.exe found at path: C:\Repos\Horizon-Feb2024\PhoneBookApp\ClientApplicationCoreTests\bin\Debug\net6.0\fine-code-coverage\build-output\testhost.exe
TpTrace Verbose: 0 : 16688, 5, 2024/06/20, 12:19:27.913, 90488384338, vstest.console.dll, DotnetTestHostmanager: Full path of host exe is C:\Repos\Horizon-Feb2024\PhoneBookApp\ClientApplicationCoreTests\bin\Debug\net6.0\fine-code-coverage\build-output\testhost.exe
TpTrace Verbose: 0 : 16688, 5, 2024/06/20, 12:19:27.913, 90488385276, vstest.console.dll, DotnetTestHostmanager.LaunchTestHostAsync: Found 'VSTEST_WINAPPHOST_DOTNET_ROOT' in env variables, value 'C:\Program Files\dotnet', forwarding to 'DOTNET_ROOT'
TpTrace Verbose: 0 : 16688, 5, 2024/06/20, 12:19:27.913, 90488386213, vstest.console.dll, DotnetTestHostManager: Starting process 'C:\Repos\Horizon-Feb2024\PhoneBookApp\ClientApplicationCoreTests\bin\Debug\net6.0\fine-code-coverage\build-output\testhost.exe' with command line ' --runtimeconfig "C:\Repos\Horizon-Feb2024\PhoneBookApp\ClientApplicationCoreTests\bin\Debug\net6.0\fine-code-coverage\build-output\ClientApplicationCoreTests.runtimeconfig.json" --depsfile "C:\Repos\Horizon-Feb2024\PhoneBookApp\ClientApplicationCoreTests\bin\Debug\net6.0\fine-code-coverage\build-output\ClientApplicationCoreTests.deps.json" --port 59753 --endpoint 127.0.0.1:059753 --role client --parentprocessid 16688 --diag "C:\Repos\Horizon-Feb2024\PhoneBookApp\ClientApplicationCoreTests\bin\Debug\net6.0\fine-code-coverage\coverage-tool-output\diagnostics.host.24-06-20_12-19-27_91228_5.log" --tracelevel 4 --datacollectionport 59752 --telemetryoptedin false'
TpTrace Verbose: 0 : 16688, 5, 2024/06/20, 12:19:27.921, 90488467047, vstest.console.dll, MulticastDelegateUtilities.SafeInvoke: HostProviderEvents.OnHostLaunched: Invoking callback 1/2 for Microsoft.VisualStudio.TestPlatform.CrossPlatEngine.Client.ProxyExecutionManagerWithDataCollection., took 0 ms.
TpTrace Verbose: 0 : 16688, 5, 2024/06/20, 12:19:27.921, 90488469243, vstest.console.dll, Test Runtime launched
TpTrace Verbose: 0 : 16688, 5, 2024/06/20, 12:19:27.921, 90488469714, vstest.console.dll, MulticastDelegateUtilities.SafeInvoke: HostProviderEvents.OnHostLaunched: Invoking callback 2/2 for Microsoft.VisualStudio.TestPlatform.CrossPlatEngine.Client.ProxyOperationManager., took 0 ms.
TpTrace Verbose: 0 : 16688, 5, 2024/06/20, 12:19:27.921, 90488470741, vstest.console.dll, TestRequestSender.WaitForRequestHandlerConnection: waiting for connection with timeout: 90000.
TpTrace Verbose: 0 : 16688, 7, 2024/06/20, 12:19:28.111, 90490367496, vstest.console.dll, MulticastDelegateUtilities.SafeInvoke: SocketServer: ClientConnected: Invoking callback 1/1 for Microsoft.VisualStudio.TestPlatform.CommunicationUtilities.TestRequestSender., took 0 ms.
TpTrace Verbose: 0 : 16688, 5, 2024/06/20, 12:19:28.111, 90490367496, vstest.console.dll, TestRequestSender.WaitForRequestHandlerConnection: waiting took 189 ms, with timeout 90000 ms, and result 0, which is success.
TpTrace Verbose: 0 : 16688, 7, 2024/06/20, 12:19:28.111, 90490368711, vstest.console.dll, SocketServer.OnClientConnected: Client connected for endPoint: 127.0.0.1:59753, starting MessageLoopAsync:
TpTrace Verbose: 0 : 16688, 13, 2024/06/20, 12:19:28.112, 90490373225, vstest.console.dll, TcpClientExtensions.MessageLoopAsync: Polling on remoteEndPoint: 127.0.0.1:59754 localEndPoint: 127.0.0.1:59753 after 0 ms
TpTrace Verbose: 0 : 16688, 5, 2024/06/20, 12:19:28.112, 90490375626, vstest.console.dll, TestRequestSender.CheckVersionWithTestHost: Sending check version message: {"MessageType":"ProtocolVersion","Payload":7}
TpTrace Verbose: 0 : 16688, 13, 2024/06/20, 12:19:28.220, 90491454819, vstest.console.dll, TcpClientExtensions.MessageLoopAsync: NotifyDataAvailable remoteEndPoint: 127.0.0.1:59754 localEndPoint: 127.0.0.1:59753
TpTrace Verbose: 0 : 16688, 13, 2024/06/20, 12:19:28.220, 90491457147, vstest.console.dll, TestRequestSender.CheckVersionWithTestHost: onMessageReceived received message: (ProtocolVersion) -> {"MessageType":"ProtocolVersion","Payload":7}
TpTrace Verbose: 0 : 16688, 13, 2024/06/20, 12:19:28.220, 90491461955, vstest.console.dll, MulticastDelegateUtilities.SafeInvoke: LengthPrefixCommunicationChannel: MessageReceived: Invoking callback 1/1 for Microsoft.VisualStudio.TestPlatform.CommunicationUtilities.TestRequestSender+<>c__DisplayClass29_0., took 0 ms.
TpTrace Verbose: 0 : 16688, 13, 2024/06/20, 12:19:28.220, 90491462670, vstest.console.dll, TcpClientExtensions.MessageLoopAsync: Polling on remoteEndPoint: 127.0.0.1:59754 localEndPoint: 127.0.0.1:59753 after 108 ms
TpTrace Verbose: 0 : 16688, 5, 2024/06/20, 12:19:28.220, 90491462758, vstest.console.dll, TestPluginCache.GetExtensionPaths: Filtered extension paths: 
TpTrace Verbose: 0 : 16688, 5, 2024/06/20, 12:19:28.221, 90491463408, vstest.console.dll, TestPluginCache.GetExtensionPaths: Added default extension paths: C:\Program Files\dotnet\sdk\8.0.300\Extensions\Microsoft.Diagnostics.NETCore.Client.dll
C:\Program Files\dotnet\sdk\8.0.300\Extensions\Microsoft.TestPlatform.Extensions.BlameDataCollector.dll
C:\Program Files\dotnet\sdk\8.0.300\Extensions\Microsoft.TestPlatform.Extensions.EventLogCollector.dll
C:\Program Files\dotnet\sdk\8.0.300\Extensions\Microsoft.TestPlatform.TestHostRuntimeProvider.dll
C:\Program Files\dotnet\sdk\8.0.300\Extensions\Microsoft.VisualStudio.TestPlatform.Extensions.Html.TestLogger.dll
C:\Program Files\dotnet\sdk\8.0.300\Extensions\Microsoft.VisualStudio.TestPlatform.Extensions.Trx.TestLogger.dll
TpTrace Verbose: 0 : 16688, 5, 2024/06/20, 12:19:28.221, 90491464335, vstest.console.dll, TestPluginCache.GetExtensionPaths: Added unfilterableExtensionPaths: 
TpTrace Verbose: 0 : 16688, 5, 2024/06/20, 12:19:28.223, 90491486739, vstest.console.dll, TestRequestSender.InitializeExecution: Sending initialize execution with message: {"Version":7,"MessageType":"TestExecution.Initialize","Payload":["C:\\Repos\\Horizon-Feb2024\\PhoneBookApp\\ClientApplicationCoreTests\\bin\\Debug\\net6.0\\fine-code-coverage\\build-output\\xunit.runner.visualstudio.dotnetcore.testadapter.dll"]}
TpTrace Verbose: 0 : 16688, 5, 2024/06/20, 12:19:28.223, 90491489042, vstest.console.dll, ParallelProxyExecutionManager.StartTestRunOnConcurrentManager: Execution starting. Started clients: 1
TpTrace Verbose: 0 : 16688, 5, 2024/06/20, 12:19:28.223, 90491491025, vstest.console.dll, TestRunRequest:SendTestRunMessage: Starting.
TpTrace Verbose: 0 : 16688, 5, 2024/06/20, 12:19:28.223, 90491492144, vstest.console.dll, MulticastDelegateUtilities.SafeInvoke: TestRun.LogMessages: Invoking callback 1/1 for Microsoft.VisualStudio.TestPlatform.CommandLine.TestRunResultAggregator., took 0 ms.
TpTrace Information: 0 : 16688, 5, 2024/06/20, 12:19:28.223, 90491492370, vstest.console.dll, TestRunRequest:SendTestRunMessage: Completed.
TpTrace Verbose: 0 : 16688, 4, 2024/06/20, 12:19:28.224, 90491493824, vstest.console.dll, MulticastDelegateUtilities.SafeInvoke: InternalTestLoggerEvents.SendTestRunMessage: Invoking callback 1/1 for Microsoft.VisualStudio.TestPlatform.CommandLine.Internal.ConsoleLogger., took 0 ms.
TpTrace Warning: 0 : 16688, 5, 2024/06/20, 12:19:28.224, 90491494791, vstest.console.dll, InferRunSettingsHelper.MakeRunsettingsCompatible: Removing the following settings: TargetPlatform from RunSettings file. To use those settings please move to latest version of Microsoft.NET.Test.Sdk
TpTrace Verbose: 0 : 16688, 13, 2024/06/20, 12:19:28.224, 90491496898, vstest.console.dll, TcpClientExtensions.MessageLoopAsync: NotifyDataAvailable remoteEndPoint: 127.0.0.1:59754 localEndPoint: 127.0.0.1:59753
TpTrace Verbose: 0 : 16688, 13, 2024/06/20, 12:19:28.224, 90491500015, vstest.console.dll, TestRequestSender.OnExecutionMessageReceived: Received message: {"Version":7,"MessageType":"TestSession.Message","Payload":{"MessageLevel":0,"Message":"Logging TestHost Diagnostics in file: C:\\Repos\\Horizon-Feb2024\\PhoneBookApp\\ClientApplicationCoreTests\\bin\\Debug\\net6.0\\fine-code-coverage\\coverage-tool-output\\diagnostics.host.24-06-20_12-19-27_91228_5.log"}}
TpTrace Verbose: 0 : 16688, 13, 2024/06/20, 12:19:28.226, 90491516287, vstest.console.dll, TestRunRequest:SendTestRunMessage: Starting.
TpTrace Verbose: 0 : 16688, 13, 2024/06/20, 12:19:28.226, 90491517478, vstest.console.dll, MulticastDelegateUtilities.SafeInvoke: TestRun.LogMessages: Invoking callback 1/1 for Microsoft.VisualStudio.TestPlatform.CommandLine.TestRunResultAggregator., took 0 ms.
TpTrace Information: 0 : 16688, 13, 2024/06/20, 12:19:28.226, 90491517819, vstest.console.dll, TestRunRequest:SendTestRunMessage: Completed.
TpTrace Verbose: 0 : 16688, 13, 2024/06/20, 12:19:28.226, 90491518143, vstest.console.dll, MulticastDelegateUtilities.SafeInvoke: LengthPrefixCommunicationChannel: MessageReceived: Invoking callback 1/1 for Microsoft.VisualStudio.TestPlatform.CommunicationUtilities.TestRequestSender+<>c__DisplayClass34_0., took 1 ms.
TpTrace Verbose: 0 : 16688, 4, 2024/06/20, 12:19:28.226, 90491517768, vstest.console.dll, MulticastDelegateUtilities.SafeInvoke: InternalTestLoggerEvents.SendTestRunMessage: Invoking callback 1/1 for Microsoft.VisualStudio.TestPlatform.CommandLine.Internal.ConsoleLogger., took 0 ms.
TpTrace Verbose: 0 : 16688, 13, 2024/06/20, 12:19:28.226, 90491518542, vstest.console.dll, TcpClientExtensions.MessageLoopAsync: Polling on remoteEndPoint: 127.0.0.1:59754 localEndPoint: 127.0.0.1:59753 after 5 ms
TpTrace Verbose: 0 : 16688, 5, 2024/06/20, 12:19:28.228, 90491534142, vstest.console.dll, TestRequestSender.StartTestRun: Sending test run with message: {"Version":7,"MessageType":"TestExecution.StartWithSources","Payload":{"AdapterSourceMap":{"_none_":["C:\\Repos\\Horizon-Feb2024\\PhoneBookApp\\ClientApplicationCoreTests\\bin\\Debug\\net6.0\\fine-code-coverage\\build-output\\ClientApplicationCoreTests.dll"]},"RunSettings":"<RunSettings>\r\n  <RunConfiguration>\r\n    <ResultsDirectory>C:\\Repos\\Horizon-Feb2024\\PhoneBookApp\\ClientApplicationCoreTests\\bin\\Debug\\net6.0\\fine-code-coverage\\coverage-tool-output</ResultsDirectory>\r\n    <TargetFrameworkVersion>.NETCoreApp,Version=v6.0</TargetFrameworkVersion>\r\n    <DesignMode>False</DesignMode>\r\n    <CollectSourceInformation>False</CollectSourceInformation>\r\n  </RunConfiguration>\r\n  <LoggerRunSettings>\r\n    <Loggers>\r\n      <Logger friendlyName=\"blame\" enabled=\"True\" />\r\n      <Logger friendlyName=\"Console\" uri=\"logger://microsoft/TestPlatform/ConsoleLogger/v1\" assemblyQualifiedName=\"Microsoft.VisualStudio.TestPlatform.CommandLine.Internal.ConsoleLogger, vstest.console, Version=15.0.0.0, Culture=neutral, PublicKeyToken=b03f5f7f11d50a3a\" codeBase=\"C:\\Program Files\\dotnet\\sdk\\8.0.300\\vstest.console.dll\" enabled=\"True\" />\r\n    </Loggers>\r\n  </LoggerRunSettings>\r\n  <DataCollectionRunSettings>\r\n    <DataCollectors>\r\n      <DataCollector friendlyName=\"blame\" enabled=\"True\">\r\n        <Configuration>\r\n          <ResultsDirectory>C:\\Repos\\Horizon-Feb2024\\PhoneBookApp\\ClientApplicationCoreTests\\bin\\Debug\\net6.0\\fine-code-coverage\\coverage-tool-output</ResultsDirectory>\r\n        </Configuration>\r\n      </DataCollector>\r\n    </DataCollectors>\r\n  </DataCollectionRunSettings>\r\n</RunSettings>","TestExecutionContext":{"FrequencyOfRunStatsChangeEvent":10,"RunStatsChangeEventTimeout":"00:00:01.5000000","InIsolation":false,"KeepAlive":false,"AreTestCaseLevelEventsRequired":false,"IsDebug":false,"TestCaseFilter":null,"FilterOptions":null},"Package":null}}
TpTrace Verbose: 0 : 16688, 5, 2024/06/20, 12:19:28.228, 90491536140, vstest.console.dll, ParallelProxyExecutionManager.StartTestRunOnConcurrentManager: Execution started. Started clients: 1
TpTrace Verbose: 0 : 16688, 13, 2024/06/20, 12:19:28.360, 90492862266, vstest.console.dll, TcpClientExtensions.MessageLoopAsync: NotifyDataAvailable remoteEndPoint: 127.0.0.1:59754 localEndPoint: 127.0.0.1:59753
TpTrace Verbose: 0 : 16688, 13, 2024/06/20, 12:19:28.361, 90492865287, vstest.console.dll, TestRequestSender.OnExecutionMessageReceived: Received message: {"Version":7,"MessageType":"TestSession.Message","Payload":{"MessageLevel":0,"Message":"[xUnit.net 00:00:00.00] xUnit.net VSTest Adapter v2.4.5+1caef2f33e (64-bit .NET 6.0.30)"}}
TpTrace Verbose: 0 : 16688, 13, 2024/06/20, 12:19:28.361, 90492867685, vstest.console.dll, TestRunRequest:SendTestRunMessage: Starting.
TpTrace Verbose: 0 : 16688, 13, 2024/06/20, 12:19:28.361, 90492868489, vstest.console.dll, MulticastDelegateUtilities.SafeInvoke: TestRun.LogMessages: Invoking callback 1/1 for Microsoft.VisualStudio.TestPlatform.CommandLine.TestRunResultAggregator., took 0 ms.
TpTrace Information: 0 : 16688, 13, 2024/06/20, 12:19:28.361, 90492868805, vstest.console.dll, TestRunRequest:SendTestRunMessage: Completed.
TpTrace Verbose: 0 : 16688, 4, 2024/06/20, 12:19:28.361, 90492868769, vstest.console.dll, MulticastDelegateUtilities.SafeInvoke: InternalTestLoggerEvents.SendTestRunMessage: Invoking callback 1/1 for Microsoft.VisualStudio.TestPlatform.CommandLine.Internal.ConsoleLogger., took 0 ms.
TpTrace Verbose: 0 : 16688, 13, 2024/06/20, 12:19:28.361, 90492869121, vstest.console.dll, MulticastDelegateUtilities.SafeInvoke: LengthPrefixCommunicationChannel: MessageReceived: Invoking callback 1/1 for Microsoft.VisualStudio.TestPlatform.CommunicationUtilities.TestRequestSender+<>c__DisplayClass34_0., took 0 ms.
TpTrace Verbose: 0 : 16688, 13, 2024/06/20, 12:19:28.361, 90492870651, vstest.console.dll, TcpClientExtensions.MessageLoopAsync: Polling on remoteEndPoint: 127.0.0.1:59754 localEndPoint: 127.0.0.1:59753 after 135 ms
TpTrace Verbose: 0 : 16688, 13, 2024/06/20, 12:19:29.372, 90502980908, vstest.console.dll, TcpClientExtensions.MessageLoopAsync: Polling on remoteEndPoint: 127.0.0.1:59754 localEndPoint: 127.0.0.1:59753 after 1010 ms
TpTrace Verbose: 0 : 16688, 13, 2024/06/20, 12:19:30.028, 90509540641, vstest.console.dll, TcpClientExtensions.MessageLoopAsync: NotifyDataAvailable remoteEndPoint: 127.0.0.1:59754 localEndPoint: 127.0.0.1:59753
TpTrace Verbose: 0 : 16688, 13, 2024/06/20, 12:19:30.028, 90509542204, vstest.console.dll, TestRequestSender.OnExecutionMessageReceived: Received message: {"Version":7,"MessageType":"TestSession.Message","Payload":{"MessageLevel":0,"Message":"[xUnit.net 00:00:01.67]   Discovering: ClientApplicationCoreTests"}}
TpTrace Verbose: 0 : 16688, 13, 2024/06/20, 12:19:30.029, 90509543276, vstest.console.dll, TestRunRequest:SendTestRunMessage: Starting.
TpTrace Verbose: 0 : 16688, 13, 2024/06/20, 12:19:30.029, 90509543762, vstest.console.dll, MulticastDelegateUtilities.SafeInvoke: TestRun.LogMessages: Invoking callback 1/1 for Microsoft.VisualStudio.TestPlatform.CommandLine.TestRunResultAggregator., took 0 ms.
TpTrace Information: 0 : 16688, 13, 2024/06/20, 12:19:30.029, 90509544150, vstest.console.dll, TestRunRequest:SendTestRunMessage: Completed.
TpTrace Verbose: 0 : 16688, 13, 2024/06/20, 12:19:30.029, 90509544425, vstest.console.dll, MulticastDelegateUtilities.SafeInvoke: LengthPrefixCommunicationChannel: MessageReceived: Invoking callback 1/1 for Microsoft.VisualStudio.TestPlatform.CommunicationUtilities.TestRequestSender+<>c__DisplayClass34_0., took 0 ms.
TpTrace Verbose: 0 : 16688, 13, 2024/06/20, 12:19:30.029, 90509544701, vstest.console.dll, TcpClientExtensions.MessageLoopAsync: Polling on remoteEndPoint: 127.0.0.1:59754 localEndPoint: 127.0.0.1:59753 after 656 ms
TpTrace Verbose: 0 : 16688, 4, 2024/06/20, 12:19:30.029, 90509545026, vstest.console.dll, MulticastDelegateUtilities.SafeInvoke: InternalTestLoggerEvents.SendTestRunMessage: Invoking callback 1/1 for Microsoft.VisualStudio.TestPlatform.CommandLine.Internal.ConsoleLogger., took 0 ms.
TpTrace Verbose: 0 : 16688, 13, 2024/06/20, 12:19:30.058, 90509842278, vstest.console.dll, TcpClientExtensions.MessageLoopAsync: NotifyDataAvailable remoteEndPoint: 127.0.0.1:59754 localEndPoint: 127.0.0.1:59753
TpTrace Verbose: 0 : 16688, 13, 2024/06/20, 12:19:30.059, 90509843818, vstest.console.dll, TestRequestSender.OnExecutionMessageReceived: Received message: {"Version":7,"MessageType":"TestSession.Message","Payload":{"MessageLevel":0,"Message":"[xUnit.net 00:00:01.70]   Discovered:  ClientApplicationCoreTests"}}
TpTrace Verbose: 0 : 16688, 13, 2024/06/20, 12:19:30.059, 90509844891, vstest.console.dll, TestRunRequest:SendTestRunMessage: Starting.
TpTrace Verbose: 0 : 16688, 13, 2024/06/20, 12:19:30.059, 90509845310, vstest.console.dll, MulticastDelegateUtilities.SafeInvoke: TestRun.LogMessages: Invoking callback 1/1 for Microsoft.VisualStudio.TestPlatform.CommandLine.TestRunResultAggregator., took 0 ms.
TpTrace Information: 0 : 16688, 13, 2024/06/20, 12:19:30.059, 90509845497, vstest.console.dll, TestRunRequest:SendTestRunMessage: Completed.
TpTrace Verbose: 0 : 16688, 13, 2024/06/20, 12:19:30.059, 90509845655, vstest.console.dll, MulticastDelegateUtilities.SafeInvoke: LengthPrefixCommunicationChannel: MessageReceived: Invoking callback 1/1 for Microsoft.VisualStudio.TestPlatform.CommunicationUtilities.TestRequestSender+<>c__DisplayClass34_0., took 0 ms.
TpTrace Verbose: 0 : 16688, 13, 2024/06/20, 12:19:30.059, 90509845876, vstest.console.dll, TcpClientExtensions.MessageLoopAsync: Polling on remoteEndPoint: 127.0.0.1:59754 localEndPoint: 127.0.0.1:59753 after 30 ms
TpTrace Verbose: 0 : 16688, 4, 2024/06/20, 12:19:30.059, 90509846592, vstest.console.dll, MulticastDelegateUtilities.SafeInvoke: InternalTestLoggerEvents.SendTestRunMessage: Invoking callback 1/1 for Microsoft.VisualStudio.TestPlatform.CommandLine.Internal.ConsoleLogger., took 0 ms.
TpTrace Verbose: 0 : 16688, 13, 2024/06/20, 12:19:30.060, 90509856679, vstest.console.dll, TcpClientExtensions.MessageLoopAsync: NotifyDataAvailable remoteEndPoint: 127.0.0.1:59754 localEndPoint: 127.0.0.1:59753
TpTrace Verbose: 0 : 16688, 13, 2024/06/20, 12:19:30.060, 90509857046, vstest.console.dll, TestRequestSender.OnExecutionMessageReceived: Received message: {"Version":7,"MessageType":"TestSession.Message","Payload":{"MessageLevel":0,"Message":"[xUnit.net 00:00:01.70]   Starting:    ClientApplicationCoreTests"}}
TpTrace Verbose: 0 : 16688, 13, 2024/06/20, 12:19:30.060, 90509857532, vstest.console.dll, TestRunRequest:SendTestRunMessage: Starting.
TpTrace Verbose: 0 : 16688, 13, 2024/06/20, 12:19:30.060, 90509857768, vstest.console.dll, MulticastDelegateUtilities.SafeInvoke: TestRun.LogMessages: Invoking callback 1/1 for Microsoft.VisualStudio.TestPlatform.CommandLine.TestRunResultAggregator., took 0 ms.
TpTrace Information: 0 : 16688, 13, 2024/06/20, 12:19:30.060, 90509857973, vstest.console.dll, TestRunRequest:SendTestRunMessage: Completed.
TpTrace Verbose: 0 : 16688, 13, 2024/06/20, 12:19:30.060, 90509858465, vstest.console.dll, MulticastDelegateUtilities.SafeInvoke: LengthPrefixCommunicationChannel: MessageReceived: Invoking callback 1/1 for Microsoft.VisualStudio.TestPlatform.CommunicationUtilities.TestRequestSender+<>c__DisplayClass34_0., took 0 ms.
TpTrace Verbose: 0 : 16688, 13, 2024/06/20, 12:19:30.060, 90509858678, vstest.console.dll, TcpClientExtensions.MessageLoopAsync: Polling on remoteEndPoint: 127.0.0.1:59754 localEndPoint: 127.0.0.1:59753 after 1 ms
TpTrace Verbose: 0 : 16688, 4, 2024/06/20, 12:19:30.060, 90509859066, vstest.console.dll, MulticastDelegateUtilities.SafeInvoke: InternalTestLoggerEvents.SendTestRunMessage: Invoking callback 1/1 for Microsoft.VisualStudio.TestPlatform.CommandLine.Internal.ConsoleLogger., took 0 ms.
TpTrace Verbose: 0 : 16688, 13, 2024/06/20, 12:19:30.102, 90510282805, vstest.console.dll, TcpClientExtensions.MessageLoopAsync: NotifyDataAvailable remoteEndPoint: 127.0.0.1:59754 localEndPoint: 127.0.0.1:59753
TpTrace Verbose: 0 : 16688, 13, 2024/06/20, 12:19:30.103, 90510284463, vstest.console.dll, TestRequestSender.OnExecutionMessageReceived: Received message: {"Version":7,"MessageType":"TestExecution.StatsChange","Payload":{"NewTestResults":[],"TestRunStatistics":{"ExecutedTests":0,"Stats":{}},"ActiveTests":[{"Id":"e321867f-7178-5dc9-85f3-c9cc86cad788","FullyQualifiedName":"ClientApplicationCoreTests.Controllers.ContactControllerTests.ShowAllContactWithPagination_ReturnsEmptyList_WhenLetterIsNull","DisplayName":"ClientApplicationCoreTests.Controllers.ContactControllerTests.ShowAllContactWithPagination_ReturnsEmptyList_WhenLetterIsNull","ExecutorUri":"executor://xunit/VsTestRunner2/netcoreapp","Source":"C:\\Repos\\Horizon-Feb2024\\PhoneBookApp\\ClientApplicationCoreTests\\bin\\Debug\\net6.0\\fine-code-coverage\\build-output\\ClientApplicationCoreTests.dll","CodeFilePath":null,"LineNumber":0,"Properties":[]}]}}
TpTrace Verbose: 0 : 16688, 13, 2024/06/20, 12:19:30.111, 90510370228, vstest.console.dll, TestRunRequest:SendTestRunStatsChange: Starting.
TpTrace Verbose: 0 : 16688, 13, 2024/06/20, 12:19:30.111, 90510371897, vstest.console.dll, InProgress is ClientApplicationCoreTests.Controllers.ContactControllerTests.ShowAllContactWithPagination_ReturnsEmptyList_WhenLetterIsNull
TpTrace Verbose: 0 : 16688, 13, 2024/06/20, 12:19:30.111, 90510372487, vstest.console.dll, MulticastDelegateUtilities.SafeInvoke: TestRun.RunStatsChanged: Invoking callbacks was skipped because there are no subscribers.
TpTrace Information: 0 : 16688, 13, 2024/06/20, 12:19:30.111, 90510372715, vstest.console.dll, TestRunRequest:SendTestRunStatsChange: Completed.
TpTrace Verbose: 0 : 16688, 13, 2024/06/20, 12:19:30.111, 90510372903, vstest.console.dll, MulticastDelegateUtilities.SafeInvoke: LengthPrefixCommunicationChannel: MessageReceived: Invoking callback 1/1 for Microsoft.VisualStudio.TestPlatform.CommunicationUtilities.TestRequestSender+<>c__DisplayClass34_0., took 8 ms.
TpTrace Verbose: 0 : 16688, 13, 2024/06/20, 12:19:30.111, 90510373108, vstest.console.dll, TcpClientExtensions.MessageLoopAsync: Polling on remoteEndPoint: 127.0.0.1:59754 localEndPoint: 127.0.0.1:59753 after 51 ms
TpTrace Verbose: 0 : 16688, 13, 2024/06/20, 12:19:30.219, 90511449202, vstest.console.dll, TcpClientExtensions.MessageLoopAsync: NotifyDataAvailable remoteEndPoint: 127.0.0.1:59754 localEndPoint: 127.0.0.1:59753
TpTrace Verbose: 0 : 16688, 13, 2024/06/20, 12:19:30.219, 90511451752, vstest.console.dll, TestRequestSender.OnExecutionMessageReceived: Received message: {"Version":7,"MessageType":"TestExecution.StatsChange","Payload":{"NewTestResults":[{"TestCase":{"Id":"286d8c56-4ebc-e044-036f-56ee722ef7fd","FullyQualifiedName":"ClientApplicationCoreTests.Controllers.AuthControllerTests.EditUser_ReturnsRedirectToActionResult_WhenStatusCodeIsBadRequest_ErrorResponseIsNull","DisplayName":"ClientApplicationCoreTests.Controllers.AuthControllerTests.EditUser_ReturnsRedirectToActionResult_WhenStatusCodeIsBadRequest_ErrorResponseIsNull","ExecutorUri":"executor://xunit/VsTestRunner2/netcoreapp","Source":"C:\\Repos\\Horizon-Feb2024\\PhoneBookApp\\ClientApplicationCoreTests\\bin\\Debug\\net6.0\\fine-code-coverage\\build-output\\ClientApplicationCoreTests.dll","CodeFilePath":null,"LineNumber":0,"Properties":[]},"Attachments":[],"Outcome":1,"ErrorMessage":null,"ErrorStackTrace":null,"DisplayName":"ClientApplicationCoreTests.Controllers.AuthControllerTests.EditUser_ReturnsRedirectToActionResult_WhenStatusCodeIsBadRequest_ErrorResponseIsNull","Messages":[],"ComputerName":"IN-LT-18284","Duration":"00:00:00.0787276","StartTime":"2024-06-20T06:49:30.1789652+00:00","EndTime":"2024-06-20T06:49:30.1789789+00:00","Properties":[]},{"TestCase":{"Id":"e321867f-7178-5dc9-85f3-c9cc86cad788","FullyQualifiedName":"ClientApplicationCoreTests.Controllers.ContactControllerTests.ShowAllContactWithPagination_ReturnsEmptyList_WhenLetterIsNull","DisplayName":"ClientApplicationCoreTests.Controllers.ContactControllerTests.ShowAllContactWithPagination_ReturnsEmptyList_WhenLetterIsNull","ExecutorUri":"executor://xunit/VsTestRunner2/netcoreapp","Source":"C:\\Repos\\Horizon-Feb2024\\PhoneBookApp\\ClientApplicationCoreTests\\bin\\Debug\\net6.0\\fine-code-coverage\\build-output\\ClientApplicationCoreTests.dll","CodeFilePath":null,"LineNumber":0,"Properties":[]},"Attachments":[],"Outcome":1,"ErrorMessage":null,"ErrorStackTrace":null,"DisplayName":"ClientApplicationCoreTests.Controllers.ContactControllerTests.ShowAllContactWithPagination_ReturnsEmptyList_WhenLetterIsNull","Messages":[],"ComputerName":"IN-LT-18284","Duration":"00:00:00.0787995","StartTime":"2024-06-20T06:49:30.1901799+00:00","EndTime":"2024-06-20T06:49:30.19018+00:00","Properties":[]},{"TestCase":{"Id":"111fd634-f319-a984-d735-10775c0d3bdc","FullyQualifiedName":"ClientApplicationCoreTests.Controllers.ContactControllerTests.Edit_ReturnsErrorMessage_WhenErrorResponseIsNull","DisplayName":"ClientApplicationCoreTests.Controllers.ContactControllerTests.Edit_ReturnsErrorMessage_WhenErrorResponseIsNull","ExecutorUri":"executor://xunit/VsTestRunner2/netcoreapp","Source":"C:\\Repos\\Horizon-Feb2024\\PhoneBookApp\\ClientApplicationCoreTests\\bin\\Debug\\net6.0\\fine-code-coverage\\build-output\\ClientApplicationCoreTests.dll","CodeFilePath":null,"LineNumber":0,"Properties":[]},"Attachments":[],"Outcome":1,"ErrorMessage":null,"ErrorStackTrace":null,"DisplayName":"ClientApplicationCoreTests.Controllers.ContactControllerTests.Edit_ReturnsErrorMessage_WhenErrorResponseIsNull","Messages":[],"ComputerName":"IN-LT-18284","Duration":"00:00:00.0017488","StartTime":"2024-06-20T06:49:30.1945655+00:00","EndTime":"2024-06-20T06:49:30.1945656+00:00","Properties":[]},{"TestCase":{"Id":"ec261ad1-62e8-7a5d-2080-ec2e31ab24e5","FullyQualifiedName":"ClientApplicationCoreTests.Controllers.ContactControllerTests.Details_ReturnsRedirectWithErrorMessage_WhenServiceResponseIsNull","DisplayName":"ClientApplicationCoreTests.Controllers.ContactControllerTests.Details_ReturnsRedirectWithErrorMessage_WhenServiceResponseIsNull","ExecutorUri":"executor://xunit/VsTestRunner2/netcoreapp","Source":"C:\\Repos\\Horizon-Feb2024\\PhoneBookApp\\ClientApplicationCoreTests\\bin\\Debug\\net6.0\\fine-code-coverage\\build-output\\ClientApplicationCoreTests.dll","CodeFilePath":null,"LineNumber":0,"Properties":[]},"Attachments":[],"Outcome":1,"ErrorMessage":null,"ErrorStackTrace":null,"DisplayName":"ClientApplicationCoreTests.Controllers.ContactControllerTests.Details_ReturnsRedirectWithErrorMessage_WhenServiceResponseIsNull","Messages":[],"ComputerName":"IN-LT-18284","Duration":"00:00:00.0021525","StartTime":"2024-06-20T06:49:30.1967265+00:00","EndTime":"2024-06-20T06:49:30.1967266+00:00","Properties":[]},{"TestCase":{"Id":"f7db0163-7acd-4d63-6f55-2affadf95d19","FullyQualifiedName":"ClientApplicationCoreTests.Controllers.ContactControllerTests.Index_ReturnsEmptyCategories","DisplayName":"ClientApplicationCoreTests.Controllers.ContactControllerTests.Index_ReturnsEmptyCategories","ExecutorUri":"executor://xunit/VsTestRunner2/netcoreapp","Source":"C:\\Repos\\Horizon-Feb2024\\PhoneBookApp\\ClientApplicationCoreTests\\bin\\Debug\\net6.0\\fine-code-coverage\\build-output\\ClientApplicationCoreTests.dll","CodeFilePath":null,"LineNumber":0,"Properties":[]},"Attachments":[],"Outcome":1,"ErrorMessage":null,"ErrorStackTrace":null,"DisplayName":"ClientApplicationCoreTests.Controllers.ContactControllerTests.Index_ReturnsEmptyCategories","Messages":[],"ComputerName":"IN-LT-18284","Duration":"00:00:00.0091462","StartTime":"2024-06-20T06:49:30.1985756+00:00","EndTime":"2024-06-20T06:49:30.1985756+00:00","Properties":[]},{"TestCase":{"Id":"6f533a2d-5ff2-5d10-7540-0c494041b7df","FullyQualifiedName":"ClientApplicationCoreTests.Controllers.ContactControllerTests.Create_ReturnsViewResult_WithContactList_WhenModelStateIsInvalid","DisplayName":"ClientApplicationCoreTests.Controllers.ContactControllerTests.Create_ReturnsViewResult_WithContactList_WhenModelStateIsInvalid","ExecutorUri":"executor://xunit/VsTestRunner2/netcoreapp","Source":"C:\\Repos\\Horizon-Feb2024\\PhoneBookApp\\ClientApplicationCoreTests\\bin\\Debug\\net6.0\\fine-code-coverage\\build-output\\ClientApplicationCoreTests.dll","CodeFilePath":null,"LineNumber":0,"Properties":[]},"Attachments":[],"Outcome":1,"ErrorMessage":null,"ErrorStackTrace":null,"DisplayName":"ClientApplicationCoreTests.Controllers.ContactControllerTests.Create_ReturnsViewResult_WithContactList_WhenModelStateIsInvalid","Messages":[],"ComputerName":"IN-LT-18284","Duration":"00:00:00.0060828","StartTime":"2024-06-20T06:49:30.200494+00:00","EndTime":"2024-06-20T06:49:30.2004941+00:00","Properties":[]},{"TestCase":{"Id":"01e5151e-434c-85aa-2457-5b051a9802e9","FullyQualifiedName":"ClientApplicationCoreTests.Controllers.ContactControllerTests.Details_WhenSuccessResponseIsOK_ReturnView_WhenDataIsReceived","DisplayName":"ClientApplicationCoreTests.Controllers.ContactControllerTests.Details_WhenSuccessResponseIsOK_ReturnView_WhenDataIsReceived","ExecutorUri":"executor://xunit/VsTestRunner2/netcoreapp","Source":"C:\\Repos\\Horizon-Feb2024\\PhoneBookApp\\ClientApplicationCoreTests\\bin\\Debug\\net6.0\\fine-code-coverage\\build-output\\ClientApplicationCoreTests.dll","CodeFilePath":null,"LineNumber":0,"Properties":[]},"Attachments":[],"Outcome":1,"ErrorMessage":null,"ErrorStackTrace":null,"DisplayName":"ClientApplicationCoreTests.Controllers.ContactControllerTests.Details_WhenSuccessResponseIsOK_ReturnView_WhenDataIsReceived","Messages":[],"ComputerName":"IN-LT-18284","Duration":"00:00:00.0088765","StartTime":"2024-06-20T06:49:30.2068771+00:00","EndTime":"2024-06-20T06:49:30.2068772+00:00","Properties":[]},{"TestCase":{"Id":"7adf2a10-c5e2-e2b2-4a9e-78ab8ad8acdd","FullyQualifiedName":"ClientApplicationCoreTests.Controllers.ContactControllerTests.ShowAllContactWithPagination_ReturnsEmptyList_WhenLetterIsNotNull","DisplayName":"ClientApplicationCoreTests.Controllers.ContactControllerTests.ShowAllContactWithPagination_ReturnsEmptyList_WhenLetterIsNotNull","ExecutorUri":"executor://xunit/VsTestRunner2/netcoreapp","Source":"C:\\Repos\\Horizon-Feb2024\\PhoneBookApp\\ClientApplicationCoreTests\\bin\\Debug\\net6.0\\fine-code-coverage\\build-output\\ClientApplicationCoreTests.dll","CodeFilePath":null,"LineNumber":0,"Properties":[]},"Attachments":[],"Outcome":1,"ErrorMessage":null,"ErrorStackTrace":null,"DisplayName":"ClientApplicationCoreTests.Controllers.ContactControllerTests.ShowAllContactWithPagination_ReturnsEmptyList_WhenLetterIsNotNull","Messages":[],"ComputerName":"IN-LT-18284","Duration":"00:00:00.0016322","StartTime":"2024-06-20T06:49:30.2094378+00:00","EndTime":"2024-06-20T06:49:30.2094378+00:00","Properties":[]}],"TestRunStatistics":{"ExecutedTests":8,"Stats":{"Passed":8}},"ActiveTests":[{"Id":"ac1ed675-53ef-af0c-25fd-0de50de05a44","FullyQualifiedName":"ClientApplicationCoreTests.Controllers.AuthControllerTests.Login_Success_RedirectToAction","DisplayName":"ClientApplicationCoreTests.Controllers.AuthControllerTests.Login_Success_RedirectToAction","ExecutorUri":"executor://xunit/VsTestRunner2/netcoreapp","Source":"C:\\Repos\\Horizon-Feb2024\\PhoneBookApp\\ClientApplicationCoreTests\\bin\\Debug\\net6.0\\fine-code-coverage\\build-output\\ClientApplicationCoreTests.dll","CodeFilePath":null,"LineNumber":0,"Properties":[]},{"Id":"2ca668a0-b364-aa85-fafd-c9547de9f652","FullyQualifiedName":"ClientApplicationCoreTests.Controllers.ContactControllerTests.Edit_ContactFailed_WhenModelStateIsInvalid_WhenStateCountryAreNull","DisplayName":"ClientApplicationCoreTests.Controllers.ContactControllerTests.Edit_ContactFailed_WhenModelStateIsInvalid_WhenStateCountryAreNull","ExecutorUri":"executor://xunit/VsTestRunner2/netcoreapp","Source":"C:\\Repos\\Horizon-Feb2024\\PhoneBookApp\\ClientApplicationCoreTests\\bin\\Debug\\net6.0\\fine-code-coverage\\build-output\\ClientApplicationCoreTests.dll","CodeFilePath":null,"LineNumber":0,"Properties":[]}]}}
TpTrace Verbose: 0 : 16688, 13, 2024/06/20, 12:19:30.225, 90511512031, vstest.console.dll, TestRunRequest:SendTestRunStatsChange: Starting.
TpTrace Verbose: 0 : 16688, 13, 2024/06/20, 12:19:30.225, 90511512823, vstest.console.dll, InProgress is ClientApplicationCoreTests.Controllers.AuthControllerTests.Login_Success_RedirectToAction
TpTrace Verbose: 0 : 16688, 13, 2024/06/20, 12:19:30.225, 90511513000, vstest.console.dll, InProgress is ClientApplicationCoreTests.Controllers.ContactControllerTests.Edit_ContactFailed_WhenModelStateIsInvalid_WhenStateCountryAreNull
TpTrace Verbose: 0 : 16688, 13, 2024/06/20, 12:19:30.226, 90511514364, vstest.console.dll, MulticastDelegateUtilities.SafeInvoke: TestRun.RunStatsChanged: Invoking callbacks was skipped because there are no subscribers.
TpTrace Information: 0 : 16688, 13, 2024/06/20, 12:19:30.226, 90511514751, vstest.console.dll, TestRunRequest:SendTestRunStatsChange: Completed.
TpTrace Verbose: 0 : 16688, 13, 2024/06/20, 12:19:30.226, 90511515007, vstest.console.dll, MulticastDelegateUtilities.SafeInvoke: LengthPrefixCommunicationChannel: MessageReceived: Invoking callback 1/1 for Microsoft.VisualStudio.TestPlatform.CommunicationUtilities.TestRequestSender+<>c__DisplayClass34_0., took 6 ms.
TpTrace Verbose: 0 : 16688, 13, 2024/06/20, 12:19:30.226, 90511515288, vstest.console.dll, TcpClientExtensions.MessageLoopAsync: Polling on remoteEndPoint: 127.0.0.1:59754 localEndPoint: 127.0.0.1:59753 after 114 ms
TpTrace Verbose: 0 : 16688, 4, 2024/06/20, 12:19:30.228, 90511534181, vstest.console.dll, MulticastDelegateUtilities.SafeInvoke: InternalTestLoggerEvents.SendTestResult: Invoking callback 1/1 for Microsoft.VisualStudio.TestPlatform.CommandLine.Internal.ConsoleLogger., took 1 ms.
TpTrace Verbose: 0 : 16688, 4, 2024/06/20, 12:19:30.228, 90511536709, vstest.console.dll, MulticastDelegateUtilities.SafeInvoke: InternalTestLoggerEvents.SendTestResult: Invoking callback 1/1 for Microsoft.VisualStudio.TestPlatform.CommandLine.Internal.ConsoleLogger., took 0 ms.
TpTrace Verbose: 0 : 16688, 4, 2024/06/20, 12:19:30.228, 90511537253, vstest.console.dll, MulticastDelegateUtilities.SafeInvoke: InternalTestLoggerEvents.SendTestResult: Invoking callback 1/1 for Microsoft.VisualStudio.TestPlatform.CommandLine.Internal.ConsoleLogger., took 0 ms.
TpTrace Verbose: 0 : 16688, 4, 2024/06/20, 12:19:30.228, 90511537512, vstest.console.dll, MulticastDelegateUtilities.SafeInvoke: InternalTestLoggerEvents.SendTestResult: Invoking callback 1/1 for Microsoft.VisualStudio.TestPlatform.CommandLine.Internal.ConsoleLogger., took 0 ms.
TpTrace Verbose: 0 : 16688, 4, 2024/06/20, 12:19:30.228, 90511537834, vstest.console.dll, MulticastDelegateUtilities.SafeInvoke: InternalTestLoggerEvents.SendTestResult: Invoking callback 1/1 for Microsoft.VisualStudio.TestPlatform.CommandLine.Internal.ConsoleLogger., took 0 ms.
TpTrace Verbose: 0 : 16688, 4, 2024/06/20, 12:19:30.228, 90511538067, vstest.console.dll, MulticastDelegateUtilities.SafeInvoke: InternalTestLoggerEvents.SendTestResult: Invoking callback 1/1 for Microsoft.VisualStudio.TestPlatform.CommandLine.Internal.ConsoleLogger., took 0 ms.
TpTrace Verbose: 0 : 16688, 4, 2024/06/20, 12:19:30.229, 90511544170, vstest.console.dll, MulticastDelegateUtilities.SafeInvoke: InternalTestLoggerEvents.SendTestResult: Invoking callback 1/1 for Microsoft.VisualStudio.TestPlatform.CommandLine.Internal.ConsoleLogger., took 0 ms.
TpTrace Verbose: 0 : 16688, 4, 2024/06/20, 12:19:30.229, 90511544811, vstest.console.dll, MulticastDelegateUtilities.SafeInvoke: InternalTestLoggerEvents.SendTestResult: Invoking callback 1/1 for Microsoft.VisualStudio.TestPlatform.CommandLine.Internal.ConsoleLogger., took 0 ms.
TpTrace Verbose: 0 : 16688, 13, 2024/06/20, 12:19:30.235, 90511606514, vstest.console.dll, TcpClientExtensions.MessageLoopAsync: NotifyDataAvailable remoteEndPoint: 127.0.0.1:59754 localEndPoint: 127.0.0.1:59753
TpTrace Verbose: 0 : 16688, 13, 2024/06/20, 12:19:30.235, 90511608611, vstest.console.dll, TestRequestSender.OnExecutionMessageReceived: Received message: {"Version":7,"MessageType":"TestExecution.StatsChange","Payload":{"NewTestResults":[{"TestCase":{"Id":"ac1ed675-53ef-af0c-25fd-0de50de05a44","FullyQualifiedName":"ClientApplicationCoreTests.Controllers.AuthControllerTests.Login_Success_RedirectToAction","DisplayName":"ClientApplicationCoreTests.Controllers.AuthControllerTests.Login_Success_RedirectToAction","ExecutorUri":"executor://xunit/VsTestRunner2/netcoreapp","Source":"C:\\Repos\\Horizon-Feb2024\\PhoneBookApp\\ClientApplicationCoreTests\\bin\\Debug\\net6.0\\fine-code-coverage\\build-output\\ClientApplicationCoreTests.dll","CodeFilePath":null,"LineNumber":0,"Properties":[]},"Attachments":[],"Outcome":1,"ErrorMessage":null,"ErrorStackTrace":null,"DisplayName":"ClientApplicationCoreTests.Controllers.AuthControllerTests.Login_Success_RedirectToAction","Messages":[],"ComputerName":"IN-LT-18284","Duration":"00:00:00.0303343","StartTime":"2024-06-20T06:49:30.2205549+00:00","EndTime":"2024-06-20T06:49:30.220555+00:00","Properties":[]},{"TestCase":{"Id":"8a063a61-e718-948c-adfa-23466083f208","FullyQualifiedName":"ClientApplicationCoreTests.Controllers.AuthControllerTests.Login_RedirectToAction_WhenBadRequest_WhenSomethingWentWrong","DisplayName":"ClientApplicationCoreTests.Controllers.AuthControllerTests.Login_RedirectToAction_WhenBadRequest_WhenSomethingWentWrong","ExecutorUri":"executor://xunit/VsTestRunner2/netcoreapp","Source":"C:\\Repos\\Horizon-Feb2024\\PhoneBookApp\\ClientApplicationCoreTests\\bin\\Debug\\net6.0\\fine-code-coverage\\build-output\\ClientApplicationCoreTests.dll","CodeFilePath":null,"LineNumber":0,"Properties":[]},"Attachments":[],"Outcome":1,"ErrorMessage":null,"ErrorStackTrace":null,"DisplayName":"ClientApplicationCoreTests.Controllers.AuthControllerTests.Login_RedirectToAction_WhenBadRequest_WhenSomethingWentWrong","Messages":[],"ComputerName":"IN-LT-18284","Duration":"00:00:00.0054074","StartTime":"2024-06-20T06:49:30.2223536+00:00","EndTime":"2024-06-20T06:49:30.2223537+00:00","Properties":[]},{"TestCase":{"Id":"2ca668a0-b364-aa85-fafd-c9547de9f652","FullyQualifiedName":"ClientApplicationCoreTests.Controllers.ContactControllerTests.Edit_ContactFailed_WhenModelStateIsInvalid_WhenStateCountryAreNull","DisplayName":"ClientApplicationCoreTests.Controllers.ContactControllerTests.Edit_ContactFailed_WhenModelStateIsInvalid_WhenStateCountryAreNull","ExecutorUri":"executor://xunit/VsTestRunner2/netcoreapp","Source":"C:\\Repos\\Horizon-Feb2024\\PhoneBookApp\\ClientApplicationCoreTests\\bin\\Debug\\net6.0\\fine-code-coverage\\build-output\\ClientApplicationCoreTests.dll","CodeFilePath":null,"LineNumber":0,"Properties":[]},"Attachments":[],"Outcome":1,"ErrorMessage":null,"ErrorStackTrace":null,"DisplayName":"ClientApplicationCoreTests.Controllers.ContactControllerTests.Edit_ContactFailed_WhenModelStateIsInvalid_WhenStateCountryAreNull","Messages":[],"ComputerName":"IN-LT-18284","Duration":"00:00:00.0066329","StartTime":"2024-06-20T06:49:30.2244696+00:00","EndTime":"2024-06-20T06:49:30.2244697+00:00","Properties":[]},{"TestCase":{"Id":"48ab20d1-9ca5-a5e4-4687-e8eca6555a28","FullyQualifiedName":"ClientApplicationCoreTests.Controllers.AuthControllerTests.EditUser_ReturnsRedirectToActionResult_WhenStatusCodeIsBadRequest_ErrorResponseIsNotNull","DisplayName":"ClientApplicationCoreTests.Controllers.AuthControllerTests.EditUser_ReturnsRedirectToActionResult_WhenStatusCodeIsBadRequest_ErrorResponseIsNotNull","ExecutorUri":"executor://xunit/VsTestRunner2/netcoreapp","Source":"C:\\Repos\\Horizon-Feb2024\\PhoneBookApp\\ClientApplicationCoreTests\\bin\\Debug\\net6.0\\fine-code-coverage\\build-output\\ClientApplicationCoreTests.dll","CodeFilePath":null,"LineNumber":0,"Properties":[]},"Attachments":[],"Outcome":1,"ErrorMessage":null,"ErrorStackTrace":null,"DisplayName":"ClientApplicationCoreTests.Controllers.AuthControllerTests.EditUser_ReturnsRedirectToActionResult_WhenStatusCodeIsBadRequest_ErrorResponseIsNotNull","Messages":[],"ComputerName":"IN-LT-18284","Duration":"00:00:00.0017150","StartTime":"2024-06-20T06:49:30.2259909+00:00","EndTime":"2024-06-20T06:49:30.2259909+00:00","Properties":[]},{"TestCase":{"Id":"0824f015-0346-fcee-d2d7-8f4507246120","FullyQualifiedName":"ClientApplicationCoreTests.Controllers.AuthControllerTests.Register_ModelIsInvalid","DisplayName":"ClientApplicationCoreTests.Controllers.AuthControllerTests.Register_ModelIsInvalid","ExecutorUri":"executor://xunit/VsTestRunner2/netcoreapp","Source":"C:\\Repos\\Horizon-Feb2024\\PhoneBookApp\\ClientApplicationCoreTests\\bin\\Debug\\net6.0\\fine-code-coverage\\build-output\\ClientApplicationCoreTests.dll","CodeFilePath":null,"LineNumber":0,"Properties":[]},"Attachments":[],"Outcome":1,"ErrorMessage":null,"ErrorStackTrace":null,"DisplayName":"ClientApplicationCoreTests.Controllers.AuthControllerTests.Register_ModelIsInvalid","Messages":[],"ComputerName":"IN-LT-18284","Duration":"00:00:00.0007633","StartTime":"2024-06-20T06:49:30.2275177+00:00","EndTime":"2024-06-20T06:49:30.2275178+00:00","Properties":[]},{"TestCase":{"Id":"cf5fca5f-0546-b659-220e-462c4b059e8d","FullyQualifiedName":"ClientApplicationCoreTests.Controllers.AuthControllerTests.RegisterSuccess_ReturnsView","DisplayName":"ClientApplicationCoreTests.Controllers.AuthControllerTests.RegisterSuccess_ReturnsView","ExecutorUri":"executor://xunit/VsTestRunner2/netcoreapp","Source":"C:\\Repos\\Horizon-Feb2024\\PhoneBookApp\\ClientApplicationCoreTests\\bin\\Debug\\net6.0\\fine-code-coverage\\build-output\\ClientApplicationCoreTests.dll","CodeFilePath":null,"LineNumber":0,"Properties":[]},"Attachments":[],"Outcome":1,"ErrorMessage":null,"ErrorStackTrace":null,"DisplayName":"ClientApplicationCoreTests.Controllers.AuthControllerTests.RegisterSuccess_ReturnsView","Messages":[],"ComputerName":"IN-LT-18284","Duration":"00:00:00.0002834","StartTime":"2024-06-20T06:49:30.228929+00:00","EndTime":"2024-06-20T06:49:30.2289291+00:00","Properties":[]},{"TestCase":{"Id":"7e32e762-4a9b-a570-2a21-8e87c977fe21","FullyQualifiedName":"ClientApplicationCoreTests.Controllers.AuthControllerTests.Register_RedirectToRegisterSuccess_WhenUserSavedSuccessfully","DisplayName":"ClientApplicationCoreTests.Controllers.AuthControllerTests.Register_RedirectToRegisterSuccess_WhenUserSavedSuccessfully","ExecutorUri":"executor://xunit/VsTestRunner2/netcoreapp","Source":"C:\\Repos\\Horizon-Feb2024\\PhoneBookApp\\ClientApplicationCoreTests\\bin\\Debug\\net6.0\\fine-code-coverage\\build-output\\ClientApplicationCoreTests.dll","CodeFilePath":null,"LineNumber":0,"Properties":[]},"Attachments":[],"Outcome":1,"ErrorMessage":null,"ErrorStackTrace":null,"DisplayName":"ClientApplicationCoreTests.Controllers.AuthControllerTests.Register_RedirectToRegisterSuccess_WhenUserSavedSuccessfully","Messages":[],"ComputerName":"IN-LT-18284","Duration":"00:00:00.0019071","StartTime":"2024-06-20T06:49:30.2308058+00:00","EndTime":"2024-06-20T06:49:30.2308059+00:00","Properties":[]},{"TestCase":{"Id":"4f4efd76-6992-a6c4-ee05-2e82791153de","FullyQualifiedName":"ClientApplicationCoreTests.Controllers.AuthControllerTests.EditUser_ReturnsViewResult_WhenModelStateIsInvalid","DisplayName":"ClientApplicationCoreTests.Controllers.AuthControllerTests.EditUser_ReturnsViewResult_WhenModelStateIsInvalid","ExecutorUri":"executor://xunit/VsTestRunner2/netcoreapp","Source":"C:\\Repos\\Horizon-Feb2024\\PhoneBookApp\\ClientApplicationCoreTests\\bin\\Debug\\net6.0\\fine-code-coverage\\build-output\\ClientApplicationCoreTests.dll","CodeFilePath":null,"LineNumber":0,"Properties":[]},"Attachments":[],"Outcome":1,"ErrorMessage":null,"ErrorStackTrace":null,"DisplayName":"ClientApplicationCoreTests.Controllers.AuthControllerTests.EditUser_ReturnsViewResult_WhenModelStateIsInvalid","Messages":[],"ComputerName":"IN-LT-18284","Duration":"00:00:00.0002344","StartTime":"2024-06-20T06:49:30.2327652+00:00","EndTime":"2024-06-20T06:49:30.2327652+00:00","Properties":[]}],"TestRunStatistics":{"ExecutedTests":16,"Stats":{"Passed":16}},"ActiveTests":[{"Id":"16148e7c-421e-d18a-0405-3110d5ab7e5e","FullyQualifiedName":"ClientApplicationCoreTests.Controllers.ContactControllerTests.ShowAllContactWithPaginationFav_ReturnsEmptyView_WhenTotalCountIsZero","DisplayName":"ClientApplicationCoreTests.Controllers.ContactControllerTests.ShowAllContactWithPaginationFav_ReturnsEmptyView_WhenTotalCountIsZero","ExecutorUri":"executor://xunit/VsTestRunner2/netcoreapp","Source":"C:\\Repos\\Horizon-Feb2024\\PhoneBookApp\\ClientApplicationCoreTests\\bin\\Debug\\net6.0\\fine-code-coverage\\build-output\\ClientApplicationCoreTests.dll","CodeFilePath":null,"LineNumber":0,"Properties":[]},{"Id":"b3c7a882-b68a-c5ba-829c-d3157b083659","FullyQualifiedName":"ClientApplicationCoreTests.Controllers.AuthControllerTests.Login_ReturnsView","DisplayName":"ClientApplicationCoreTests.Controllers.AuthControllerTests.Login_ReturnsView","ExecutorUri":"executor://xunit/VsTestRunner2/netcoreapp","Source":"C:\\Repos\\Horizon-Feb2024\\PhoneBookApp\\ClientApplicationCoreTests\\bin\\Debug\\net6.0\\fine-code-coverage\\build-output\\ClientApplicationCoreTests.dll","CodeFilePath":null,"LineNumber":0,"Properties":[]}]}}
TpTrace Verbose: 0 : 16688, 13, 2024/06/20, 12:19:30.236, 90511617998, vstest.console.dll, TestRunRequest:SendTestRunStatsChange: Starting.
TpTrace Verbose: 0 : 16688, 13, 2024/06/20, 12:19:30.236, 90511618507, vstest.console.dll, InProgress is ClientApplicationCoreTests.Controllers.ContactControllerTests.ShowAllContactWithPaginationFav_ReturnsEmptyView_WhenTotalCountIsZero
TpTrace Verbose: 0 : 16688, 13, 2024/06/20, 12:19:30.236, 90511618668, vstest.console.dll, InProgress is ClientApplicationCoreTests.Controllers.AuthControllerTests.Login_ReturnsView
TpTrace Verbose: 0 : 16688, 13, 2024/06/20, 12:19:30.236, 90511619055, vstest.console.dll, MulticastDelegateUtilities.SafeInvoke: TestRun.RunStatsChanged: Invoking callbacks was skipped because there are no subscribers.
TpTrace Information: 0 : 16688, 13, 2024/06/20, 12:19:30.236, 90511619211, vstest.console.dll, TestRunRequest:SendTestRunStatsChange: Completed.
TpTrace Verbose: 0 : 16688, 13, 2024/06/20, 12:19:30.236, 90511619423, vstest.console.dll, MulticastDelegateUtilities.SafeInvoke: LengthPrefixCommunicationChannel: MessageReceived: Invoking callback 1/1 for Microsoft.VisualStudio.TestPlatform.CommunicationUtilities.TestRequestSender+<>c__DisplayClass34_0., took 1 ms.
TpTrace Verbose: 0 : 16688, 13, 2024/06/20, 12:19:30.236, 90511619619, vstest.console.dll, TcpClientExtensions.MessageLoopAsync: Polling on remoteEndPoint: 127.0.0.1:59754 localEndPoint: 127.0.0.1:59753 after 10 ms
TpTrace Verbose: 0 : 16688, 4, 2024/06/20, 12:19:30.236, 90511619809, vstest.console.dll, MulticastDelegateUtilities.SafeInvoke: InternalTestLoggerEvents.SendTestResult: Invoking callback 1/1 for Microsoft.VisualStudio.TestPlatform.CommandLine.Internal.ConsoleLogger., took 0 ms.
TpTrace Verbose: 0 : 16688, 4, 2024/06/20, 12:19:30.236, 90511620849, vstest.console.dll, MulticastDelegateUtilities.SafeInvoke: InternalTestLoggerEvents.SendTestResult: Invoking callback 1/1 for Microsoft.VisualStudio.TestPlatform.CommandLine.Internal.ConsoleLogger., took 0 ms.
TpTrace Verbose: 0 : 16688, 4, 2024/06/20, 12:19:30.236, 90511621323, vstest.console.dll, MulticastDelegateUtilities.SafeInvoke: InternalTestLoggerEvents.SendTestResult: Invoking callback 1/1 for Microsoft.VisualStudio.TestPlatform.CommandLine.Internal.ConsoleLogger., took 0 ms.
TpTrace Verbose: 0 : 16688, 4, 2024/06/20, 12:19:30.236, 90511621601, vstest.console.dll, MulticastDelegateUtilities.SafeInvoke: InternalTestLoggerEvents.SendTestResult: Invoking callback 1/1 for Microsoft.VisualStudio.TestPlatform.CommandLine.Internal.ConsoleLogger., took 0 ms.
TpTrace Verbose: 0 : 16688, 4, 2024/06/20, 12:19:30.236, 90511621937, vstest.console.dll, MulticastDelegateUtilities.SafeInvoke: InternalTestLoggerEvents.SendTestResult: Invoking callback 1/1 for Microsoft.VisualStudio.TestPlatform.CommandLine.Internal.ConsoleLogger., took 0 ms.
TpTrace Verbose: 0 : 16688, 4, 2024/06/20, 12:19:30.236, 90511622198, vstest.console.dll, MulticastDelegateUtilities.SafeInvoke: InternalTestLoggerEvents.SendTestResult: Invoking callback 1/1 for Microsoft.VisualStudio.TestPlatform.CommandLine.Internal.ConsoleLogger., took 0 ms.
TpTrace Verbose: 0 : 16688, 4, 2024/06/20, 12:19:30.236, 90511622458, vstest.console.dll, MulticastDelegateUtilities.SafeInvoke: InternalTestLoggerEvents.SendTestResult: Invoking callback 1/1 for Microsoft.VisualStudio.TestPlatform.CommandLine.Internal.ConsoleLogger., took 0 ms.
TpTrace Verbose: 0 : 16688, 4, 2024/06/20, 12:19:30.236, 90511622872, vstest.console.dll, MulticastDelegateUtilities.SafeInvoke: InternalTestLoggerEvents.SendTestResult: Invoking callback 1/1 for Microsoft.VisualStudio.TestPlatform.CommandLine.Internal.ConsoleLogger., took 0 ms.
TpTrace Verbose: 0 : 16688, 13, 2024/06/20, 12:19:30.252, 90511781823, vstest.console.dll, TcpClientExtensions.MessageLoopAsync: NotifyDataAvailable remoteEndPoint: 127.0.0.1:59754 localEndPoint: 127.0.0.1:59753
TpTrace Verbose: 0 : 16688, 13, 2024/06/20, 12:19:30.253, 90511783876, vstest.console.dll, TestRequestSender.OnExecutionMessageReceived: Received message: {"Version":7,"MessageType":"TestExecution.StatsChange","Payload":{"NewTestResults":[{"TestCase":{"Id":"b3c7a882-b68a-c5ba-829c-d3157b083659","FullyQualifiedName":"ClientApplicationCoreTests.Controllers.AuthControllerTests.Login_ReturnsView","DisplayName":"ClientApplicationCoreTests.Controllers.AuthControllerTests.Login_ReturnsView","ExecutorUri":"executor://xunit/VsTestRunner2/netcoreapp","Source":"C:\\Repos\\Horizon-Feb2024\\PhoneBookApp\\ClientApplicationCoreTests\\bin\\Debug\\net6.0\\fine-code-coverage\\build-output\\ClientApplicationCoreTests.dll","CodeFilePath":null,"LineNumber":0,"Properties":[]},"Attachments":[],"Outcome":1,"ErrorMessage":null,"ErrorStackTrace":null,"DisplayName":"ClientApplicationCoreTests.Controllers.AuthControllerTests.Login_ReturnsView","Messages":[],"ComputerName":"IN-LT-18284","Duration":"00:00:00.0002318","StartTime":"2024-06-20T06:49:30.2360484+00:00","EndTime":"2024-06-20T06:49:30.2360485+00:00","Properties":[]},{"TestCase":{"Id":"cc628d44-cf0e-cc58-df6a-f68e57f727cc","FullyQualifiedName":"ClientApplicationCoreTests.Controllers.AuthControllerTests.Edit_RedirectToActionResult_WhenUserNotUpdatedSuccessfullyWhenFileIsNotNull_FileSizeIsLarge","DisplayName":"ClientApplicationCoreTests.Controllers.AuthControllerTests.Edit_RedirectToActionResult_WhenUserNotUpdatedSuccessfullyWhenFileIsNotNull_FileSizeIsLarge","ExecutorUri":"executor://xunit/VsTestRunner2/netcoreapp","Source":"C:\\Repos\\Horizon-Feb2024\\PhoneBookApp\\ClientApplicationCoreTests\\bin\\Debug\\net6.0\\fine-code-coverage\\build-output\\ClientApplicationCoreTests.dll","CodeFilePath":null,"LineNumber":0,"Properties":[]},"Attachments":[],"Outcome":1,"ErrorMessage":null,"ErrorStackTrace":null,"DisplayName":"ClientApplicationCoreTests.Controllers.AuthControllerTests.Edit_RedirectToActionResult_WhenUserNotUpdatedSuccessfullyWhenFileIsNotNull_FileSizeIsLarge","Messages":[],"ComputerName":"IN-LT-18284","Duration":"00:00:00.0005687","StartTime":"2024-06-20T06:49:30.2379427+00:00","EndTime":"2024-06-20T06:49:30.2379427+00:00","Properties":[]},{"TestCase":{"Id":"fabc12df-bd56-0d2d-ee7d-ee5e6789d65f","FullyQualifiedName":"ClientApplicationCoreTests.Controllers.AuthControllerTests.Logout_DeleteJwtToken","DisplayName":"ClientApplicationCoreTests.Controllers.AuthControllerTests.Logout_DeleteJwtToken","ExecutorUri":"executor://xunit/VsTestRunner2/netcoreapp","Source":"C:\\Repos\\Horizon-Feb2024\\PhoneBookApp\\ClientApplicationCoreTests\\bin\\Debug\\net6.0\\fine-code-coverage\\build-output\\ClientApplicationCoreTests.dll","CodeFilePath":null,"LineNumber":0,"Properties":[]},"Attachments":[],"Outcome":1,"ErrorMessage":null,"ErrorStackTrace":null,"DisplayName":"ClientApplicationCoreTests.Controllers.AuthControllerTests.Logout_DeleteJwtToken","Messages":[],"ComputerName":"IN-LT-18284","Duration":"00:00:00.0087813","StartTime":"2024-06-20T06:49:30.2398211+00:00","EndTime":"2024-06-20T06:49:30.2398212+00:00","Properties":[]},{"TestCase":{"Id":"debb460a-6280-cf30-4842-b0db916f0455","FullyQualifiedName":"ClientApplicationCoreTests.Controllers.AuthControllerTests.Login_RedirectToAction_WhenBadRequest","DisplayName":"ClientApplicationCoreTests.Controllers.AuthControllerTests.Login_RedirectToAction_WhenBadRequest","ExecutorUri":"executor://xunit/VsTestRunner2/netcoreapp","Source":"C:\\Repos\\Horizon-Feb2024\\PhoneBookApp\\ClientApplicationCoreTests\\bin\\Debug\\net6.0\\fine-code-coverage\\build-output\\ClientApplicationCoreTests.dll","CodeFilePath":null,"LineNumber":0,"Properties":[]},"Attachments":[],"Outcome":1,"ErrorMessage":null,"ErrorStackTrace":null,"DisplayName":"ClientApplicationCoreTests.Controllers.AuthControllerTests.Login_RedirectToAction_WhenBadRequest","Messages":[],"ComputerName":"IN-LT-18284","Duration":"00:00:00.0018762","StartTime":"2024-06-20T06:49:30.2416406+00:00","EndTime":"2024-06-20T06:49:30.2416407+00:00","Properties":[]},{"TestCase":{"Id":"a2c3a960-190b-3fbd-e7e0-b732d1ca27c7","FullyQualifiedName":"ClientApplicationCoreTests.Controllers.AuthControllerTests.ForgotPasswordConfirmation_ReturnView","DisplayName":"ClientApplicationCoreTests.Controllers.AuthControllerTests.ForgotPasswordConfirmation_ReturnView","ExecutorUri":"executor://xunit/VsTestRunner2/netcoreapp","Source":"C:\\Repos\\Horizon-Feb2024\\PhoneBookApp\\ClientApplicationCoreTests\\bin\\Debug\\net6.0\\fine-code-coverage\\build-output\\ClientApplicationCoreTests.dll","CodeFilePath":null,"LineNumber":0,"Properties":[]},"Attachments":[],"Outcome":1,"ErrorMessage":null,"ErrorStackTrace":null,"DisplayName":"ClientApplicationCoreTests.Controllers.AuthControllerTests.ForgotPasswordConfirmation_ReturnView","Messages":[],"ComputerName":"IN-LT-18284","Duration":"00:00:00.0002548","StartTime":"2024-06-20T06:49:30.2435576+00:00","EndTime":"2024-06-20T06:49:30.2435576+00:00","Properties":[]},{"TestCase":{"Id":"b7fd91e5-acef-1120-a32b-6b210ba0c987","FullyQualifiedName":"ClientApplicationCoreTests.Controllers.AuthControllerTests.Edit_ReturnsRedirectToActionResult_WhenDataIsNull","DisplayName":"ClientApplicationCoreTests.Controllers.AuthControllerTests.Edit_ReturnsRedirectToActionResult_WhenDataIsNull","ExecutorUri":"executor://xunit/VsTestRunner2/netcoreapp","Source":"C:\\Repos\\Horizon-Feb2024\\PhoneBookApp\\ClientApplicationCoreTests\\bin\\Debug\\net6.0\\fine-code-coverage\\build-output\\ClientApplicationCoreTests.dll","CodeFilePath":null,"LineNumber":0,"Properties":[]},"Attachments":[],"Outcome":1,"ErrorMessage":null,"ErrorStackTrace":null,"DisplayName":"ClientApplicationCoreTests.Controllers.AuthControllerTests.Edit_ReturnsRedirectToActionResult_WhenDataIsNull","Messages":[],"ComputerName":"IN-LT-18284","Duration":"00:00:00.0102072","StartTime":"2024-06-20T06:49:30.2455461+00:00","EndTime":"2024-06-20T06:49:30.2455462+00:00","Properties":[]},{"TestCase":{"Id":"03e3df6b-f2fd-dd99-c8eb-b00997be9d99","FullyQualifiedName":"ClientApplicationCoreTests.Controllers.AuthControllerTests.Register_ReturnView_WhenBadRequest_WhenSomethingWentWrong","DisplayName":"ClientApplicationCoreTests.Controllers.AuthControllerTests.Register_ReturnView_WhenBadRequest_WhenSomethingWentWrong","ExecutorUri":"executor://xunit/VsTestRunner2/netcoreapp","Source":"C:\\Repos\\Horizon-Feb2024\\PhoneBookApp\\ClientApplicationCoreTests\\bin\\Debug\\net6.0\\fine-code-coverage\\build-output\\ClientApplicationCoreTests.dll","CodeFilePath":null,"LineNumber":0,"Properties":[]},"Attachments":[],"Outcome":1,"ErrorMessage":null,"ErrorStackTrace":null,"DisplayName":"ClientApplicationCoreTests.Controllers.AuthControllerTests.Register_ReturnView_WhenBadRequest_WhenSomethingWentWrong","Messages":[],"ComputerName":"IN-LT-18284","Duration":"00:00:00.0018526","StartTime":"2024-06-20T06:49:30.2474987+00:00","EndTime":"2024-06-20T06:49:30.2474987+00:00","Properties":[]},{"TestCase":{"Id":"f93c28e1-03d6-fbb5-0a0d-b985214cf01a","FullyQualifiedName":"ClientApplicationCoreTests.Controllers.AuthControllerTests.Register_ReturnsView","DisplayName":"ClientApplicationCoreTests.Controllers.AuthControllerTests.Register_ReturnsView","ExecutorUri":"executor://xunit/VsTestRunner2/netcoreapp","Source":"C:\\Repos\\Horizon-Feb2024\\PhoneBookApp\\ClientApplicationCoreTests\\bin\\Debug\\net6.0\\fine-code-coverage\\build-output\\ClientApplicationCoreTests.dll","CodeFilePath":null,"LineNumber":0,"Properties":[]},"Attachments":[],"Outcome":1,"ErrorMessage":null,"ErrorStackTrace":null,"DisplayName":"ClientApplicationCoreTests.Controllers.AuthControllerTests.Register_ReturnsView","Messages":[],"ComputerName":"IN-LT-18284","Duration":"00:00:00.0002674","StartTime":"2024-06-20T06:49:30.2492922+00:00","EndTime":"2024-06-20T06:49:30.2492922+00:00","Properties":[]},{"TestCase":{"Id":"7ef00ba0-7ba8-7ba6-4eee-644f773a5efb","FullyQualifiedName":"ClientApplicationCoreTests.Controllers.AuthControllerTests.Edit_ReturnsViewResult_WhenUserDetailsObtainedSuccessfully","DisplayName":"ClientApplicationCoreTests.Controllers.AuthControllerTests.Edit_ReturnsViewResult_WhenUserDetailsObtainedSuccessfully","ExecutorUri":"executor://xunit/VsTestRunner2/netcoreapp","Source":"C:\\Repos\\Horizon-Feb2024\\PhoneBookApp\\ClientApplicationCoreTests\\bin\\Debug\\net6.0\\fine-code-coverage\\build-output\\ClientApplicationCoreTests.dll","CodeFilePath":null,"LineNumber":0,"Properties":[]},"Attachments":[],"Outcome":1,"ErrorMessage":null,"ErrorStackTrace":null,"DisplayName":"ClientApplicationCoreTests.Controllers.AuthControllerTests.Edit_ReturnsViewResult_WhenUserDetailsObtainedSuccessfully","Messages":[],"ComputerName":"IN-LT-18284","Duration":"00:00:00.0012631","StartTime":"2024-06-20T06:49:30.2510427+00:00","EndTime":"2024-06-20T06:49:30.2510428+00:00","Properties":[]}],"TestRunStatistics":{"ExecutedTests":25,"Stats":{"Passed":25}},"ActiveTests":[{"Id":"313da555-11d6-7ce7-4f8f-d613cf3f88cb","FullyQualifiedName":"ClientApplicationCoreTests.Controllers.AuthControllerTests.ForgotPassword_ReturnView","DisplayName":"ClientApplicationCoreTests.Controllers.AuthControllerTests.ForgotPassword_ReturnView","ExecutorUri":"executor://xunit/VsTestRunner2/netcoreapp","Source":"C:\\Repos\\Horizon-Feb2024\\PhoneBookApp\\ClientApplicationCoreTests\\bin\\Debug\\net6.0\\fine-code-coverage\\build-output\\ClientApplicationCoreTests.dll","CodeFilePath":null,"LineNumber":0,"Properties":[]}]}}
TpTrace Verbose: 0 : 16688, 13, 2024/06/20, 12:19:30.253, 90511789382, vstest.console.dll, TestRunRequest:SendTestRunStatsChange: Starting.
TpTrace Verbose: 0 : 16688, 13, 2024/06/20, 12:19:30.253, 90511789785, vstest.console.dll, InProgress is ClientApplicationCoreTests.Controllers.AuthControllerTests.ForgotPassword_ReturnView
TpTrace Verbose: 0 : 16688, 13, 2024/06/20, 12:19:30.253, 90511790181, vstest.console.dll, MulticastDelegateUtilities.SafeInvoke: TestRun.RunStatsChanged: Invoking callbacks was skipped because there are no subscribers.
TpTrace Information: 0 : 16688, 13, 2024/06/20, 12:19:30.253, 90511790368, vstest.console.dll, TestRunRequest:SendTestRunStatsChange: Completed.
TpTrace Verbose: 0 : 16688, 13, 2024/06/20, 12:19:30.253, 90511790666, vstest.console.dll, MulticastDelegateUtilities.SafeInvoke: LengthPrefixCommunicationChannel: MessageReceived: Invoking callback 1/1 for Microsoft.VisualStudio.TestPlatform.CommunicationUtilities.TestRequestSender+<>c__DisplayClass34_0., took 0 ms.
TpTrace Verbose: 0 : 16688, 13, 2024/06/20, 12:19:30.253, 90511790936, vstest.console.dll, TcpClientExtensions.MessageLoopAsync: Polling on remoteEndPoint: 127.0.0.1:59754 localEndPoint: 127.0.0.1:59753 after 17 ms
TpTrace Verbose: 0 : 16688, 4, 2024/06/20, 12:19:30.253, 90511791082, vstest.console.dll, MulticastDelegateUtilities.SafeInvoke: InternalTestLoggerEvents.SendTestResult: Invoking callback 1/1 for Microsoft.VisualStudio.TestPlatform.CommandLine.Internal.ConsoleLogger., took 0 ms.
TpTrace Verbose: 0 : 16688, 4, 2024/06/20, 12:19:30.253, 90511791842, vstest.console.dll, MulticastDelegateUtilities.SafeInvoke: InternalTestLoggerEvents.SendTestResult: Invoking callback 1/1 for Microsoft.VisualStudio.TestPlatform.CommandLine.Internal.ConsoleLogger., took 0 ms.
TpTrace Verbose: 0 : 16688, 4, 2024/06/20, 12:19:30.253, 90511792201, vstest.console.dll, MulticastDelegateUtilities.SafeInvoke: InternalTestLoggerEvents.SendTestResult: Invoking callback 1/1 for Microsoft.VisualStudio.TestPlatform.CommandLine.Internal.ConsoleLogger., took 0 ms.
TpTrace Verbose: 0 : 16688, 4, 2024/06/20, 12:19:30.253, 90511792438, vstest.console.dll, MulticastDelegateUtilities.SafeInvoke: InternalTestLoggerEvents.SendTestResult: Invoking callback 1/1 for Microsoft.VisualStudio.TestPlatform.CommandLine.Internal.ConsoleLogger., took 0 ms.
TpTrace Verbose: 0 : 16688, 4, 2024/06/20, 12:19:30.253, 90511792665, vstest.console.dll, MulticastDelegateUtilities.SafeInvoke: InternalTestLoggerEvents.SendTestResult: Invoking callback 1/1 for Microsoft.VisualStudio.TestPlatform.CommandLine.Internal.ConsoleLogger., took 0 ms.
TpTrace Verbose: 0 : 16688, 4, 2024/06/20, 12:19:30.253, 90511792912, vstest.console.dll, MulticastDelegateUtilities.SafeInvoke: InternalTestLoggerEvents.SendTestResult: Invoking callback 1/1 for Microsoft.VisualStudio.TestPlatform.CommandLine.Internal.ConsoleLogger., took 0 ms.
TpTrace Verbose: 0 : 16688, 4, 2024/06/20, 12:19:30.253, 90511793118, vstest.console.dll, MulticastDelegateUtilities.SafeInvoke: InternalTestLoggerEvents.SendTestResult: Invoking callback 1/1 for Microsoft.VisualStudio.TestPlatform.CommandLine.Internal.ConsoleLogger., took 0 ms.
TpTrace Verbose: 0 : 16688, 4, 2024/06/20, 12:19:30.254, 90511793319, vstest.console.dll, MulticastDelegateUtilities.SafeInvoke: InternalTestLoggerEvents.SendTestResult: Invoking callback 1/1 for Microsoft.VisualStudio.TestPlatform.CommandLine.Internal.ConsoleLogger., took 0 ms.
TpTrace Verbose: 0 : 16688, 4, 2024/06/20, 12:19:30.254, 90511793543, vstest.console.dll, MulticastDelegateUtilities.SafeInvoke: InternalTestLoggerEvents.SendTestResult: Invoking callback 1/1 for Microsoft.VisualStudio.TestPlatform.CommandLine.Internal.ConsoleLogger., took 0 ms.
TpTrace Verbose: 0 : 16688, 13, 2024/06/20, 12:19:30.274, 90511993628, vstest.console.dll, TcpClientExtensions.MessageLoopAsync: NotifyDataAvailable remoteEndPoint: 127.0.0.1:59754 localEndPoint: 127.0.0.1:59753
TpTrace Verbose: 0 : 16688, 13, 2024/06/20, 12:19:30.274, 90511995565, vstest.console.dll, TestRequestSender.OnExecutionMessageReceived: Received message: {"Version":7,"MessageType":"TestExecution.StatsChange","Payload":{"NewTestResults":[{"TestCase":{"Id":"313da555-11d6-7ce7-4f8f-d613cf3f88cb","FullyQualifiedName":"ClientApplicationCoreTests.Controllers.AuthControllerTests.ForgotPassword_ReturnView","DisplayName":"ClientApplicationCoreTests.Controllers.AuthControllerTests.ForgotPassword_ReturnView","ExecutorUri":"executor://xunit/VsTestRunner2/netcoreapp","Source":"C:\\Repos\\Horizon-Feb2024\\PhoneBookApp\\ClientApplicationCoreTests\\bin\\Debug\\net6.0\\fine-code-coverage\\build-output\\ClientApplicationCoreTests.dll","CodeFilePath":null,"LineNumber":0,"Properties":[]},"Attachments":[],"Outcome":1,"ErrorMessage":null,"ErrorStackTrace":null,"DisplayName":"ClientApplicationCoreTests.Controllers.AuthControllerTests.ForgotPassword_ReturnView","Messages":[],"ComputerName":"IN-LT-18284","Duration":"00:00:00.0002057","StartTime":"2024-06-20T06:49:30.253514+00:00","EndTime":"2024-06-20T06:49:30.2535141+00:00","Properties":[]},{"TestCase":{"Id":"16148e7c-421e-d18a-0405-3110d5ab7e5e","FullyQualifiedName":"ClientApplicationCoreTests.Controllers.ContactControllerTests.ShowAllContactWithPaginationFav_ReturnsEmptyView_WhenTotalCountIsZero","DisplayName":"ClientApplicationCoreTests.Controllers.ContactControllerTests.ShowAllContactWithPaginationFav_ReturnsEmptyView_WhenTotalCountIsZero","ExecutorUri":"executor://xunit/VsTestRunner2/netcoreapp","Source":"C:\\Repos\\Horizon-Feb2024\\PhoneBookApp\\ClientApplicationCoreTests\\bin\\Debug\\net6.0\\fine-code-coverage\\build-output\\ClientApplicationCoreTests.dll","CodeFilePath":null,"LineNumber":0,"Properties":[]},"Attachments":[],"Outcome":1,"ErrorMessage":null,"ErrorStackTrace":null,"DisplayName":"ClientApplicationCoreTests.Controllers.ContactControllerTests.ShowAllContactWithPaginationFav_ReturnsEmptyView_WhenTotalCountIsZero","Messages":[],"ComputerName":"IN-LT-18284","Duration":"00:00:00.0303039","StartTime":"2024-06-20T06:49:30.25838+00:00","EndTime":"2024-06-20T06:49:30.25838+00:00","Properties":[]},{"TestCase":{"Id":"1630f101-ff21-6336-33a8-c59a1ace318c","FullyQualifiedName":"ClientApplicationCoreTests.Controllers.AuthControllerTests.ChangePassword_RedirectToForgotPasswordConfirmation_WhenUserSuccessfullyUpdatePassword","DisplayName":"ClientApplicationCoreTests.Controllers.AuthControllerTests.ChangePassword_RedirectToForgotPasswordConfirmation_WhenUserSuccessfullyUpdatePassword","ExecutorUri":"executor://xunit/VsTestRunner2/netcoreapp","Source":"C:\\Repos\\Horizon-Feb2024\\PhoneBookApp\\ClientApplicationCoreTests\\bin\\Debug\\net6.0\\fine-code-coverage\\build-output\\ClientApplicationCoreTests.dll","CodeFilePath":null,"LineNumber":0,"Properties":[]},"Attachments":[],"Outcome":1,"ErrorMessage":null,"ErrorStackTrace":null,"DisplayName":"ClientApplicationCoreTests.Controllers.AuthControllerTests.ChangePassword_RedirectToForgotPasswordConfirmation_WhenUserSuccessfullyUpdatePassword","Messages":[],"ComputerName":"IN-LT-18284","Duration":"00:00:00.0022994","StartTime":"2024-06-20T06:49:30.2603224+00:00","EndTime":"2024-06-20T06:49:30.2603225+00:00","Properties":[]},{"TestCase":{"Id":"07e59f34-f746-7a02-b6d7-6e14061c4342","FullyQualifiedName":"ClientApplicationCoreTests.Controllers.ContactControllerTests.Create_ReturnsView","DisplayName":"ClientApplicationCoreTests.Controllers.ContactControllerTests.Create_ReturnsView","ExecutorUri":"executor://xunit/VsTestRunner2/netcoreapp","Source":"C:\\Repos\\Horizon-Feb2024\\PhoneBookApp\\ClientApplicationCoreTests\\bin\\Debug\\net6.0\\fine-code-coverage\\build-output\\ClientApplicationCoreTests.dll","CodeFilePath":null,"LineNumber":0,"Properties":[]},"Attachments":[],"Outcome":1,"ErrorMessage":null,"ErrorStackTrace":null,"DisplayName":"ClientApplicationCoreTests.Controllers.ContactControllerTests.Create_ReturnsView","Messages":[],"ComputerName":"IN-LT-18284","Duration":"00:00:00.0032861","StartTime":"2024-06-20T06:49:30.2622012+00:00","EndTime":"2024-06-20T06:49:30.2622013+00:00","Properties":[]},{"TestCase":{"Id":"8d6001c9-4462-2167-860e-43a3ad8a1e3d","FullyQualifiedName":"ClientApplicationCoreTests.Controllers.AuthControllerTests.ChangePassword_RedirectToAction_WhenBadRequest","DisplayName":"ClientApplicationCoreTests.Controllers.AuthControllerTests.ChangePassword_RedirectToAction_WhenBadRequest","ExecutorUri":"executor://xunit/VsTestRunner2/netcoreapp","Source":"C:\\Repos\\Horizon-Feb2024\\PhoneBookApp\\ClientApplicationCoreTests\\bin\\Debug\\net6.0\\fine-code-coverage\\build-output\\ClientApplicationCoreTests.dll","CodeFilePath":null,"LineNumber":0,"Properties":[]},"Attachments":[],"Outcome":1,"ErrorMessage":null,"ErrorStackTrace":null,"DisplayName":"ClientApplicationCoreTests.Controllers.AuthControllerTests.ChangePassword_RedirectToAction_WhenBadRequest","Messages":[],"ComputerName":"IN-LT-18284","Duration":"00:00:00.0016783","StartTime":"2024-06-20T06:49:30.2642152+00:00","EndTime":"2024-06-20T06:49:30.2642153+00:00","Properties":[]},{"TestCase":{"Id":"97ef07e4-36fe-4116-a477-e3dc839fa922","FullyQualifiedName":"ClientApplicationCoreTests.Controllers.ContactControllerTests.Create_ReturnsViewResultWithErrorMessage_WhenResponseIsNotSuccess","DisplayName":"ClientApplicationCoreTests.Controllers.ContactControllerTests.Create_ReturnsViewResultWithErrorMessage_WhenResponseIsNotSuccess","ExecutorUri":"executor://xunit/VsTestRunner2/netcoreapp","Source":"C:\\Repos\\Horizon-Feb2024\\PhoneBookApp\\ClientApplicationCoreTests\\bin\\Debug\\net6.0\\fine-code-coverage\\build-output\\ClientApplicationCoreTests.dll","CodeFilePath":null,"LineNumber":0,"Properties":[]},"Attachments":[],"Outcome":1,"ErrorMessage":null,"ErrorStackTrace":null,"DisplayName":"ClientApplicationCoreTests.Controllers.ContactControllerTests.Create_ReturnsViewResultWithErrorMessage_WhenResponseIsNotSuccess","Messages":[],"ComputerName":"IN-LT-18284","Duration":"00:00:00.0038975","StartTime":"2024-06-20T06:49:30.2684907+00:00","EndTime":"2024-06-20T06:49:30.2684907+00:00","Properties":[]},{"TestCase":{"Id":"46a45867-3f88-1f5d-b2ae-3dbdcebca549","FullyQualifiedName":"ClientApplicationCoreTests.Controllers.AuthControllerTests.ForgotPasswordConfirmation_ReturnView_WhenBadRequest","DisplayName":"ClientApplicationCoreTests.Controllers.AuthControllerTests.ForgotPasswordConfirmation_ReturnView_WhenBadRequest","ExecutorUri":"executor://xunit/VsTestRunner2/netcoreapp","Source":"C:\\Repos\\Horizon-Feb2024\\PhoneBookApp\\ClientApplicationCoreTests\\bin\\Debug\\net6.0\\fine-code-coverage\\build-output\\ClientApplicationCoreTests.dll","CodeFilePath":null,"LineNumber":0,"Properties":[]},"Attachments":[],"Outcome":1,"ErrorMessage":null,"ErrorStackTrace":null,"DisplayName":"ClientApplicationCoreTests.Controllers.AuthControllerTests.ForgotPasswordConfirmation_ReturnView_WhenBadRequest","Messages":[],"ComputerName":"IN-LT-18284","Duration":"00:00:00.0042190","StartTime":"2024-06-20T06:49:30.2704799+00:00","EndTime":"2024-06-20T06:49:30.27048+00:00","Properties":[]},{"TestCase":{"Id":"40a04a20-fb72-2557-71d1-a5ff612fbede","FullyQualifiedName":"ClientApplicationCoreTests.Controllers.ContactControllerTests.Details_ReturnsRedirectWithErrorMessage_WhenServiceResponseIsNotSuccessful","DisplayName":"ClientApplicationCoreTests.Controllers.ContactControllerTests.Details_ReturnsRedirectWithErrorMessage_WhenServiceResponseIsNotSuccessful","ExecutorUri":"executor://xunit/VsTestRunner2/netcoreapp","Source":"C:\\Repos\\Horizon-Feb2024\\PhoneBookApp\\ClientApplicationCoreTests\\bin\\Debug\\net6.0\\fine-code-coverage\\build-output\\ClientApplicationCoreTests.dll","CodeFilePath":null,"LineNumber":0,"Properties":[]},"Attachments":[],"Outcome":1,"ErrorMessage":null,"ErrorStackTrace":null,"DisplayName":"ClientApplicationCoreTests.Controllers.ContactControllerTests.Details_ReturnsRedirectWithErrorMessage_WhenServiceResponseIsNotSuccessful","Messages":[],"ComputerName":"IN-LT-18284","Duration":"00:00:00.0010967","StartTime":"2024-06-20T06:49:30.2723871+00:00","EndTime":"2024-06-20T06:49:30.2723872+00:00","Properties":[]}],"TestRunStatistics":{"ExecutedTests":33,"Stats":{"Passed":33}},"ActiveTests":[{"Id":"faf914e0-2b5d-31cd-31b3-239224642790","FullyQualifiedName":"ClientApplicationCoreTests.Controllers.AuthControllerTests.Edit_ReturnsRedirectToActionResult_WhenStatusCodeIsBadRequest_ErrorResponseIsNotNull","DisplayName":"ClientApplicationCoreTests.Controllers.AuthControllerTests.Edit_ReturnsRedirectToActionResult_WhenStatusCodeIsBadRequest_ErrorResponseIsNotNull","ExecutorUri":"executor://xunit/VsTestRunner2/netcoreapp","Source":"C:\\Repos\\Horizon-Feb2024\\PhoneBookApp\\ClientApplicationCoreTests\\bin\\Debug\\net6.0\\fine-code-coverage\\build-output\\ClientApplicationCoreTests.dll","CodeFilePath":null,"LineNumber":0,"Properties":[]},{"Id":"b3a3496b-df5e-1eb9-c07b-f3c7097ae4ec","FullyQualifiedName":"ClientApplicationCoreTests.Controllers.ContactControllerTests.Edit_ReturnsView_WhenStatusCodeIsSuccess","DisplayName":"ClientApplicationCoreTests.Controllers.ContactControllerTests.Edit_ReturnsView_WhenStatusCodeIsSuccess","ExecutorUri":"executor://xunit/VsTestRunner2/netcoreapp","Source":"C:\\Repos\\Horizon-Feb2024\\PhoneBookApp\\ClientApplicationCoreTests\\bin\\Debug\\net6.0\\fine-code-coverage\\build-output\\ClientApplicationCoreTests.dll","CodeFilePath":null,"LineNumber":0,"Properties":[]}]}}
TpTrace Verbose: 0 : 16688, 13, 2024/06/20, 12:19:30.274, 90512001750, vstest.console.dll, TestRunRequest:SendTestRunStatsChange: Starting.
TpTrace Verbose: 0 : 16688, 13, 2024/06/20, 12:19:30.274, 90512002269, vstest.console.dll, InProgress is ClientApplicationCoreTests.Controllers.AuthControllerTests.Edit_ReturnsRedirectToActionResult_WhenStatusCodeIsBadRequest_ErrorResponseIsNotNull
TpTrace Verbose: 0 : 16688, 13, 2024/06/20, 12:19:30.274, 90512002430, vstest.console.dll, InProgress is ClientApplicationCoreTests.Controllers.ContactControllerTests.Edit_ReturnsView_WhenStatusCodeIsSuccess
TpTrace Verbose: 0 : 16688, 13, 2024/06/20, 12:19:30.274, 90512002824, vstest.console.dll, MulticastDelegateUtilities.SafeInvoke: TestRun.RunStatsChanged: Invoking callbacks was skipped because there are no subscribers.
TpTrace Information: 0 : 16688, 13, 2024/06/20, 12:19:30.274, 90512003125, vstest.console.dll, TestRunRequest:SendTestRunStatsChange: Completed.
TpTrace Verbose: 0 : 16688, 13, 2024/06/20, 12:19:30.275, 90512003375, vstest.console.dll, MulticastDelegateUtilities.SafeInvoke: LengthPrefixCommunicationChannel: MessageReceived: Invoking callback 1/1 for Microsoft.VisualStudio.TestPlatform.CommunicationUtilities.TestRequestSender+<>c__DisplayClass34_0., took 0 ms.
TpTrace Verbose: 0 : 16688, 4, 2024/06/20, 12:19:30.275, 90512003443, vstest.console.dll, MulticastDelegateUtilities.SafeInvoke: InternalTestLoggerEvents.SendTestResult: Invoking callback 1/1 for Microsoft.VisualStudio.TestPlatform.CommandLine.Internal.ConsoleLogger., took 0 ms.
TpTrace Verbose: 0 : 16688, 4, 2024/06/20, 12:19:30.275, 90512004129, vstest.console.dll, MulticastDelegateUtilities.SafeInvoke: InternalTestLoggerEvents.SendTestResult: Invoking callback 1/1 for Microsoft.VisualStudio.TestPlatform.CommandLine.Internal.ConsoleLogger., took 0 ms.
TpTrace Verbose: 0 : 16688, 13, 2024/06/20, 12:19:30.275, 90512003645, vstest.console.dll, TcpClientExtensions.MessageLoopAsync: Polling on remoteEndPoint: 127.0.0.1:59754 localEndPoint: 127.0.0.1:59753 after 21 ms
TpTrace Verbose: 0 : 16688, 4, 2024/06/20, 12:19:30.275, 90512005206, vstest.console.dll, MulticastDelegateUtilities.SafeInvoke: InternalTestLoggerEvents.SendTestResult: Invoking callback 1/1 for Microsoft.VisualStudio.TestPlatform.CommandLine.Internal.ConsoleLogger., took 0 ms.
TpTrace Verbose: 0 : 16688, 4, 2024/06/20, 12:19:30.275, 90512005486, vstest.console.dll, MulticastDelegateUtilities.SafeInvoke: InternalTestLoggerEvents.SendTestResult: Invoking callback 1/1 for Microsoft.VisualStudio.TestPlatform.CommandLine.Internal.ConsoleLogger., took 0 ms.
TpTrace Verbose: 0 : 16688, 4, 2024/06/20, 12:19:30.275, 90512005782, vstest.console.dll, MulticastDelegateUtilities.SafeInvoke: InternalTestLoggerEvents.SendTestResult: Invoking callback 1/1 for Microsoft.VisualStudio.TestPlatform.CommandLine.Internal.ConsoleLogger., took 0 ms.
TpTrace Verbose: 0 : 16688, 4, 2024/06/20, 12:19:30.275, 90512005993, vstest.console.dll, MulticastDelegateUtilities.SafeInvoke: InternalTestLoggerEvents.SendTestResult: Invoking callback 1/1 for Microsoft.VisualStudio.TestPlatform.CommandLine.Internal.ConsoleLogger., took 0 ms.
TpTrace Verbose: 0 : 16688, 4, 2024/06/20, 12:19:30.275, 90512006195, vstest.console.dll, MulticastDelegateUtilities.SafeInvoke: InternalTestLoggerEvents.SendTestResult: Invoking callback 1/1 for Microsoft.VisualStudio.TestPlatform.CommandLine.Internal.ConsoleLogger., took 0 ms.
TpTrace Verbose: 0 : 16688, 4, 2024/06/20, 12:19:30.275, 90512006716, vstest.console.dll, MulticastDelegateUtilities.SafeInvoke: InternalTestLoggerEvents.SendTestResult: Invoking callback 1/1 for Microsoft.VisualStudio.TestPlatform.CommandLine.Internal.ConsoleLogger., took 0 ms.
TpTrace Verbose: 0 : 16688, 13, 2024/06/20, 12:19:30.289, 90512144016, vstest.console.dll, TcpClientExtensions.MessageLoopAsync: NotifyDataAvailable remoteEndPoint: 127.0.0.1:59754 localEndPoint: 127.0.0.1:59753
TpTrace Verbose: 0 : 16688, 13, 2024/06/20, 12:19:30.289, 90512145994, vstest.console.dll, TestRequestSender.OnExecutionMessageReceived: Received message: {"Version":7,"MessageType":"TestExecution.StatsChange","Payload":{"NewTestResults":[{"TestCase":{"Id":"faf914e0-2b5d-31cd-31b3-239224642790","FullyQualifiedName":"ClientApplicationCoreTests.Controllers.AuthControllerTests.Edit_ReturnsRedirectToActionResult_WhenStatusCodeIsBadRequest_ErrorResponseIsNotNull","DisplayName":"ClientApplicationCoreTests.Controllers.AuthControllerTests.Edit_ReturnsRedirectToActionResult_WhenStatusCodeIsBadRequest_ErrorResponseIsNotNull","ExecutorUri":"executor://xunit/VsTestRunner2/netcoreapp","Source":"C:\\Repos\\Horizon-Feb2024\\PhoneBookApp\\ClientApplicationCoreTests\\bin\\Debug\\net6.0\\fine-code-coverage\\build-output\\ClientApplicationCoreTests.dll","CodeFilePath":null,"LineNumber":0,"Properties":[]},"Attachments":[],"Outcome":1,"ErrorMessage":null,"ErrorStackTrace":null,"DisplayName":"ClientApplicationCoreTests.Controllers.AuthControllerTests.Edit_ReturnsRedirectToActionResult_WhenStatusCodeIsBadRequest_ErrorResponseIsNotNull","Messages":[],"ComputerName":"IN-LT-18284","Duration":"00:00:00.0020292","StartTime":"2024-06-20T06:49:30.2747628+00:00","EndTime":"2024-06-20T06:49:30.2747629+00:00","Properties":[]},{"TestCase":{"Id":"db40d8ec-1985-ffa5-2985-5b864c7c726e","FullyQualifiedName":"ClientApplicationCoreTests.Controllers.AuthControllerTests.ForgotPasswordConfirmation_WhenBadRequest_WhenSomethingWentWrong","DisplayName":"ClientApplicationCoreTests.Controllers.AuthControllerTests.ForgotPasswordConfirmation_WhenBadRequest_WhenSomethingWentWrong","ExecutorUri":"executor://xunit/VsTestRunner2/netcoreapp","Source":"C:\\Repos\\Horizon-Feb2024\\PhoneBookApp\\ClientApplicationCoreTests\\bin\\Debug\\net6.0\\fine-code-coverage\\build-output\\ClientApplicationCoreTests.dll","CodeFilePath":null,"LineNumber":0,"Properties":[]},"Attachments":[],"Outcome":1,"ErrorMessage":null,"ErrorStackTrace":null,"DisplayName":"ClientApplicationCoreTests.Controllers.AuthControllerTests.ForgotPasswordConfirmation_WhenBadRequest_WhenSomethingWentWrong","Messages":[],"ComputerName":"IN-LT-18284","Duration":"00:00:00.0029430","StartTime":"2024-06-20T06:49:30.2768284+00:00","EndTime":"2024-06-20T06:49:30.2768285+00:00","Properties":[]},{"TestCase":{"Id":"960065d2-01a8-a90a-98ef-a471a6f1db05","FullyQualifiedName":"ClientApplicationCoreTests.Controllers.AuthControllerTests.Edit_ReturnsRedirectToActionResult_WhenSuccessIsFalse","DisplayName":"ClientApplicationCoreTests.Controllers.AuthControllerTests.Edit_ReturnsRedirectToActionResult_WhenSuccessIsFalse","ExecutorUri":"executor://xunit/VsTestRunner2/netcoreapp","Source":"C:\\Repos\\Horizon-Feb2024\\PhoneBookApp\\ClientApplicationCoreTests\\bin\\Debug\\net6.0\\fine-code-coverage\\build-output\\ClientApplicationCoreTests.dll","CodeFilePath":null,"LineNumber":0,"Properties":[]},"Attachments":[],"Outcome":1,"ErrorMessage":null,"ErrorStackTrace":null,"DisplayName":"ClientApplicationCoreTests.Controllers.AuthControllerTests.Edit_ReturnsRedirectToActionResult_WhenSuccessIsFalse","Messages":[],"ComputerName":"IN-LT-18284","Duration":"00:00:00.0012475","StartTime":"2024-06-20T06:49:30.2784989+00:00","EndTime":"2024-06-20T06:49:30.2784989+00:00","Properties":[]},{"TestCase":{"Id":"2849f0f0-d454-61fa-7a6d-b0d3ebe02513","FullyQualifiedName":"ClientApplicationCoreTests.Controllers.AuthControllerTests.ForgotPasswordConfirmation_Success_RedirectToAction","DisplayName":"ClientApplicationCoreTests.Controllers.AuthControllerTests.ForgotPasswordConfirmation_Success_RedirectToAction","ExecutorUri":"executor://xunit/VsTestRunner2/netcoreapp","Source":"C:\\Repos\\Horizon-Feb2024\\PhoneBookApp\\ClientApplicationCoreTests\\bin\\Debug\\net6.0\\fine-code-coverage\\build-output\\ClientApplicationCoreTests.dll","CodeFilePath":null,"LineNumber":0,"Properties":[]},"Attachments":[],"Outcome":1,"ErrorMessage":null,"ErrorStackTrace":null,"DisplayName":"ClientApplicationCoreTests.Controllers.AuthControllerTests.ForgotPasswordConfirmation_Success_RedirectToAction","Messages":[],"ComputerName":"IN-LT-18284","Duration":"00:00:00.0017793","StartTime":"2024-06-20T06:49:30.280119+00:00","EndTime":"2024-06-20T06:49:30.2801191+00:00","Properties":[]},{"TestCase":{"Id":"f7973372-e6c6-522b-6629-4af37eee3ba8","FullyQualifiedName":"ClientApplicationCoreTests.Controllers.AuthControllerTests.ChangePassword_ModelIsInvalid","DisplayName":"ClientApplicationCoreTests.Controllers.AuthControllerTests.ChangePassword_ModelIsInvalid","ExecutorUri":"executor://xunit/VsTestRunner2/netcoreapp","Source":"C:\\Repos\\Horizon-Feb2024\\PhoneBookApp\\ClientApplicationCoreTests\\bin\\Debug\\net6.0\\fine-code-coverage\\build-output\\ClientApplicationCoreTests.dll","CodeFilePath":null,"LineNumber":0,"Properties":[]},"Attachments":[],"Outcome":1,"ErrorMessage":null,"ErrorStackTrace":null,"DisplayName":"ClientApplicationCoreTests.Controllers.AuthControllerTests.ChangePassword_ModelIsInvalid","Messages":[],"ComputerName":"IN-LT-18284","Duration":"00:00:00.0004835","StartTime":"2024-06-20T06:49:30.2820539+00:00","EndTime":"2024-06-20T06:49:30.282054+00:00","Properties":[]},{"TestCase":{"Id":"993e0e22-3d13-2b6f-0ddd-af05b84eecda","FullyQualifiedName":"ClientApplicationCoreTests.Controllers.AuthControllerTests.Login_ModelIsInvalid","DisplayName":"ClientApplicationCoreTests.Controllers.AuthControllerTests.Login_ModelIsInvalid","ExecutorUri":"executor://xunit/VsTestRunner2/netcoreapp","Source":"C:\\Repos\\Horizon-Feb2024\\PhoneBookApp\\ClientApplicationCoreTests\\bin\\Debug\\net6.0\\fine-code-coverage\\build-output\\ClientApplicationCoreTests.dll","CodeFilePath":null,"LineNumber":0,"Properties":[]},"Attachments":[],"Outcome":1,"ErrorMessage":null,"ErrorStackTrace":null,"DisplayName":"ClientApplicationCoreTests.Controllers.AuthControllerTests.Login_ModelIsInvalid","Messages":[],"ComputerName":"IN-LT-18284","Duration":"00:00:00.0004695","StartTime":"2024-06-20T06:49:30.2838432+00:00","EndTime":"2024-06-20T06:49:30.2838432+00:00","Properties":[]},{"TestCase":{"Id":"b3a3496b-df5e-1eb9-c07b-f3c7097ae4ec","FullyQualifiedName":"ClientApplicationCoreTests.Controllers.ContactControllerTests.Edit_ReturnsView_WhenStatusCodeIsSuccess","DisplayName":"ClientApplicationCoreTests.Controllers.ContactControllerTests.Edit_ReturnsView_WhenStatusCodeIsSuccess","ExecutorUri":"executor://xunit/VsTestRunner2/netcoreapp","Source":"C:\\Repos\\Horizon-Feb2024\\PhoneBookApp\\ClientApplicationCoreTests\\bin\\Debug\\net6.0\\fine-code-coverage\\build-output\\ClientApplicationCoreTests.dll","CodeFilePath":null,"LineNumber":0,"Properties":[]},"Attachments":[],"Outcome":1,"ErrorMessage":null,"ErrorStackTrace":null,"DisplayName":"ClientApplicationCoreTests.Controllers.ContactControllerTests.Edit_ReturnsView_WhenStatusCodeIsSuccess","Messages":[],"ComputerName":"IN-LT-18284","Duration":"00:00:00.0095088","StartTime":"2024-06-20T06:49:30.2856673+00:00","EndTime":"2024-06-20T06:49:30.2856673+00:00","Properties":[]},{"TestCase":{"Id":"8b2ba126-0646-d0da-0dc9-bcd4d9788f4b","FullyQualifiedName":"ClientApplicationCoreTests.Controllers.AuthControllerTests.Edit_RedirectToActionResult_WhenUserUpdatedSuccessfullyWhenFileIsNotNull","DisplayName":"ClientApplicationCoreTests.Controllers.AuthControllerTests.Edit_RedirectToActionResult_WhenUserUpdatedSuccessfullyWhenFileIsNotNull","ExecutorUri":"executor://xunit/VsTestRunner2/netcoreapp","Source":"C:\\Repos\\Horizon-Feb2024\\PhoneBookApp\\ClientApplicationCoreTests\\bin\\Debug\\net6.0\\fine-code-coverage\\build-output\\ClientApplicationCoreTests.dll","CodeFilePath":null,"LineNumber":0,"Properties":[]},"Attachments":[],"Outcome":1,"ErrorMessage":null,"ErrorStackTrace":null,"DisplayName":"ClientApplicationCoreTests.Controllers.AuthControllerTests.Edit_RedirectToActionResult_WhenUserUpdatedSuccessfullyWhenFileIsNotNull","Messages":[],"ComputerName":"IN-LT-18284","Duration":"00:00:00.0049587","StartTime":"2024-06-20T06:49:30.2874139+00:00","EndTime":"2024-06-20T06:49:30.2874139+00:00","Properties":[]}],"TestRunStatistics":{"ExecutedTests":41,"Stats":{"Passed":41}},"ActiveTests":[{"Id":"e4db74c3-8132-144f-b7ff-c591c5e834e3","FullyQualifiedName":"ClientApplicationCoreTests.Controllers.ContactControllerTests.DeleteConfirmed_ReturnsRedirectToActionResult_WhenDeleteSucceeds","DisplayName":"ClientApplicationCoreTests.Controllers.ContactControllerTests.DeleteConfirmed_ReturnsRedirectToActionResult_WhenDeleteSucceeds","ExecutorUri":"executor://xunit/VsTestRunner2/netcoreapp","Source":"C:\\Repos\\Horizon-Feb2024\\PhoneBookApp\\ClientApplicationCoreTests\\bin\\Debug\\net6.0\\fine-code-coverage\\build-output\\ClientApplicationCoreTests.dll","CodeFilePath":null,"LineNumber":0,"Properties":[]},{"Id":"2fcf9463-df3a-2236-ca8e-c2056bc3017b","FullyQualifiedName":"ClientApplicationCoreTests.Controllers.AuthControllerTests.ChangePassword_ReturnsView","DisplayName":"ClientApplicationCoreTests.Controllers.AuthControllerTests.ChangePassword_ReturnsView","ExecutorUri":"executor://xunit/VsTestRunner2/netcoreapp","Source":"C:\\Repos\\Horizon-Feb2024\\PhoneBookApp\\ClientApplicationCoreTests\\bin\\Debug\\net6.0\\fine-code-coverage\\build-output\\ClientApplicationCoreTests.dll","CodeFilePath":null,"LineNumber":0,"Properties":[]}]}}
TpTrace Verbose: 0 : 16688, 13, 2024/06/20, 12:19:30.289, 90512152307, vstest.console.dll, TestRunRequest:SendTestRunStatsChange: Starting.
TpTrace Verbose: 0 : 16688, 13, 2024/06/20, 12:19:30.289, 90512152987, vstest.console.dll, InProgress is ClientApplicationCoreTests.Controllers.ContactControllerTests.DeleteConfirmed_ReturnsRedirectToActionResult_WhenDeleteSucceeds
TpTrace Verbose: 0 : 16688, 13, 2024/06/20, 12:19:30.290, 90512153429, vstest.console.dll, InProgress is ClientApplicationCoreTests.Controllers.AuthControllerTests.ChangePassword_ReturnsView
TpTrace Verbose: 0 : 16688, 13, 2024/06/20, 12:19:30.290, 90512153795, vstest.console.dll, MulticastDelegateUtilities.SafeInvoke: TestRun.RunStatsChanged: Invoking callbacks was skipped because there are no subscribers.
TpTrace Information: 0 : 16688, 13, 2024/06/20, 12:19:30.290, 90512154097, vstest.console.dll, TestRunRequest:SendTestRunStatsChange: Completed.
TpTrace Verbose: 0 : 16688, 13, 2024/06/20, 12:19:30.290, 90512154284, vstest.console.dll, MulticastDelegateUtilities.SafeInvoke: LengthPrefixCommunicationChannel: MessageReceived: Invoking callback 1/1 for Microsoft.VisualStudio.TestPlatform.CommunicationUtilities.TestRequestSender+<>c__DisplayClass34_0., took 0 ms.
TpTrace Verbose: 0 : 16688, 13, 2024/06/20, 12:19:30.290, 90512154481, vstest.console.dll, TcpClientExtensions.MessageLoopAsync: Polling on remoteEndPoint: 127.0.0.1:59754 localEndPoint: 127.0.0.1:59753 after 14 ms
TpTrace Verbose: 0 : 16688, 4, 2024/06/20, 12:19:30.290, 90512154749, vstest.console.dll, MulticastDelegateUtilities.SafeInvoke: InternalTestLoggerEvents.SendTestResult: Invoking callback 1/1 for Microsoft.VisualStudio.TestPlatform.CommandLine.Internal.ConsoleLogger., took 0 ms.
TpTrace Verbose: 0 : 16688, 4, 2024/06/20, 12:19:30.290, 90512155322, vstest.console.dll, MulticastDelegateUtilities.SafeInvoke: InternalTestLoggerEvents.SendTestResult: Invoking callback 1/1 for Microsoft.VisualStudio.TestPlatform.CommandLine.Internal.ConsoleLogger., took 0 ms.
TpTrace Verbose: 0 : 16688, 4, 2024/06/20, 12:19:30.290, 90512155629, vstest.console.dll, MulticastDelegateUtilities.SafeInvoke: InternalTestLoggerEvents.SendTestResult: Invoking callback 1/1 for Microsoft.VisualStudio.TestPlatform.CommandLine.Internal.ConsoleLogger., took 0 ms.
TpTrace Verbose: 0 : 16688, 4, 2024/06/20, 12:19:30.290, 90512155853, vstest.console.dll, MulticastDelegateUtilities.SafeInvoke: InternalTestLoggerEvents.SendTestResult: Invoking callback 1/1 for Microsoft.VisualStudio.TestPlatform.CommandLine.Internal.ConsoleLogger., took 0 ms.
TpTrace Verbose: 0 : 16688, 4, 2024/06/20, 12:19:30.290, 90512156089, vstest.console.dll, MulticastDelegateUtilities.SafeInvoke: InternalTestLoggerEvents.SendTestResult: Invoking callback 1/1 for Microsoft.VisualStudio.TestPlatform.CommandLine.Internal.ConsoleLogger., took 0 ms.
TpTrace Verbose: 0 : 16688, 4, 2024/06/20, 12:19:30.290, 90512156333, vstest.console.dll, MulticastDelegateUtilities.SafeInvoke: InternalTestLoggerEvents.SendTestResult: Invoking callback 1/1 for Microsoft.VisualStudio.TestPlatform.CommandLine.Internal.ConsoleLogger., took 0 ms.
TpTrace Verbose: 0 : 16688, 4, 2024/06/20, 12:19:30.290, 90512156557, vstest.console.dll, MulticastDelegateUtilities.SafeInvoke: InternalTestLoggerEvents.SendTestResult: Invoking callback 1/1 for Microsoft.VisualStudio.TestPlatform.CommandLine.Internal.ConsoleLogger., took 0 ms.
TpTrace Verbose: 0 : 16688, 4, 2024/06/20, 12:19:30.293, 90512191014, vstest.console.dll, MulticastDelegateUtilities.SafeInvoke: InternalTestLoggerEvents.SendTestResult: Invoking callback 1/1 for Microsoft.VisualStudio.TestPlatform.CommandLine.Internal.ConsoleLogger., took 0 ms.
TpTrace Verbose: 0 : 16688, 13, 2024/06/20, 12:19:30.303, 90512290227, vstest.console.dll, TcpClientExtensions.MessageLoopAsync: NotifyDataAvailable remoteEndPoint: 127.0.0.1:59754 localEndPoint: 127.0.0.1:59753
TpTrace Verbose: 0 : 16688, 13, 2024/06/20, 12:19:30.303, 90512291919, vstest.console.dll, TestRequestSender.OnExecutionMessageReceived: Received message: {"Version":7,"MessageType":"TestExecution.StatsChange","Payload":{"NewTestResults":[{"TestCase":{"Id":"e4db74c3-8132-144f-b7ff-c591c5e834e3","FullyQualifiedName":"ClientApplicationCoreTests.Controllers.ContactControllerTests.DeleteConfirmed_ReturnsRedirectToActionResult_WhenDeleteSucceeds","DisplayName":"ClientApplicationCoreTests.Controllers.ContactControllerTests.DeleteConfirmed_ReturnsRedirectToActionResult_WhenDeleteSucceeds","ExecutorUri":"executor://xunit/VsTestRunner2/netcoreapp","Source":"C:\\Repos\\Horizon-Feb2024\\PhoneBookApp\\ClientApplicationCoreTests\\bin\\Debug\\net6.0\\fine-code-coverage\\build-output\\ClientApplicationCoreTests.dll","CodeFilePath":null,"LineNumber":0,"Properties":[]},"Attachments":[],"Outcome":1,"ErrorMessage":null,"ErrorStackTrace":null,"DisplayName":"ClientApplicationCoreTests.Controllers.ContactControllerTests.DeleteConfirmed_ReturnsRedirectToActionResult_WhenDeleteSucceeds","Messages":[],"ComputerName":"IN-LT-18284","Duration":"00:00:00.0055449","StartTime":"2024-06-20T06:49:30.2899244+00:00","EndTime":"2024-06-20T06:49:30.2899244+00:00","Properties":[]},{"TestCase":{"Id":"2fcf9463-df3a-2236-ca8e-c2056bc3017b","FullyQualifiedName":"ClientApplicationCoreTests.Controllers.AuthControllerTests.ChangePassword_ReturnsView","DisplayName":"ClientApplicationCoreTests.Controllers.AuthControllerTests.ChangePassword_ReturnsView","ExecutorUri":"executor://xunit/VsTestRunner2/netcoreapp","Source":"C:\\Repos\\Horizon-Feb2024\\PhoneBookApp\\ClientApplicationCoreTests\\bin\\Debug\\net6.0\\fine-code-coverage\\build-output\\ClientApplicationCoreTests.dll","CodeFilePath":null,"LineNumber":0,"Properties":[]},"Attachments":[],"Outcome":1,"ErrorMessage":null,"ErrorStackTrace":null,"DisplayName":"ClientApplicationCoreTests.Controllers.AuthControllerTests.ChangePassword_ReturnsView","Messages":[],"ComputerName":"IN-LT-18284","Duration":"00:00:00.0012001","StartTime":"2024-06-20T06:49:30.2917759+00:00","EndTime":"2024-06-20T06:49:30.291776+00:00","Properties":[]},{"TestCase":{"Id":"6832959c-5a35-692a-c69d-a00748a213b6","FullyQualifiedName":"ClientApplicationCoreTests.Controllers.AuthControllerTests.ChangePassword_RedirectToAction_WhenBadRequest_WhenSomethingWentWrong","DisplayName":"ClientApplicationCoreTests.Controllers.AuthControllerTests.ChangePassword_RedirectToAction_WhenBadRequest_WhenSomethingWentWrong","ExecutorUri":"executor://xunit/VsTestRunner2/netcoreapp","Source":"C:\\Repos\\Horizon-Feb2024\\PhoneBookApp\\ClientApplicationCoreTests\\bin\\Debug\\net6.0\\fine-code-coverage\\build-output\\ClientApplicationCoreTests.dll","CodeFilePath":null,"LineNumber":0,"Properties":[]},"Attachments":[],"Outcome":1,"ErrorMessage":null,"ErrorStackTrace":null,"DisplayName":"ClientApplicationCoreTests.Controllers.AuthControllerTests.ChangePassword_RedirectToAction_WhenBadRequest_WhenSomethingWentWrong","Messages":[],"ComputerName":"IN-LT-18284","Duration":"00:00:00.0028306","StartTime":"2024-06-20T06:49:30.2933809+00:00","EndTime":"2024-06-20T06:49:30.293381+00:00","Properties":[]},{"TestCase":{"Id":"f0c54f58-0cfe-086e-aa48-ae6236d1b95b","FullyQualifiedName":"ClientApplicationCoreTests.Controllers.ContactControllerTests.Create_ReturnsRedirectToActionResult_WhenResponseIsNotSuccess","DisplayName":"ClientApplicationCoreTests.Controllers.ContactControllerTests.Create_ReturnsRedirectToActionResult_WhenResponseIsNotSuccess","ExecutorUri":"executor://xunit/VsTestRunner2/netcoreapp","Source":"C:\\Repos\\Horizon-Feb2024\\PhoneBookApp\\ClientApplicationCoreTests\\bin\\Debug\\net6.0\\fine-code-coverage\\build-output\\ClientApplicationCoreTests.dll","CodeFilePath":null,"LineNumber":0,"Properties":[]},"Attachments":[],"Outcome":1,"ErrorMessage":null,"ErrorStackTrace":null,"DisplayName":"ClientApplicationCoreTests.Controllers.ContactControllerTests.Create_ReturnsRedirectToActionResult_WhenResponseIsNotSuccess","Messages":[],"ComputerName":"IN-LT-18284","Duration":"00:00:00.0040058","StartTime":"2024-06-20T06:49:30.2949735+00:00","EndTime":"2024-06-20T06:49:30.2949735+00:00","Properties":[]},{"TestCase":{"Id":"c49ed0c7-81d3-9580-59d7-003f3c890426","FullyQualifiedName":"ClientApplicationCoreTests.Controllers.AuthControllerTests.Register_ReturnView_WhenBadRequest","DisplayName":"ClientApplicationCoreTests.Controllers.AuthControllerTests.Register_ReturnView_WhenBadRequest","ExecutorUri":"executor://xunit/VsTestRunner2/netcoreapp","Source":"C:\\Repos\\Horizon-Feb2024\\PhoneBookApp\\ClientApplicationCoreTests\\bin\\Debug\\net6.0\\fine-code-coverage\\build-output\\ClientApplicationCoreTests.dll","CodeFilePath":null,"LineNumber":0,"Properties":[]},"Attachments":[],"Outcome":1,"ErrorMessage":null,"ErrorStackTrace":null,"DisplayName":"ClientApplicationCoreTests.Controllers.AuthControllerTests.Register_ReturnView_WhenBadRequest","Messages":[],"ComputerName":"IN-LT-18284","Duration":"00:00:00.0017483","StartTime":"2024-06-20T06:49:30.2965263+00:00","EndTime":"2024-06-20T06:49:30.2965263+00:00","Properties":[]},{"TestCase":{"Id":"1ea29519-5e99-5c34-1ae7-3dc388513936","FullyQualifiedName":"ClientApplicationCoreTests.Controllers.AuthControllerTests.Edit_ReturnsRedirectToActionResult_WhenStatusCodeIsBadRequest_ErrorResponseIsNull","DisplayName":"ClientApplicationCoreTests.Controllers.AuthControllerTests.Edit_ReturnsRedirectToActionResult_WhenStatusCodeIsBadRequest_ErrorResponseIsNull","ExecutorUri":"executor://xunit/VsTestRunner2/netcoreapp","Source":"C:\\Repos\\Horizon-Feb2024\\PhoneBookApp\\ClientApplicationCoreTests\\bin\\Debug\\net6.0\\fine-code-coverage\\build-output\\ClientApplicationCoreTests.dll","CodeFilePath":null,"LineNumber":0,"Properties":[]},"Attachments":[],"Outcome":1,"ErrorMessage":null,"ErrorStackTrace":null,"DisplayName":"ClientApplicationCoreTests.Controllers.AuthControllerTests.Edit_ReturnsRedirectToActionResult_WhenStatusCodeIsBadRequest_ErrorResponseIsNull","Messages":[],"ComputerName":"IN-LT-18284","Duration":"00:00:00.0011496","StartTime":"2024-06-20T06:49:30.2980571+00:00","EndTime":"2024-06-20T06:49:30.2980572+00:00","Properties":[]},{"TestCase":{"Id":"4e3057e2-e68f-f0d5-e21f-1eeac0b77141","FullyQualifiedName":"ClientApplicationCoreTests.Controllers.AuthControllerTests.ForgotPassword_ModelIsInvalid","DisplayName":"ClientApplicationCoreTests.Controllers.AuthControllerTests.ForgotPassword_ModelIsInvalid","ExecutorUri":"executor://xunit/VsTestRunner2/netcoreapp","Source":"C:\\Repos\\Horizon-Feb2024\\PhoneBookApp\\ClientApplicationCoreTests\\bin\\Debug\\net6.0\\fine-code-coverage\\build-output\\ClientApplicationCoreTests.dll","CodeFilePath":null,"LineNumber":0,"Properties":[]},"Attachments":[],"Outcome":1,"ErrorMessage":null,"ErrorStackTrace":null,"DisplayName":"ClientApplicationCoreTests.Controllers.AuthControllerTests.ForgotPassword_ModelIsInvalid","Messages":[],"ComputerName":"IN-LT-18284","Duration":"00:00:00.0010203","StartTime":"2024-06-20T06:49:30.2995904+00:00","EndTime":"2024-06-20T06:49:30.2995905+00:00","Properties":[]},{"TestCase":{"Id":"0fda86c1-86ba-0bae-3a74-3ad3882796e3","FullyQualifiedName":"ClientApplicationCoreTests.Controllers.AuthControllerTests.Edit_RedirectToActionResult_WhenUserNotUpdatedSuccessfullyWhenFileIsNotNull_ExtesnionISpdf","DisplayName":"ClientApplicationCoreTests.Controllers.AuthControllerTests.Edit_RedirectToActionResult_WhenUserNotUpdatedSuccessfullyWhenFileIsNotNull_ExtesnionISpdf","ExecutorUri":"executor://xunit/VsTestRunner2/netcoreapp","Source":"C:\\Repos\\Horizon-Feb2024\\PhoneBookApp\\ClientApplicationCoreTests\\bin\\Debug\\net6.0\\fine-code-coverage\\build-output\\ClientApplicationCoreTests.dll","CodeFilePath":null,"LineNumber":0,"Properties":[]},"Attachments":[],"Outcome":1,"ErrorMessage":null,"ErrorStackTrace":null,"DisplayName":"ClientApplicationCoreTests.Controllers.AuthControllerTests.Edit_RedirectToActionResult_WhenUserNotUpdatedSuccessfullyWhenFileIsNotNull_ExtesnionISpdf","Messages":[],"ComputerName":"IN-LT-18284","Duration":"00:00:00.0004839","StartTime":"2024-06-20T06:49:30.3011274+00:00","EndTime":"2024-06-20T06:49:30.3011275+00:00","Properties":[]},{"TestCase":{"Id":"91bf1f7c-84d2-4419-69ed-88233bd27e25","FullyQualifiedName":"ClientApplicationCoreTests.Controllers.ContactControllerTests.Create_ReturnsViewResultWithErrorMessage_WhenErrorResponseIsNull","DisplayName":"ClientApplicationCoreTests.Controllers.ContactControllerTests.Create_ReturnsViewResultWithErrorMessage_WhenErrorResponseIsNull","ExecutorUri":"executor://xunit/VsTestRunner2/netcoreapp","Source":"C:\\Repos\\Horizon-Feb2024\\PhoneBookApp\\ClientApplicationCoreTests\\bin\\Debug\\net6.0\\fine-code-coverage\\build-output\\ClientApplicationCoreTests.dll","CodeFilePath":null,"LineNumber":0,"Properties":[]},"Attachments":[],"Outcome":1,"ErrorMessage":null,"ErrorStackTrace":null,"DisplayName":"ClientApplicationCoreTests.Controllers.ContactControllerTests.Create_ReturnsViewResultWithErrorMessage_WhenErrorResponseIsNull","Messages":[],"ComputerName":"IN-LT-18284","Duration":"00:00:00.0034697","StartTime":"2024-06-20T06:49:30.3019527+00:00","EndTime":"2024-06-20T06:49:30.3019527+00:00","Properties":[]}],"TestRunStatistics":{"ExecutedTests":50,"Stats":{"Passed":50}},"ActiveTests":[{"Id":"61ae346d-003e-498f-a000-d90f9f9c6a63","FullyQualifiedName":"ClientApplicationCoreTests.Controllers.ContactControllerTests.Create_RedirectToActionResult_WhenContactSavedSuccessfully_WhenFileISNotNull","DisplayName":"ClientApplicationCoreTests.Controllers.ContactControllerTests.Create_RedirectToActionResult_WhenContactSavedSuccessfully_WhenFileISNotNull","ExecutorUri":"executor://xunit/VsTestRunner2/netcoreapp","Source":"C:\\Repos\\Horizon-Feb2024\\PhoneBookApp\\ClientApplicationCoreTests\\bin\\Debug\\net6.0\\fine-code-coverage\\build-output\\ClientApplicationCoreTests.dll","CodeFilePath":null,"LineNumber":0,"Properties":[]}]}}
TpTrace Verbose: 0 : 16688, 13, 2024/06/20, 12:19:30.304, 90512296573, vstest.console.dll, TestRunRequest:SendTestRunStatsChange: Starting.
TpTrace Verbose: 0 : 16688, 13, 2024/06/20, 12:19:30.304, 90512296916, vstest.console.dll, InProgress is ClientApplicationCoreTests.Controllers.ContactControllerTests.Create_RedirectToActionResult_WhenContactSavedSuccessfully_WhenFileISNotNull
TpTrace Verbose: 0 : 16688, 13, 2024/06/20, 12:19:30.304, 90512297269, vstest.console.dll, MulticastDelegateUtilities.SafeInvoke: TestRun.RunStatsChanged: Invoking callbacks was skipped because there are no subscribers.
TpTrace Information: 0 : 16688, 13, 2024/06/20, 12:19:30.304, 90512297616, vstest.console.dll, TestRunRequest:SendTestRunStatsChange: Completed.
TpTrace Verbose: 0 : 16688, 13, 2024/06/20, 12:19:30.304, 90512297970, vstest.console.dll, MulticastDelegateUtilities.SafeInvoke: LengthPrefixCommunicationChannel: MessageReceived: Invoking callback 1/1 for Microsoft.VisualStudio.TestPlatform.CommunicationUtilities.TestRequestSender+<>c__DisplayClass34_0., took 0 ms.
TpTrace Verbose: 0 : 16688, 13, 2024/06/20, 12:19:30.304, 90512298322, vstest.console.dll, TcpClientExtensions.MessageLoopAsync: Polling on remoteEndPoint: 127.0.0.1:59754 localEndPoint: 127.0.0.1:59753 after 14 ms
TpTrace Verbose: 0 : 16688, 4, 2024/06/20, 12:19:30.304, 90512298019, vstest.console.dll, MulticastDelegateUtilities.SafeInvoke: InternalTestLoggerEvents.SendTestResult: Invoking callback 1/1 for Microsoft.VisualStudio.TestPlatform.CommandLine.Internal.ConsoleLogger., took 0 ms.
TpTrace Verbose: 0 : 16688, 4, 2024/06/20, 12:19:30.304, 90512301122, vstest.console.dll, MulticastDelegateUtilities.SafeInvoke: InternalTestLoggerEvents.SendTestResult: Invoking callback 1/1 for Microsoft.VisualStudio.TestPlatform.CommandLine.Internal.ConsoleLogger., took 0 ms.
TpTrace Verbose: 0 : 16688, 4, 2024/06/20, 12:19:30.304, 90512301662, vstest.console.dll, MulticastDelegateUtilities.SafeInvoke: InternalTestLoggerEvents.SendTestResult: Invoking callback 1/1 for Microsoft.VisualStudio.TestPlatform.CommandLine.Internal.ConsoleLogger., took 0 ms.
TpTrace Verbose: 0 : 16688, 4, 2024/06/20, 12:19:30.304, 90512301930, vstest.console.dll, MulticastDelegateUtilities.SafeInvoke: InternalTestLoggerEvents.SendTestResult: Invoking callback 1/1 for Microsoft.VisualStudio.TestPlatform.CommandLine.Internal.ConsoleLogger., took 0 ms.
TpTrace Verbose: 0 : 16688, 4, 2024/06/20, 12:19:30.304, 90512302184, vstest.console.dll, MulticastDelegateUtilities.SafeInvoke: InternalTestLoggerEvents.SendTestResult: Invoking callback 1/1 for Microsoft.VisualStudio.TestPlatform.CommandLine.Internal.ConsoleLogger., took 0 ms.
TpTrace Verbose: 0 : 16688, 4, 2024/06/20, 12:19:30.304, 90512302401, vstest.console.dll, MulticastDelegateUtilities.SafeInvoke: InternalTestLoggerEvents.SendTestResult: Invoking callback 1/1 for Microsoft.VisualStudio.TestPlatform.CommandLine.Internal.ConsoleLogger., took 0 ms.
TpTrace Verbose: 0 : 16688, 4, 2024/06/20, 12:19:30.304, 90512302619, vstest.console.dll, MulticastDelegateUtilities.SafeInvoke: InternalTestLoggerEvents.SendTestResult: Invoking callback 1/1 for Microsoft.VisualStudio.TestPlatform.CommandLine.Internal.ConsoleLogger., took 0 ms.
TpTrace Verbose: 0 : 16688, 4, 2024/06/20, 12:19:30.304, 90512302848, vstest.console.dll, MulticastDelegateUtilities.SafeInvoke: InternalTestLoggerEvents.SendTestResult: Invoking callback 1/1 for Microsoft.VisualStudio.TestPlatform.CommandLine.Internal.ConsoleLogger., took 0 ms.
TpTrace Verbose: 0 : 16688, 4, 2024/06/20, 12:19:30.304, 90512303083, vstest.console.dll, MulticastDelegateUtilities.SafeInvoke: InternalTestLoggerEvents.SendTestResult: Invoking callback 1/1 for Microsoft.VisualStudio.TestPlatform.CommandLine.Internal.ConsoleLogger., took 0 ms.
TpTrace Verbose: 0 : 16688, 13, 2024/06/20, 12:19:30.318, 90512441930, vstest.console.dll, TcpClientExtensions.MessageLoopAsync: NotifyDataAvailable remoteEndPoint: 127.0.0.1:59754 localEndPoint: 127.0.0.1:59753
TpTrace Verbose: 0 : 16688, 13, 2024/06/20, 12:19:30.319, 90512444127, vstest.console.dll, TestRequestSender.OnExecutionMessageReceived: Received message: {"Version":7,"MessageType":"TestExecution.StatsChange","Payload":{"NewTestResults":[{"TestCase":{"Id":"61ae346d-003e-498f-a000-d90f9f9c6a63","FullyQualifiedName":"ClientApplicationCoreTests.Controllers.ContactControllerTests.Create_RedirectToActionResult_WhenContactSavedSuccessfully_WhenFileISNotNull","DisplayName":"ClientApplicationCoreTests.Controllers.ContactControllerTests.Create_RedirectToActionResult_WhenContactSavedSuccessfully_WhenFileISNotNull","ExecutorUri":"executor://xunit/VsTestRunner2/netcoreapp","Source":"C:\\Repos\\Horizon-Feb2024\\PhoneBookApp\\ClientApplicationCoreTests\\bin\\Debug\\net6.0\\fine-code-coverage\\build-output\\ClientApplicationCoreTests.dll","CodeFilePath":null,"LineNumber":0,"Properties":[]},"Attachments":[],"Outcome":1,"ErrorMessage":null,"ErrorStackTrace":null,"DisplayName":"ClientApplicationCoreTests.Controllers.ContactControllerTests.Create_RedirectToActionResult_WhenContactSavedSuccessfully_WhenFileISNotNull","Messages":[],"ComputerName":"IN-LT-18284","Duration":"00:00:00.0038753","StartTime":"2024-06-20T06:49:30.3046178+00:00","EndTime":"2024-06-20T06:49:30.3046179+00:00","Properties":[]},{"TestCase":{"Id":"f5f2fc3d-7f21-0082-d753-aaef090e9e2c","FullyQualifiedName":"ClientApplicationCoreTests.Controllers.ContactControllerTests.Create_ReturnsView_WithNullData","DisplayName":"ClientApplicationCoreTests.Controllers.ContactControllerTests.Create_ReturnsView_WithNullData","ExecutorUri":"executor://xunit/VsTestRunner2/netcoreapp","Source":"C:\\Repos\\Horizon-Feb2024\\PhoneBookApp\\ClientApplicationCoreTests\\bin\\Debug\\net6.0\\fine-code-coverage\\build-output\\ClientApplicationCoreTests.dll","CodeFilePath":null,"LineNumber":0,"Properties":[]},"Attachments":[],"Outcome":1,"ErrorMessage":null,"ErrorStackTrace":null,"DisplayName":"ClientApplicationCoreTests.Controllers.ContactControllerTests.Create_ReturnsView_WithNullData","Messages":[],"ComputerName":"IN-LT-18284","Duration":"00:00:00.0021906","StartTime":"2024-06-20T06:49:30.3063004+00:00","EndTime":"2024-06-20T06:49:30.3063005+00:00","Properties":[]},{"TestCase":{"Id":"29fe64aa-ae46-6719-68fc-e5a6917944ec","FullyQualifiedName":"ClientApplicationCoreTests.Controllers.ContactControllerTests.ShowAllContactWithPaginationFav_ReturnsRedirectToIndex_WhenPageIsGreaterThanTotalPages","DisplayName":"ClientApplicationCoreTests.Controllers.ContactControllerTests.ShowAllContactWithPaginationFav_ReturnsRedirectToIndex_WhenPageIsGreaterThanTotalPages","ExecutorUri":"executor://xunit/VsTestRunner2/netcoreapp","Source":"C:\\Repos\\Horizon-Feb2024\\PhoneBookApp\\ClientApplicationCoreTests\\bin\\Debug\\net6.0\\fine-code-coverage\\build-output\\ClientApplicationCoreTests.dll","CodeFilePath":null,"LineNumber":0,"Properties":[]},"Attachments":[],"Outcome":1,"ErrorMessage":null,"ErrorStackTrace":null,"DisplayName":"ClientApplicationCoreTests.Controllers.ContactControllerTests.ShowAllContactWithPaginationFav_ReturnsRedirectToIndex_WhenPageIsGreaterThanTotalPages","Messages":[],"ComputerName":"IN-LT-18284","Duration":"00:00:00.0024860","StartTime":"2024-06-20T06:49:30.3079461+00:00","EndTime":"2024-06-20T06:49:30.3079461+00:00","Properties":[]},{"TestCase":{"Id":"5432cb71-8ece-c44a-68dd-8b5dbc1d43c4","FullyQualifiedName":"ClientApplicationCoreTests.Controllers.ContactControllerTests.ShowAllContactWithPagination_ReturnsRedirectToIndex_WhenPageIsGreaterThanTotalPages","DisplayName":"ClientApplicationCoreTests.Controllers.ContactControllerTests.ShowAllContactWithPagination_ReturnsRedirectToIndex_WhenPageIsGreaterThanTotalPages","ExecutorUri":"executor://xunit/VsTestRunner2/netcoreapp","Source":"C:\\Repos\\Horizon-Feb2024\\PhoneBookApp\\ClientApplicationCoreTests\\bin\\Debug\\net6.0\\fine-code-coverage\\build-output\\ClientApplicationCoreTests.dll","CodeFilePath":null,"LineNumber":0,"Properties":[]},"Attachments":[],"Outcome":1,"ErrorMessage":null,"ErrorStackTrace":null,"DisplayName":"ClientApplicationCoreTests.Controllers.ContactControllerTests.ShowAllContactWithPagination_ReturnsRedirectToIndex_WhenPageIsGreaterThanTotalPages","Messages":[],"ComputerName":"IN-LT-18284","Duration":"00:00:00.0036700","StartTime":"2024-06-20T06:49:30.3095052+00:00","EndTime":"2024-06-20T06:49:30.3095053+00:00","Properties":[]},{"TestCase":{"Id":"5796a970-41e8-0acf-cf69-1e0b3aea51cc","FullyQualifiedName":"ClientApplicationCoreTests.Controllers.ContactControllerTests.ShowAllContactWithPagination_ReturnsCorrectView_WhenSearchQueryIsNotEmpty","DisplayName":"ClientApplicationCoreTests.Controllers.ContactControllerTests.ShowAllContactWithPagination_ReturnsCorrectView_WhenSearchQueryIsNotEmpty","ExecutorUri":"executor://xunit/VsTestRunner2/netcoreapp","Source":"C:\\Repos\\Horizon-Feb2024\\PhoneBookApp\\ClientApplicationCoreTests\\bin\\Debug\\net6.0\\fine-code-coverage\\build-output\\ClientApplicationCoreTests.dll","CodeFilePath":null,"LineNumber":0,"Properties":[]},"Attachments":[],"Outcome":1,"ErrorMessage":null,"ErrorStackTrace":null,"DisplayName":"ClientApplicationCoreTests.Controllers.ContactControllerTests.ShowAllContactWithPagination_ReturnsCorrectView_WhenSearchQueryIsNotEmpty","Messages":[],"ComputerName":"IN-LT-18284","Duration":"00:00:00.0015904","StartTime":"2024-06-20T06:49:30.3110197+00:00","EndTime":"2024-06-20T06:49:30.3110198+00:00","Properties":[]},{"TestCase":{"Id":"e53d662c-f4cf-1d97-1751-cc2637541c9c","FullyQualifiedName":"ClientApplicationCoreTests.Controllers.ContactControllerTests.Edit_ReturnsErrorMessage_WhenStatusCodeIsNotSuccess","DisplayName":"ClientApplicationCoreTests.Controllers.ContactControllerTests.Edit_ReturnsErrorMessage_WhenStatusCodeIsNotSuccess","ExecutorUri":"executor://xunit/VsTestRunner2/netcoreapp","Source":"C:\\Repos\\Horizon-Feb2024\\PhoneBookApp\\ClientApplicationCoreTests\\bin\\Debug\\net6.0\\fine-code-coverage\\build-output\\ClientApplicationCoreTests.dll","CodeFilePath":null,"LineNumber":0,"Properties":[]},"Attachments":[],"Outcome":1,"ErrorMessage":null,"ErrorStackTrace":null,"DisplayName":"ClientApplicationCoreTests.Controllers.ContactControllerTests.Edit_ReturnsErrorMessage_WhenStatusCodeIsNotSuccess","Messages":[],"ComputerName":"IN-LT-18284","Duration":"00:00:00.0009740","StartTime":"2024-06-20T06:49:30.3125415+00:00","EndTime":"2024-06-20T06:49:30.3125416+00:00","Properties":[]},{"TestCase":{"Id":"af4969b1-63d6-9255-fdbb-12743d139f22","FullyQualifiedName":"ClientApplicationCoreTests.Controllers.ContactControllerTests.ShowAllContactWithPagination","DisplayName":"ClientApplicationCoreTests.Controllers.ContactControllerTests.ShowAllContactWithPagination","ExecutorUri":"executor://xunit/VsTestRunner2/netcoreapp","Source":"C:\\Repos\\Horizon-Feb2024\\PhoneBookApp\\ClientApplicationCoreTests\\bin\\Debug\\net6.0\\fine-code-coverage\\build-output\\ClientApplicationCoreTests.dll","CodeFilePath":null,"LineNumber":0,"Properties":[]},"Attachments":[],"Outcome":1,"ErrorMessage":null,"ErrorStackTrace":null,"DisplayName":"ClientApplicationCoreTests.Controllers.ContactControllerTests.ShowAllContactWithPagination","Messages":[],"ComputerName":"IN-LT-18284","Duration":"00:00:00.0015382","StartTime":"2024-06-20T06:49:30.3140574+00:00","EndTime":"2024-06-20T06:49:30.3140575+00:00","Properties":[]},{"TestCase":{"Id":"5f831b32-61cd-9336-a28c-52932d7d4f05","FullyQualifiedName":"ClientApplicationCoreTests.Controllers.ContactControllerTests.ShowAllContactWithPagination_ReturnsEmptyView_WhenResponseIsNull","DisplayName":"ClientApplicationCoreTests.Controllers.ContactControllerTests.ShowAllContactWithPagination_ReturnsEmptyView_WhenResponseIsNull","ExecutorUri":"executor://xunit/VsTestRunner2/netcoreapp","Source":"C:\\Repos\\Horizon-Feb2024\\PhoneBookApp\\ClientApplicationCoreTests\\bin\\Debug\\net6.0\\fine-code-coverage\\build-output\\ClientApplicationCoreTests.dll","CodeFilePath":null,"LineNumber":0,"Properties":[]},"Attachments":[],"Outcome":1,"ErrorMessage":null,"ErrorStackTrace":null,"DisplayName":"ClientApplicationCoreTests.Controllers.ContactControllerTests.ShowAllContactWithPagination_ReturnsEmptyView_WhenResponseIsNull","Messages":[],"ComputerName":"IN-LT-18284","Duration":"00:00:00.0030385","StartTime":"2024-06-20T06:49:30.3155873+00:00","EndTime":"2024-06-20T06:49:30.3155873+00:00","Properties":[]},{"TestCase":{"Id":"4bfbed99-f92e-07a4-0fe9-9b9e395b4344","FullyQualifiedName":"ClientApplicationCoreTests.Controllers.ContactControllerTests.ShowAllContactWithPaginationFav_ReturnsContacts_WhenSearchAndLetterIsNotNull_PageIsGreaterThanTotalCount","DisplayName":"ClientApplicationCoreTests.Controllers.ContactControllerTests.ShowAllContactWithPaginationFav_ReturnsContacts_WhenSearchAndLetterIsNotNull_PageIsGreaterThanTotalCount","ExecutorUri":"executor://xunit/VsTestRunner2/netcoreapp","Source":"C:\\Repos\\Horizon-Feb2024\\PhoneBookApp\\ClientApplicationCoreTests\\bin\\Debug\\net6.0\\fine-code-coverage\\build-output\\ClientApplicationCoreTests.dll","CodeFilePath":null,"LineNumber":0,"Properties":[]},"Attachments":[],"Outcome":1,"ErrorMessage":null,"ErrorStackTrace":null,"DisplayName":"ClientApplicationCoreTests.Controllers.ContactControllerTests.ShowAllContactWithPaginationFav_ReturnsContacts_WhenSearchAndLetterIsNotNull_PageIsGreaterThanTotalCount","Messages":[],"ComputerName":"IN-LT-18284","Duration":"00:00:00.0072462","StartTime":"2024-06-20T06:49:30.3171488+00:00","EndTime":"2024-06-20T06:49:30.3171488+00:00","Properties":[]}],"TestRunStatistics":{"ExecutedTests":59,"Stats":{"Passed":59}},"ActiveTests":[{"Id":"3defbf04-6ea0-a677-6846-e7a675d625ac","FullyQualifiedName":"ClientApplicationCoreTests.Controllers.ContactControllerTests.Delete_ReturnsRedirectWithErrorMessage_WhenServiceResponseIsNotSuccessful","DisplayName":"ClientApplicationCoreTests.Controllers.ContactControllerTests.Delete_ReturnsRedirectWithErrorMessage_WhenServiceResponseIsNotSuccessful","ExecutorUri":"executor://xunit/VsTestRunner2/netcoreapp","Source":"C:\\Repos\\Horizon-Feb2024\\PhoneBookApp\\ClientApplicationCoreTests\\bin\\Debug\\net6.0\\fine-code-coverage\\build-output\\ClientApplicationCoreTests.dll","CodeFilePath":null,"LineNumber":0,"Properties":[]}]}}
TpTrace Verbose: 0 : 16688, 13, 2024/06/20, 12:19:30.319, 90512448907, vstest.console.dll, TestRunRequest:SendTestRunStatsChange: Starting.
TpTrace Verbose: 0 : 16688, 13, 2024/06/20, 12:19:30.319, 90512449500, vstest.console.dll, InProgress is ClientApplicationCoreTests.Controllers.ContactControllerTests.Delete_ReturnsRedirectWithErrorMessage_WhenServiceResponseIsNotSuccessful
TpTrace Verbose: 0 : 16688, 13, 2024/06/20, 12:19:30.319, 90512449874, vstest.console.dll, MulticastDelegateUtilities.SafeInvoke: TestRun.RunStatsChanged: Invoking callbacks was skipped because there are no subscribers.
TpTrace Information: 0 : 16688, 13, 2024/06/20, 12:19:30.319, 90512450094, vstest.console.dll, TestRunRequest:SendTestRunStatsChange: Completed.
TpTrace Verbose: 0 : 16688, 13, 2024/06/20, 12:19:30.319, 90512450328, vstest.console.dll, MulticastDelegateUtilities.SafeInvoke: LengthPrefixCommunicationChannel: MessageReceived: Invoking callback 1/1 for Microsoft.VisualStudio.TestPlatform.CommunicationUtilities.TestRequestSender+<>c__DisplayClass34_0., took 0 ms.
TpTrace Verbose: 0 : 16688, 13, 2024/06/20, 12:19:30.319, 90512450620, vstest.console.dll, TcpClientExtensions.MessageLoopAsync: Polling on remoteEndPoint: 127.0.0.1:59754 localEndPoint: 127.0.0.1:59753 after 15 ms
TpTrace Verbose: 0 : 16688, 4, 2024/06/20, 12:19:30.319, 90512450694, vstest.console.dll, MulticastDelegateUtilities.SafeInvoke: InternalTestLoggerEvents.SendTestResult: Invoking callback 1/1 for Microsoft.VisualStudio.TestPlatform.CommandLine.Internal.ConsoleLogger., took 0 ms.
TpTrace Verbose: 0 : 16688, 4, 2024/06/20, 12:19:30.319, 90512451286, vstest.console.dll, MulticastDelegateUtilities.SafeInvoke: InternalTestLoggerEvents.SendTestResult: Invoking callback 1/1 for Microsoft.VisualStudio.TestPlatform.CommandLine.Internal.ConsoleLogger., took 0 ms.
TpTrace Verbose: 0 : 16688, 4, 2024/06/20, 12:19:30.319, 90512451542, vstest.console.dll, MulticastDelegateUtilities.SafeInvoke: InternalTestLoggerEvents.SendTestResult: Invoking callback 1/1 for Microsoft.VisualStudio.TestPlatform.CommandLine.Internal.ConsoleLogger., took 0 ms.
TpTrace Verbose: 0 : 16688, 4, 2024/06/20, 12:19:30.319, 90512451761, vstest.console.dll, MulticastDelegateUtilities.SafeInvoke: InternalTestLoggerEvents.SendTestResult: Invoking callback 1/1 for Microsoft.VisualStudio.TestPlatform.CommandLine.Internal.ConsoleLogger., took 0 ms.
TpTrace Verbose: 0 : 16688, 4, 2024/06/20, 12:19:30.319, 90512451972, vstest.console.dll, MulticastDelegateUtilities.SafeInvoke: InternalTestLoggerEvents.SendTestResult: Invoking callback 1/1 for Microsoft.VisualStudio.TestPlatform.CommandLine.Internal.ConsoleLogger., took 0 ms.
TpTrace Verbose: 0 : 16688, 4, 2024/06/20, 12:19:30.319, 90512452176, vstest.console.dll, MulticastDelegateUtilities.SafeInvoke: InternalTestLoggerEvents.SendTestResult: Invoking callback 1/1 for Microsoft.VisualStudio.TestPlatform.CommandLine.Internal.ConsoleLogger., took 0 ms.
TpTrace Verbose: 0 : 16688, 4, 2024/06/20, 12:19:30.319, 90512452404, vstest.console.dll, MulticastDelegateUtilities.SafeInvoke: InternalTestLoggerEvents.SendTestResult: Invoking callback 1/1 for Microsoft.VisualStudio.TestPlatform.CommandLine.Internal.ConsoleLogger., took 0 ms.
TpTrace Verbose: 0 : 16688, 4, 2024/06/20, 12:19:30.319, 90512452618, vstest.console.dll, MulticastDelegateUtilities.SafeInvoke: InternalTestLoggerEvents.SendTestResult: Invoking callback 1/1 for Microsoft.VisualStudio.TestPlatform.CommandLine.Internal.ConsoleLogger., took 0 ms.
TpTrace Verbose: 0 : 16688, 4, 2024/06/20, 12:19:30.319, 90512452839, vstest.console.dll, MulticastDelegateUtilities.SafeInvoke: InternalTestLoggerEvents.SendTestResult: Invoking callback 1/1 for Microsoft.VisualStudio.TestPlatform.CommandLine.Internal.ConsoleLogger., took 0 ms.
TpTrace Verbose: 0 : 16688, 13, 2024/06/20, 12:19:30.339, 90512646531, vstest.console.dll, TcpClientExtensions.MessageLoopAsync: NotifyDataAvailable remoteEndPoint: 127.0.0.1:59754 localEndPoint: 127.0.0.1:59753
TpTrace Verbose: 0 : 16688, 13, 2024/06/20, 12:19:30.339, 90512648563, vstest.console.dll, TestRequestSender.OnExecutionMessageReceived: Received message: {"Version":7,"MessageType":"TestExecution.StatsChange","Payload":{"NewTestResults":[{"TestCase":{"Id":"3defbf04-6ea0-a677-6846-e7a675d625ac","FullyQualifiedName":"ClientApplicationCoreTests.Controllers.ContactControllerTests.Delete_ReturnsRedirectWithErrorMessage_WhenServiceResponseIsNotSuccessful","DisplayName":"ClientApplicationCoreTests.Controllers.ContactControllerTests.Delete_ReturnsRedirectWithErrorMessage_WhenServiceResponseIsNotSuccessful","ExecutorUri":"executor://xunit/VsTestRunner2/netcoreapp","Source":"C:\\Repos\\Horizon-Feb2024\\PhoneBookApp\\ClientApplicationCoreTests\\bin\\Debug\\net6.0\\fine-code-coverage\\build-output\\ClientApplicationCoreTests.dll","CodeFilePath":null,"LineNumber":0,"Properties":[]},"Attachments":[],"Outcome":1,"ErrorMessage":null,"ErrorStackTrace":null,"DisplayName":"ClientApplicationCoreTests.Controllers.ContactControllerTests.Delete_ReturnsRedirectWithErrorMessage_WhenServiceResponseIsNotSuccessful","Messages":[],"ComputerName":"IN-LT-18284","Duration":"00:00:00.0013022","StartTime":"2024-06-20T06:49:30.3197943+00:00","EndTime":"2024-06-20T06:49:30.3197944+00:00","Properties":[]},{"TestCase":{"Id":"12cb0b25-a8f8-207a-dd1a-32ad5651f85b","FullyQualifiedName":"ClientApplicationCoreTests.Controllers.ContactControllerTests.ShowAllContactWithPaginationFav_ReturnsEmptyList_WhenLetterIsNotNull","DisplayName":"ClientApplicationCoreTests.Controllers.ContactControllerTests.ShowAllContactWithPaginationFav_ReturnsEmptyList_WhenLetterIsNotNull","ExecutorUri":"executor://xunit/VsTestRunner2/netcoreapp","Source":"C:\\Repos\\Horizon-Feb2024\\PhoneBookApp\\ClientApplicationCoreTests\\bin\\Debug\\net6.0\\fine-code-coverage\\build-output\\ClientApplicationCoreTests.dll","CodeFilePath":null,"LineNumber":0,"Properties":[]},"Attachments":[],"Outcome":1,"ErrorMessage":null,"ErrorStackTrace":null,"DisplayName":"ClientApplicationCoreTests.Controllers.ContactControllerTests.ShowAllContactWithPaginationFav_ReturnsEmptyList_WhenLetterIsNotNull","Messages":[],"ComputerName":"IN-LT-18284","Duration":"00:00:00.0013721","StartTime":"2024-06-20T06:49:30.3217403+00:00","EndTime":"2024-06-20T06:49:30.3217404+00:00","Properties":[]},{"TestCase":{"Id":"59722e5c-392f-3725-768d-2ea129cca52c","FullyQualifiedName":"ClientApplicationCoreTests.Controllers.ContactControllerTests.ShowAllContactWithPaginationFav_ReturnsCorrectView_WhenSearchQueryIsNotEmpty","DisplayName":"ClientApplicationCoreTests.Controllers.ContactControllerTests.ShowAllContactWithPaginationFav_ReturnsCorrectView_WhenSearchQueryIsNotEmpty","ExecutorUri":"executor://xunit/VsTestRunner2/netcoreapp","Source":"C:\\Repos\\Horizon-Feb2024\\PhoneBookApp\\ClientApplicationCoreTests\\bin\\Debug\\net6.0\\fine-code-coverage\\build-output\\ClientApplicationCoreTests.dll","CodeFilePath":null,"LineNumber":0,"Properties":[]},"Attachments":[],"Outcome":1,"ErrorMessage":null,"ErrorStackTrace":null,"DisplayName":"ClientApplicationCoreTests.Controllers.ContactControllerTests.ShowAllContactWithPaginationFav_ReturnsCorrectView_WhenSearchQueryIsNotEmpty","Messages":[],"ComputerName":"IN-LT-18284","Duration":"00:00:00.0013920","StartTime":"2024-06-20T06:49:30.3253304+00:00","EndTime":"2024-06-20T06:49:30.3253305+00:00","Properties":[]},{"TestCase":{"Id":"915ac596-32fd-a739-0ec4-b0c456a5afc1","FullyQualifiedName":"ClientApplicationCoreTests.Controllers.ContactControllerTests.ShowAllContactWithPaginationFav_ReturnsEmptyContacts_WhenSearchAndLetterIsNotNull_PageIsGreaterThanTotalCount","DisplayName":"ClientApplicationCoreTests.Controllers.ContactControllerTests.ShowAllContactWithPaginationFav_ReturnsEmptyContacts_WhenSearchAndLetterIsNotNull_PageIsGreaterThanTotalCount","ExecutorUri":"executor://xunit/VsTestRunner2/netcoreapp","Source":"C:\\Repos\\Horizon-Feb2024\\PhoneBookApp\\ClientApplicationCoreTests\\bin\\Debug\\net6.0\\fine-code-coverage\\build-output\\ClientApplicationCoreTests.dll","CodeFilePath":null,"LineNumber":0,"Properties":[]},"Attachments":[],"Outcome":1,"ErrorMessage":null,"ErrorStackTrace":null,"DisplayName":"ClientApplicationCoreTests.Controllers.ContactControllerTests.ShowAllContactWithPaginationFav_ReturnsEmptyContacts_WhenSearchAndLetterIsNotNull_PageIsGreaterThanTotalCount","Messages":[],"ComputerName":"IN-LT-18284","Duration":"00:00:00.0014115","StartTime":"2024-06-20T06:49:30.3272523+00:00","EndTime":"2024-06-20T06:49:30.3272524+00:00","Properties":[]},{"TestCase":{"Id":"4cbf30ec-62e2-c9be-cae7-7b36bb926556","FullyQualifiedName":"ClientApplicationCoreTests.Controllers.ContactControllerTests.Delete_ReturnViewWithContact_WhenContactExists","DisplayName":"ClientApplicationCoreTests.Controllers.ContactControllerTests.Delete_ReturnViewWithContact_WhenContactExists","ExecutorUri":"executor://xunit/VsTestRunner2/netcoreapp","Source":"C:\\Repos\\Horizon-Feb2024\\PhoneBookApp\\ClientApplicationCoreTests\\bin\\Debug\\net6.0\\fine-code-coverage\\build-output\\ClientApplicationCoreTests.dll","CodeFilePath":null,"LineNumber":0,"Properties":[]},"Attachments":[],"Outcome":1,"ErrorMessage":null,"ErrorStackTrace":null,"DisplayName":"ClientApplicationCoreTests.Controllers.ContactControllerTests.Delete_ReturnViewWithContact_WhenContactExists","Messages":[],"ComputerName":"IN-LT-18284","Duration":"00:00:00.0008730","StartTime":"2024-06-20T06:49:30.3290543+00:00","EndTime":"2024-06-20T06:49:30.3290544+00:00","Properties":[]},{"TestCase":{"Id":"40ee1759-3b79-6748-c54c-3678c4e93f70","FullyQualifiedName":"ClientApplicationCoreTests.Controllers.ContactControllerTests.Edit_ContactSavedSuccessfully_RedirectToAction_WithFile","DisplayName":"ClientApplicationCoreTests.Controllers.ContactControllerTests.Edit_ContactSavedSuccessfully_RedirectToAction_WithFile","ExecutorUri":"executor://xunit/VsTestRunner2/netcoreapp","Source":"C:\\Repos\\Horizon-Feb2024\\PhoneBookApp\\ClientApplicationCoreTests\\bin\\Debug\\net6.0\\fine-code-coverage\\build-output\\ClientApplicationCoreTests.dll","CodeFilePath":null,"LineNumber":0,"Properties":[]},"Attachments":[],"Outcome":1,"ErrorMessage":null,"ErrorStackTrace":null,"DisplayName":"ClientApplicationCoreTests.Controllers.ContactControllerTests.Edit_ContactSavedSuccessfully_RedirectToAction_WithFile","Messages":[],"ComputerName":"IN-LT-18284","Duration":"00:00:00.0022743","StartTime":"2024-06-20T06:49:30.3307916+00:00","EndTime":"2024-06-20T06:49:30.3307917+00:00","Properties":[]},{"TestCase":{"Id":"e08ee979-8817-0951-cac3-44b7a05a97a2","FullyQualifiedName":"ClientApplicationCoreTests.Controllers.ContactControllerTests.Create_ReturnsViewResult_WithEmptyCountryandStateList_WhenModelStateIsInvalid","DisplayName":"ClientApplicationCoreTests.Controllers.ContactControllerTests.Create_ReturnsViewResult_WithEmptyCountryandStateList_WhenModelStateIsInvalid","ExecutorUri":"executor://xunit/VsTestRunner2/netcoreapp","Source":"C:\\Repos\\Horizon-Feb2024\\PhoneBookApp\\ClientApplicationCoreTests\\bin\\Debug\\net6.0\\fine-code-coverage\\build-output\\ClientApplicationCoreTests.dll","CodeFilePath":null,"LineNumber":0,"Properties":[]},"Attachments":[],"Outcome":1,"ErrorMessage":null,"ErrorStackTrace":null,"DisplayName":"ClientApplicationCoreTests.Controllers.ContactControllerTests.Create_ReturnsViewResult_WithEmptyCountryandStateList_WhenModelStateIsInvalid","Messages":[],"ComputerName":"IN-LT-18284","Duration":"00:00:00.0024897","StartTime":"2024-06-20T06:49:30.3325532+00:00","EndTime":"2024-06-20T06:49:30.3325533+00:00","Properties":[]},{"TestCase":{"Id":"eee1e070-7522-1efb-5d67-fb87c5fbce7d","FullyQualifiedName":"ClientApplicationCoreTests.Controllers.ContactControllerTests.Delete_ReturnsRedirectWithErrorMessage_WhenErrrorResponseIsNull","DisplayName":"ClientApplicationCoreTests.Controllers.ContactControllerTests.Delete_ReturnsRedirectWithErrorMessage_WhenErrrorResponseIsNull","ExecutorUri":"executor://xunit/VsTestRunner2/netcoreapp","Source":"C:\\Repos\\Horizon-Feb2024\\PhoneBookApp\\ClientApplicationCoreTests\\bin\\Debug\\net6.0\\fine-code-coverage\\build-output\\ClientApplicationCoreTests.dll","CodeFilePath":null,"LineNumber":0,"Properties":[]},"Attachments":[],"Outcome":1,"ErrorMessage":null,"ErrorStackTrace":null,"DisplayName":"ClientApplicationCoreTests.Controllers.ContactControllerTests.Delete_ReturnsRedirectWithErrorMessage_WhenErrrorResponseIsNull","Messages":[],"ComputerName":"IN-LT-18284","Duration":"00:00:00.0008255","StartTime":"2024-06-20T06:49:30.3342809+00:00","EndTime":"2024-06-20T06:49:30.3342809+00:00","Properties":[]},{"TestCase":{"Id":"8239acce-8fbb-c629-fb17-2771fd285e4b","FullyQualifiedName":"ClientApplicationCoreTests.Controllers.ContactControllerTests.Edit_RedirectToActionResult_WhenContactsUpdatedSuccessfullyWhenFileIsNotNull","DisplayName":"ClientApplicationCoreTests.Controllers.ContactControllerTests.Edit_RedirectToActionResult_WhenContactsUpdatedSuccessfullyWhenFileIsNotNull","ExecutorUri":"executor://xunit/VsTestRunner2/netcoreapp","Source":"C:\\Repos\\Horizon-Feb2024\\PhoneBookApp\\ClientApplicationCoreTests\\bin\\Debug\\net6.0\\fine-code-coverage\\build-output\\ClientApplicationCoreTests.dll","CodeFilePath":null,"LineNumber":0,"Properties":[]},"Attachments":[],"Outcome":1,"ErrorMessage":null,"ErrorStackTrace":null,"DisplayName":"ClientApplicationCoreTests.Controllers.ContactControllerTests.Edit_RedirectToActionResult_WhenContactsUpdatedSuccessfullyWhenFileIsNotNull","Messages":[],"ComputerName":"IN-LT-18284","Duration":"00:00:00.0040247","StartTime":"2024-06-20T06:49:30.3361184+00:00","EndTime":"2024-06-20T06:49:30.3361184+00:00","Properties":[]}],"TestRunStatistics":{"ExecutedTests":68,"Stats":{"Passed":68}},"ActiveTests":[{"Id":"bdbe1a68-8921-f1d3-5fbf-e1fdc487d799","FullyQualifiedName":"ClientApplicationCoreTests.Controllers.ContactControllerTests.Edit_ContactSavedSuccessfully_RedirectToAction","DisplayName":"ClientApplicationCoreTests.Controllers.ContactControllerTests.Edit_ContactSavedSuccessfully_RedirectToAction","ExecutorUri":"executor://xunit/VsTestRunner2/netcoreapp","Source":"C:\\Repos\\Horizon-Feb2024\\PhoneBookApp\\ClientApplicationCoreTests\\bin\\Debug\\net6.0\\fine-code-coverage\\build-output\\ClientApplicationCoreTests.dll","CodeFilePath":null,"LineNumber":0,"Properties":[]}]}}
TpTrace Verbose: 0 : 16688, 13, 2024/06/20, 12:19:30.340, 90512653284, vstest.console.dll, TestRunRequest:SendTestRunStatsChange: Starting.
TpTrace Verbose: 0 : 16688, 13, 2024/06/20, 12:19:30.340, 90512653634, vstest.console.dll, InProgress is ClientApplicationCoreTests.Controllers.ContactControllerTests.Edit_ContactSavedSuccessfully_RedirectToAction
TpTrace Verbose: 0 : 16688, 13, 2024/06/20, 12:19:30.340, 90512653992, vstest.console.dll, MulticastDelegateUtilities.SafeInvoke: TestRun.RunStatsChanged: Invoking callbacks was skipped because there are no subscribers.
TpTrace Information: 0 : 16688, 13, 2024/06/20, 12:19:30.340, 90512654462, vstest.console.dll, TestRunRequest:SendTestRunStatsChange: Completed.
TpTrace Verbose: 0 : 16688, 13, 2024/06/20, 12:19:30.340, 90512654677, vstest.console.dll, MulticastDelegateUtilities.SafeInvoke: LengthPrefixCommunicationChannel: MessageReceived: Invoking callback 1/1 for Microsoft.VisualStudio.TestPlatform.CommunicationUtilities.TestRequestSender+<>c__DisplayClass34_0., took 0 ms.
TpTrace Verbose: 0 : 16688, 13, 2024/06/20, 12:19:30.340, 90512654890, vstest.console.dll, TcpClientExtensions.MessageLoopAsync: Polling on remoteEndPoint: 127.0.0.1:59754 localEndPoint: 127.0.0.1:59753 after 20 ms
TpTrace Verbose: 0 : 16688, 4, 2024/06/20, 12:19:30.340, 90512654978, vstest.console.dll, MulticastDelegateUtilities.SafeInvoke: InternalTestLoggerEvents.SendTestResult: Invoking callback 1/1 for Microsoft.VisualStudio.TestPlatform.CommandLine.Internal.ConsoleLogger., took 0 ms.
TpTrace Verbose: 0 : 16688, 4, 2024/06/20, 12:19:30.340, 90512655552, vstest.console.dll, MulticastDelegateUtilities.SafeInvoke: InternalTestLoggerEvents.SendTestResult: Invoking callback 1/1 for Microsoft.VisualStudio.TestPlatform.CommandLine.Internal.ConsoleLogger., took 0 ms.
TpTrace Verbose: 0 : 16688, 4, 2024/06/20, 12:19:30.340, 90512655807, vstest.console.dll, MulticastDelegateUtilities.SafeInvoke: InternalTestLoggerEvents.SendTestResult: Invoking callback 1/1 for Microsoft.VisualStudio.TestPlatform.CommandLine.Internal.ConsoleLogger., took 0 ms.
TpTrace Verbose: 0 : 16688, 4, 2024/06/20, 12:19:30.340, 90512656033, vstest.console.dll, MulticastDelegateUtilities.SafeInvoke: InternalTestLoggerEvents.SendTestResult: Invoking callback 1/1 for Microsoft.VisualStudio.TestPlatform.CommandLine.Internal.ConsoleLogger., took 0 ms.
TpTrace Verbose: 0 : 16688, 4, 2024/06/20, 12:19:30.340, 90512656237, vstest.console.dll, MulticastDelegateUtilities.SafeInvoke: InternalTestLoggerEvents.SendTestResult: Invoking callback 1/1 for Microsoft.VisualStudio.TestPlatform.CommandLine.Internal.ConsoleLogger., took 0 ms.
TpTrace Verbose: 0 : 16688, 4, 2024/06/20, 12:19:30.340, 90512656486, vstest.console.dll, MulticastDelegateUtilities.SafeInvoke: InternalTestLoggerEvents.SendTestResult: Invoking callback 1/1 for Microsoft.VisualStudio.TestPlatform.CommandLine.Internal.ConsoleLogger., took 0 ms.
TpTrace Verbose: 0 : 16688, 4, 2024/06/20, 12:19:30.340, 90512656691, vstest.console.dll, MulticastDelegateUtilities.SafeInvoke: InternalTestLoggerEvents.SendTestResult: Invoking callback 1/1 for Microsoft.VisualStudio.TestPlatform.CommandLine.Internal.ConsoleLogger., took 0 ms.
TpTrace Verbose: 0 : 16688, 4, 2024/06/20, 12:19:30.340, 90512656891, vstest.console.dll, MulticastDelegateUtilities.SafeInvoke: InternalTestLoggerEvents.SendTestResult: Invoking callback 1/1 for Microsoft.VisualStudio.TestPlatform.CommandLine.Internal.ConsoleLogger., took 0 ms.
TpTrace Verbose: 0 : 16688, 4, 2024/06/20, 12:19:30.340, 90512657096, vstest.console.dll, MulticastDelegateUtilities.SafeInvoke: InternalTestLoggerEvents.SendTestResult: Invoking callback 1/1 for Microsoft.VisualStudio.TestPlatform.CommandLine.Internal.ConsoleLogger., took 0 ms.
TpTrace Verbose: 0 : 16688, 13, 2024/06/20, 12:19:30.356, 90512821616, vstest.console.dll, TcpClientExtensions.MessageLoopAsync: NotifyDataAvailable remoteEndPoint: 127.0.0.1:59754 localEndPoint: 127.0.0.1:59753
TpTrace Verbose: 0 : 16688, 13, 2024/06/20, 12:19:30.357, 90512823615, vstest.console.dll, TestRequestSender.OnExecutionMessageReceived: Received message: {"Version":7,"MessageType":"TestExecution.StatsChange","Payload":{"NewTestResults":[{"TestCase":{"Id":"bdbe1a68-8921-f1d3-5fbf-e1fdc487d799","FullyQualifiedName":"ClientApplicationCoreTests.Controllers.ContactControllerTests.Edit_ContactSavedSuccessfully_RedirectToAction","DisplayName":"ClientApplicationCoreTests.Controllers.ContactControllerTests.Edit_ContactSavedSuccessfully_RedirectToAction","ExecutorUri":"executor://xunit/VsTestRunner2/netcoreapp","Source":"C:\\Repos\\Horizon-Feb2024\\PhoneBookApp\\ClientApplicationCoreTests\\bin\\Debug\\net6.0\\fine-code-coverage\\build-output\\ClientApplicationCoreTests.dll","CodeFilePath":null,"LineNumber":0,"Properties":[]},"Attachments":[],"Outcome":1,"ErrorMessage":null,"ErrorStackTrace":null,"DisplayName":"ClientApplicationCoreTests.Controllers.ContactControllerTests.Edit_ContactSavedSuccessfully_RedirectToAction","Messages":[],"ComputerName":"IN-LT-18284","Duration":"00:00:00.0055915","StartTime":"2024-06-20T06:49:30.3401553+00:00","EndTime":"2024-06-20T06:49:30.3401554+00:00","Properties":[]},{"TestCase":{"Id":"9c8a1a98-a8e8-fe91-6a38-bd4dfc577c64","FullyQualifiedName":"ClientApplicationCoreTests.Controllers.ContactControllerTests.Create_RedirectToActionResult_WhenContactSavedSuccessfully","DisplayName":"ClientApplicationCoreTests.Controllers.ContactControllerTests.Create_RedirectToActionResult_WhenContactSavedSuccessfully","ExecutorUri":"executor://xunit/VsTestRunner2/netcoreapp","Source":"C:\\Repos\\Horizon-Feb2024\\PhoneBookApp\\ClientApplicationCoreTests\\bin\\Debug\\net6.0\\fine-code-coverage\\build-output\\ClientApplicationCoreTests.dll","CodeFilePath":null,"LineNumber":0,"Properties":[]},"Attachments":[],"Outcome":1,"ErrorMessage":null,"ErrorStackTrace":null,"DisplayName":"ClientApplicationCoreTests.Controllers.ContactControllerTests.Create_RedirectToActionResult_WhenContactSavedSuccessfully","Messages":[],"ComputerName":"IN-LT-18284","Duration":"00:00:00.0035288","StartTime":"2024-06-20T06:49:30.342371+00:00","EndTime":"2024-06-20T06:49:30.342371+00:00","Properties":[]},{"TestCase":{"Id":"b43cf828-3d5e-0df0-f287-2772635ca666","FullyQualifiedName":"ClientApplicationCoreTests.Controllers.ContactControllerTests.Favourite_ReturnsNoContacts_WhenLetterIsNull","DisplayName":"ClientApplicationCoreTests.Controllers.ContactControllerTests.Favourite_ReturnsNoContacts_WhenLetterIsNull","ExecutorUri":"executor://xunit/VsTestRunner2/netcoreapp","Source":"C:\\Repos\\Horizon-Feb2024\\PhoneBookApp\\ClientApplicationCoreTests\\bin\\Debug\\net6.0\\fine-code-coverage\\build-output\\ClientApplicationCoreTests.dll","CodeFilePath":null,"LineNumber":0,"Properties":[]},"Attachments":[],"Outcome":1,"ErrorMessage":null,"ErrorStackTrace":null,"DisplayName":"ClientApplicationCoreTests.Controllers.ContactControllerTests.Favourite_ReturnsNoContacts_WhenLetterIsNull","Messages":[],"ComputerName":"IN-LT-18284","Duration":"00:00:00.0036072","StartTime":"2024-06-20T06:49:30.3441688+00:00","EndTime":"2024-06-20T06:49:30.3441689+00:00","Properties":[]},{"TestCase":{"Id":"d11482c4-aa32-8ab2-f151-e3945c77a6e9","FullyQualifiedName":"ClientApplicationCoreTests.Controllers.ContactControllerTests.Edit_ContactFailedToSaveServiceResponseNull_RedirectToAction","DisplayName":"ClientApplicationCoreTests.Controllers.ContactControllerTests.Edit_ContactFailedToSaveServiceResponseNull_RedirectToAction","ExecutorUri":"executor://xunit/VsTestRunner2/netcoreapp","Source":"C:\\Repos\\Horizon-Feb2024\\PhoneBookApp\\ClientApplicationCoreTests\\bin\\Debug\\net6.0\\fine-code-coverage\\build-output\\ClientApplicationCoreTests.dll","CodeFilePath":null,"LineNumber":0,"Properties":[]},"Attachments":[],"Outcome":1,"ErrorMessage":null,"ErrorStackTrace":null,"DisplayName":"ClientApplicationCoreTests.Controllers.ContactControllerTests.Edit_ContactFailedToSaveServiceResponseNull_RedirectToAction","Messages":[],"ComputerName":"IN-LT-18284","Duration":"00:00:00.0035970","StartTime":"2024-06-20T06:49:30.3459929+00:00","EndTime":"2024-06-20T06:49:30.3459929+00:00","Properties":[]},{"TestCase":{"Id":"a368ba7a-5345-2df9-3eeb-78f6f2bf5ed0","FullyQualifiedName":"ClientApplicationCoreTests.Controllers.ContactControllerTests.Details_WhenSuccessResponseIsOK_WhenDataIsNullAndSuccessIsTrue","DisplayName":"ClientApplicationCoreTests.Controllers.ContactControllerTests.Details_WhenSuccessResponseIsOK_WhenDataIsNullAndSuccessIsTrue","ExecutorUri":"executor://xunit/VsTestRunner2/netcoreapp","Source":"C:\\Repos\\Horizon-Feb2024\\PhoneBookApp\\ClientApplicationCoreTests\\bin\\Debug\\net6.0\\fine-code-coverage\\build-output\\ClientApplicationCoreTests.dll","CodeFilePath":null,"LineNumber":0,"Properties":[]},"Attachments":[],"Outcome":1,"ErrorMessage":null,"ErrorStackTrace":null,"DisplayName":"ClientApplicationCoreTests.Controllers.ContactControllerTests.Details_WhenSuccessResponseIsOK_WhenDataIsNullAndSuccessIsTrue","Messages":[],"ComputerName":"IN-LT-18284","Duration":"00:00:00.0010278","StartTime":"2024-06-20T06:49:30.347736+00:00","EndTime":"2024-06-20T06:49:30.3477361+00:00","Properties":[]},{"TestCase":{"Id":"f15edd0b-2aa9-7927-e5fb-870792874028","FullyQualifiedName":"ClientApplicationCoreTests.Controllers.ContactControllerTests.ShowAllContactWithPagination_ReturnsContacts_WhenSerachAndLetterIsNotNull_PageIsGreaterThanTotalCount","DisplayName":"ClientApplicationCoreTests.Controllers.ContactControllerTests.ShowAllContactWithPagination_ReturnsContacts_WhenSerachAndLetterIsNotNull_PageIsGreaterThanTotalCount","ExecutorUri":"executor://xunit/VsTestRunner2/netcoreapp","Source":"C:\\Repos\\Horizon-Feb2024\\PhoneBookApp\\ClientApplicationCoreTests\\bin\\Debug\\net6.0\\fine-code-coverage\\build-output\\ClientApplicationCoreTests.dll","CodeFilePath":null,"LineNumber":0,"Properties":[]},"Attachments":[],"Outcome":1,"ErrorMessage":null,"ErrorStackTrace":null,"DisplayName":"ClientApplicationCoreTests.Controllers.ContactControllerTests.ShowAllContactWithPagination_ReturnsContacts_WhenSerachAndLetterIsNotNull_PageIsGreaterThanTotalCount","Messages":[],"ComputerName":"IN-LT-18284","Duration":"00:00:00.0017637","StartTime":"2024-06-20T06:49:30.3495512+00:00","EndTime":"2024-06-20T06:49:30.3495513+00:00","Properties":[]},{"TestCase":{"Id":"740c7526-d90e-8017-1b79-672e8b1ef45a","FullyQualifiedName":"ClientApplicationCoreTests.Controllers.ContactControllerTests.Edit_ContactFailed_WhenModelStateIsInvalid","DisplayName":"ClientApplicationCoreTests.Controllers.ContactControllerTests.Edit_ContactFailed_WhenModelStateIsInvalid","ExecutorUri":"executor://xunit/VsTestRunner2/netcoreapp","Source":"C:\\Repos\\Horizon-Feb2024\\PhoneBookApp\\ClientApplicationCoreTests\\bin\\Debug\\net6.0\\fine-code-coverage\\build-output\\ClientApplicationCoreTests.dll","CodeFilePath":null,"LineNumber":0,"Properties":[]},"Attachments":[],"Outcome":1,"ErrorMessage":null,"ErrorStackTrace":null,"DisplayName":"ClientApplicationCoreTests.Controllers.ContactControllerTests.Edit_ContactFailed_WhenModelStateIsInvalid","Messages":[],"ComputerName":"IN-LT-18284","Duration":"00:00:00.0022285","StartTime":"2024-06-20T06:49:30.3514474+00:00","EndTime":"2024-06-20T06:49:30.3514475+00:00","Properties":[]},{"TestCase":{"Id":"77a81d29-ad4c-8c50-c0c4-37ceda9d3847","FullyQualifiedName":"ClientApplicationCoreTests.Controllers.ContactControllerTests.ShowAllContactWithPaginationFav_ReturnsEmptyList_WhenLetterIsNull","DisplayName":"ClientApplicationCoreTests.Controllers.ContactControllerTests.ShowAllContactWithPaginationFav_ReturnsEmptyList_WhenLetterIsNull","ExecutorUri":"executor://xunit/VsTestRunner2/netcoreapp","Source":"C:\\Repos\\Horizon-Feb2024\\PhoneBookApp\\ClientApplicationCoreTests\\bin\\Debug\\net6.0\\fine-code-coverage\\build-output\\ClientApplicationCoreTests.dll","CodeFilePath":null,"LineNumber":0,"Properties":[]},"Attachments":[],"Outcome":1,"ErrorMessage":null,"ErrorStackTrace":null,"DisplayName":"ClientApplicationCoreTests.Controllers.ContactControllerTests.ShowAllContactWithPaginationFav_ReturnsEmptyList_WhenLetterIsNull","Messages":[],"ComputerName":"IN-LT-18284","Duration":"00:00:00.0013347","StartTime":"2024-06-20T06:49:30.3532839+00:00","EndTime":"2024-06-20T06:49:30.353284+00:00","Properties":[]},{"TestCase":{"Id":"ea960b0e-b85b-eab0-b41d-ed2454aceea4","FullyQualifiedName":"ClientApplicationCoreTests.Controllers.ContactControllerTests.ShowAllContactWithPagination_ReturnsEmptyView_WhenTotalCountIsZero","DisplayName":"ClientApplicationCoreTests.Controllers.ContactControllerTests.ShowAllContactWithPagination_ReturnsEmptyView_WhenTotalCountIsZero","ExecutorUri":"executor://xunit/VsTestRunner2/netcoreapp","Source":"C:\\Repos\\Horizon-Feb2024\\PhoneBookApp\\ClientApplicationCoreTests\\bin\\Debug\\net6.0\\fine-code-coverage\\build-output\\ClientApplicationCoreTests.dll","CodeFilePath":null,"LineNumber":0,"Properties":[]},"Attachments":[],"Outcome":1,"ErrorMessage":null,"ErrorStackTrace":null,"DisplayName":"ClientApplicationCoreTests.Controllers.ContactControllerTests.ShowAllContactWithPagination_ReturnsEmptyView_WhenTotalCountIsZero","Messages":[],"ComputerName":"IN-LT-18284","Duration":"00:00:00.0013413","StartTime":"2024-06-20T06:49:30.3550958+00:00","EndTime":"2024-06-20T06:49:30.3550959+00:00","Properties":[]}],"TestRunStatistics":{"ExecutedTests":77,"Stats":{"Passed":77}},"ActiveTests":[{"Id":"af6eec56-67af-10b6-56d2-d0a2ab6a93dd","FullyQualifiedName":"ClientApplicationCoreTests.Controllers.ContactControllerTests.Index1_ReturnsContacts_WhenSerachAndLetterIsNotNull","DisplayName":"ClientApplicationCoreTests.Controllers.ContactControllerTests.Index1_ReturnsContacts_WhenSerachAndLetterIsNotNull","ExecutorUri":"executor://xunit/VsTestRunner2/netcoreapp","Source":"C:\\Repos\\Horizon-Feb2024\\PhoneBookApp\\ClientApplicationCoreTests\\bin\\Debug\\net6.0\\fine-code-coverage\\build-output\\ClientApplicationCoreTests.dll","CodeFilePath":null,"LineNumber":0,"Properties":[]}]}}
TpTrace Verbose: 0 : 16688, 13, 2024/06/20, 12:19:30.357, 90512828355, vstest.console.dll, TestRunRequest:SendTestRunStatsChange: Starting.
TpTrace Verbose: 0 : 16688, 13, 2024/06/20, 12:19:30.357, 90512828731, vstest.console.dll, InProgress is ClientApplicationCoreTests.Controllers.ContactControllerTests.Index1_ReturnsContacts_WhenSerachAndLetterIsNotNull
TpTrace Verbose: 0 : 16688, 13, 2024/06/20, 12:19:30.357, 90512829308, vstest.console.dll, MulticastDelegateUtilities.SafeInvoke: TestRun.RunStatsChanged: Invoking callbacks was skipped because there are no subscribers.
TpTrace Information: 0 : 16688, 13, 2024/06/20, 12:19:30.357, 90512829474, vstest.console.dll, TestRunRequest:SendTestRunStatsChange: Completed.
TpTrace Verbose: 0 : 16688, 13, 2024/06/20, 12:19:30.357, 90512829649, vstest.console.dll, MulticastDelegateUtilities.SafeInvoke: LengthPrefixCommunicationChannel: MessageReceived: Invoking callback 1/1 for Microsoft.VisualStudio.TestPlatform.CommunicationUtilities.TestRequestSender+<>c__DisplayClass34_0., took 0 ms.
TpTrace Verbose: 0 : 16688, 13, 2024/06/20, 12:19:30.357, 90512829838, vstest.console.dll, TcpClientExtensions.MessageLoopAsync: Polling on remoteEndPoint: 127.0.0.1:59754 localEndPoint: 127.0.0.1:59753 after 17 ms
TpTrace Verbose: 0 : 16688, 4, 2024/06/20, 12:19:30.357, 90512830049, vstest.console.dll, MulticastDelegateUtilities.SafeInvoke: InternalTestLoggerEvents.SendTestResult: Invoking callback 1/1 for Microsoft.VisualStudio.TestPlatform.CommandLine.Internal.ConsoleLogger., took 0 ms.
TpTrace Verbose: 0 : 16688, 4, 2024/06/20, 12:19:30.357, 90512830618, vstest.console.dll, MulticastDelegateUtilities.SafeInvoke: InternalTestLoggerEvents.SendTestResult: Invoking callback 1/1 for Microsoft.VisualStudio.TestPlatform.CommandLine.Internal.ConsoleLogger., took 0 ms.
TpTrace Verbose: 0 : 16688, 4, 2024/06/20, 12:19:30.357, 90512830874, vstest.console.dll, MulticastDelegateUtilities.SafeInvoke: InternalTestLoggerEvents.SendTestResult: Invoking callback 1/1 for Microsoft.VisualStudio.TestPlatform.CommandLine.Internal.ConsoleLogger., took 0 ms.
TpTrace Verbose: 0 : 16688, 4, 2024/06/20, 12:19:30.357, 90512831089, vstest.console.dll, MulticastDelegateUtilities.SafeInvoke: InternalTestLoggerEvents.SendTestResult: Invoking callback 1/1 for Microsoft.VisualStudio.TestPlatform.CommandLine.Internal.ConsoleLogger., took 0 ms.
TpTrace Verbose: 0 : 16688, 4, 2024/06/20, 12:19:30.357, 90512831307, vstest.console.dll, MulticastDelegateUtilities.SafeInvoke: InternalTestLoggerEvents.SendTestResult: Invoking callback 1/1 for Microsoft.VisualStudio.TestPlatform.CommandLine.Internal.ConsoleLogger., took 0 ms.
TpTrace Verbose: 0 : 16688, 4, 2024/06/20, 12:19:30.357, 90512831530, vstest.console.dll, MulticastDelegateUtilities.SafeInvoke: InternalTestLoggerEvents.SendTestResult: Invoking callback 1/1 for Microsoft.VisualStudio.TestPlatform.CommandLine.Internal.ConsoleLogger., took 0 ms.
TpTrace Verbose: 0 : 16688, 4, 2024/06/20, 12:19:30.357, 90512831734, vstest.console.dll, MulticastDelegateUtilities.SafeInvoke: InternalTestLoggerEvents.SendTestResult: Invoking callback 1/1 for Microsoft.VisualStudio.TestPlatform.CommandLine.Internal.ConsoleLogger., took 0 ms.
TpTrace Verbose: 0 : 16688, 4, 2024/06/20, 12:19:30.357, 90512831964, vstest.console.dll, MulticastDelegateUtilities.SafeInvoke: InternalTestLoggerEvents.SendTestResult: Invoking callback 1/1 for Microsoft.VisualStudio.TestPlatform.CommandLine.Internal.ConsoleLogger., took 0 ms.
TpTrace Verbose: 0 : 16688, 4, 2024/06/20, 12:19:30.357, 90512832188, vstest.console.dll, MulticastDelegateUtilities.SafeInvoke: InternalTestLoggerEvents.SendTestResult: Invoking callback 1/1 for Microsoft.VisualStudio.TestPlatform.CommandLine.Internal.ConsoleLogger., took 0 ms.
TpTrace Verbose: 0 : 16688, 13, 2024/06/20, 12:19:30.370, 90512956183, vstest.console.dll, TcpClientExtensions.MessageLoopAsync: NotifyDataAvailable remoteEndPoint: 127.0.0.1:59754 localEndPoint: 127.0.0.1:59753
TpTrace Verbose: 0 : 16688, 13, 2024/06/20, 12:19:30.370, 90512957574, vstest.console.dll, TestRequestSender.OnExecutionMessageReceived: Received message: {"Version":7,"MessageType":"TestSession.Message","Payload":{"MessageLevel":0,"Message":"[xUnit.net 00:00:02.01]   Finished:    ClientApplicationCoreTests"}}
TpTrace Verbose: 0 : 16688, 13, 2024/06/20, 12:19:30.370, 90512958849, vstest.console.dll, TestRunRequest:SendTestRunMessage: Starting.
TpTrace Verbose: 0 : 16688, 13, 2024/06/20, 12:19:30.370, 90512959621, vstest.console.dll, MulticastDelegateUtilities.SafeInvoke: TestRun.LogMessages: Invoking callback 1/1 for Microsoft.VisualStudio.TestPlatform.CommandLine.TestRunResultAggregator., took 0 ms.
TpTrace Verbose: 0 : 16688, 4, 2024/06/20, 12:19:30.370, 90512959643, vstest.console.dll, MulticastDelegateUtilities.SafeInvoke: InternalTestLoggerEvents.SendTestRunMessage: Invoking callback 1/1 for Microsoft.VisualStudio.TestPlatform.CommandLine.Internal.ConsoleLogger., took 0 ms.
TpTrace Information: 0 : 16688, 13, 2024/06/20, 12:19:30.370, 90512959928, vstest.console.dll, TestRunRequest:SendTestRunMessage: Completed.
TpTrace Verbose: 0 : 16688, 13, 2024/06/20, 12:19:30.370, 90512960833, vstest.console.dll, MulticastDelegateUtilities.SafeInvoke: LengthPrefixCommunicationChannel: MessageReceived: Invoking callback 1/1 for Microsoft.VisualStudio.TestPlatform.CommunicationUtilities.TestRequestSender+<>c__DisplayClass34_0., took 0 ms.
TpTrace Verbose: 0 : 16688, 13, 2024/06/20, 12:19:30.370, 90512961057, vstest.console.dll, TcpClientExtensions.MessageLoopAsync: Polling on remoteEndPoint: 127.0.0.1:59754 localEndPoint: 127.0.0.1:59753 after 13 ms
TpTrace Verbose: 0 : 16688, 13, 2024/06/20, 12:19:30.379, 90513049810, vstest.console.dll, TcpClientExtensions.MessageLoopAsync: NotifyDataAvailable remoteEndPoint: 127.0.0.1:59754 localEndPoint: 127.0.0.1:59753
TpTrace Verbose: 0 : 16688, 13, 2024/06/20, 12:19:30.379, 90513051237, vstest.console.dll, TestRequestSender.OnExecutionMessageReceived: Received message: {"Version":7,"MessageType":"TestExecution.Completed","Payload":{"TestRunCompleteArgs":{"TestRunStatistics":{"ExecutedTests":84,"Stats":{"Passed":84}},"IsCanceled":false,"IsAborted":false,"Error":null,"AttachmentSets":[],"InvokedDataCollectors":[],"ElapsedTimeInRunningTests":"00:00:02.0244912","Metrics":{},"DiscoveredExtensions":{"TestDiscoverers":["Xunit.Runner.VisualStudio.VsTestRunner, xunit.runner.visualstudio.dotnetcore.testadapter, Version=2.4.0.0, Culture=neutral, PublicKeyToken=8d05b1bb7a6fdb6c"],"TestExecutors":["executor://xunit/VsTestRunner2/netcoreapp"],"TestExecutors2":[],"TestSettingsProviders":[]}},"LastRunTests":{"NewTestResults":[{"TestCase":{"Id":"af6eec56-67af-10b6-56d2-d0a2ab6a93dd","FullyQualifiedName":"ClientApplicationCoreTests.Controllers.ContactControllerTests.Index1_ReturnsContacts_WhenSerachAndLetterIsNotNull","DisplayName":"ClientApplicationCoreTests.Controllers.ContactControllerTests.Index1_ReturnsContacts_WhenSerachAndLetterIsNotNull","ExecutorUri":"executor://xunit/VsTestRunner2/netcoreapp","Source":"C:\\Repos\\Horizon-Feb2024\\PhoneBookApp\\ClientApplicationCoreTests\\bin\\Debug\\net6.0\\fine-code-coverage\\build-output\\ClientApplicationCoreTests.dll","CodeFilePath":null,"LineNumber":0,"Properties":[]},"Attachments":[],"Outcome":1,"ErrorMessage":null,"ErrorStackTrace":null,"DisplayName":"ClientApplicationCoreTests.Controllers.ContactControllerTests.Index1_ReturnsContacts_WhenSerachAndLetterIsNotNull","Messages":[],"ComputerName":"IN-LT-18284","Duration":"00:00:00.0029271","StartTime":"2024-06-20T06:49:30.357631+00:00","EndTime":"2024-06-20T06:49:30.3576311+00:00","Properties":[]},{"TestCase":{"Id":"0f735250-03c1-dec7-8ecf-7de20abd406e","FullyQualifiedName":"ClientApplicationCoreTests.Controllers.ContactControllerTests.DeleteConfirmed_ReturnsRedirectToActionResult_WhenDeleteNotSucceeds","DisplayName":"ClientApplicationCoreTests.Controllers.ContactControllerTests.DeleteConfirmed_ReturnsRedirectToActionResult_WhenDeleteNotSucceeds","ExecutorUri":"executor://xunit/VsTestRunner2/netcoreapp","Source":"C:\\Repos\\Horizon-Feb2024\\PhoneBookApp\\ClientApplicationCoreTests\\bin\\Debug\\net6.0\\fine-code-coverage\\build-output\\ClientApplicationCoreTests.dll","CodeFilePath":null,"LineNumber":0,"Properties":[]},"Attachments":[],"Outcome":1,"ErrorMessage":null,"ErrorStackTrace":null,"DisplayName":"ClientApplicationCoreTests.Controllers.ContactControllerTests.DeleteConfirmed_ReturnsRedirectToActionResult_WhenDeleteNotSucceeds","Messages":[],"ComputerName":"IN-LT-18284","Duration":"00:00:00.0012438","StartTime":"2024-06-20T06:49:30.3594834+00:00","EndTime":"2024-06-20T06:49:30.3594834+00:00","Properties":[]},{"TestCase":{"Id":"d2033161-ffa7-ff43-e80c-e74aea129c44","FullyQualifiedName":"ClientApplicationCoreTests.Controllers.ContactControllerTests.Edit_ContactSavedSuccessfully_RedirectToAction_RemoveImage","DisplayName":"ClientApplicationCoreTests.Controllers.ContactControllerTests.Edit_ContactSavedSuccessfully_RedirectToAction_RemoveImage","ExecutorUri":"executor://xunit/VsTestRunner2/netcoreapp","Source":"C:\\Repos\\Horizon-Feb2024\\PhoneBookApp\\ClientApplicationCoreTests\\bin\\Debug\\net6.0\\fine-code-coverage\\build-output\\ClientApplicationCoreTests.dll","CodeFilePath":null,"LineNumber":0,"Properties":[]},"Attachments":[],"Outcome":1,"ErrorMessage":null,"ErrorStackTrace":null,"DisplayName":"ClientApplicationCoreTests.Controllers.ContactControllerTests.Edit_ContactSavedSuccessfully_RedirectToAction_RemoveImage","Messages":[],"ComputerName":"IN-LT-18284","Duration":"00:00:00.0056337","StartTime":"2024-06-20T06:49:30.3612556+00:00","EndTime":"2024-06-20T06:49:30.3612556+00:00","Properties":[]},{"TestCase":{"Id":"b2ffbac5-bf4e-3a39-2059-2d84e5447766","FullyQualifiedName":"ClientApplicationCoreTests.Controllers.ContactControllerTests.Edit_ReturnsSomethingWentWrong_ReturnRedirectToActionResult","DisplayName":"ClientApplicationCoreTests.Controllers.ContactControllerTests.Edit_ReturnsSomethingWentWrong_ReturnRedirectToActionResult","ExecutorUri":"executor://xunit/VsTestRunner2/netcoreapp","Source":"C:\\Repos\\Horizon-Feb2024\\PhoneBookApp\\ClientApplicationCoreTests\\bin\\Debug\\net6.0\\fine-code-coverage\\build-output\\ClientApplicationCoreTests.dll","CodeFilePath":null,"LineNumber":0,"Properties":[]},"Attachments":[],"Outcome":1,"ErrorMessage":null,"ErrorStackTrace":null,"DisplayName":"ClientApplicationCoreTests.Controllers.ContactControllerTests.Edit_ReturnsSomethingWentWrong_ReturnRedirectToActionResult","Messages":[],"ComputerName":"IN-LT-18284","Duration":"00:00:00.0032868","StartTime":"2024-06-20T06:49:30.3630442+00:00","EndTime":"2024-06-20T06:49:30.3630443+00:00","Properties":[]},{"TestCase":{"Id":"ec909529-caf1-831f-f90c-95d45c256536","FullyQualifiedName":"ClientApplicationCoreTests.Controllers.ContactControllerTests.Edit_ReturnsErrorMessage_WhenStatusCodeIsSuccess","DisplayName":"ClientApplicationCoreTests.Controllers.ContactControllerTests.Edit_ReturnsErrorMessage_WhenStatusCodeIsSuccess","ExecutorUri":"executor://xunit/VsTestRunner2/netcoreapp","Source":"C:\\Repos\\Horizon-Feb2024\\PhoneBookApp\\ClientApplicationCoreTests\\bin\\Debug\\net6.0\\fine-code-coverage\\build-output\\ClientApplicationCoreTests.dll","CodeFilePath":null,"LineNumber":0,"Properties":[]},"Attachments":[],"Outcome":1,"ErrorMessage":null,"ErrorStackTrace":null,"DisplayName":"ClientApplicationCoreTests.Controllers.ContactControllerTests.Edit_ReturnsErrorMessage_WhenStatusCodeIsSuccess","Messages":[],"ComputerName":"IN-LT-18284","Duration":"00:00:00.0009625","StartTime":"2024-06-20T06:49:30.3648037+00:00","EndTime":"2024-06-20T06:49:30.3648038+00:00","Properties":[]},{"TestCase":{"Id":"307baf3e-4f41-48e6-724c-dc05fa04c4cb","FullyQualifiedName":"ClientApplicationCoreTests.Controllers.ContactControllerTests.Edit_ContactFailedToSave_ReturnRedirectToActionResult","DisplayName":"ClientApplicationCoreTests.Controllers.ContactControllerTests.Edit_ContactFailedToSave_ReturnRedirectToActionResult","ExecutorUri":"executor://xunit/VsTestRunner2/netcoreapp","Source":"C:\\Repos\\Horizon-Feb2024\\PhoneBookApp\\ClientApplicationCoreTests\\bin\\Debug\\net6.0\\fine-code-coverage\\build-output\\ClientApplicationCoreTests.dll","CodeFilePath":null,"LineNumber":0,"Properties":[]},"Attachments":[],"Outcome":1,"ErrorMessage":null,"ErrorStackTrace":null,"DisplayName":"ClientApplicationCoreTests.Controllers.ContactControllerTests.Edit_ContactFailedToSave_ReturnRedirectToActionResult","Messages":[],"ComputerName":"IN-LT-18284","Duration":"00:00:00.0032584","StartTime":"2024-06-20T06:49:30.3666174+00:00","EndTime":"2024-06-20T06:49:30.3666174+00:00","Properties":[]},{"TestCase":{"Id":"3b6fa225-63e5-2eab-1498-f88a7eee545d","FullyQualifiedName":"ClientApplicationCoreTests.Controllers.ContactControllerTests.Delete_ReturnsRedirectWithErrorMessage_WhenServiceResponseIsNull","DisplayName":"ClientApplicationCoreTests.Controllers.ContactControllerTests.Delete_ReturnsRedirectWithErrorMessage_WhenServiceResponseIsNull","ExecutorUri":"executor://xunit/VsTestRunner2/netcoreapp","Source":"C:\\Repos\\Horizon-Feb2024\\PhoneBookApp\\ClientApplicationCoreTests\\bin\\Debug\\net6.0\\fine-code-coverage\\build-output\\ClientApplicationCoreTests.dll","CodeFilePath":null,"LineNumber":0,"Properties":[]},"Attachments":[],"Outcome":1,"ErrorMessage":null,"ErrorStackTrace":null,"DisplayName":"ClientApplicationCoreTests.Controllers.ContactControllerTests.Delete_ReturnsRedirectWithErrorMessage_WhenServiceResponseIsNull","Messages":[],"ComputerName":"IN-LT-18284","Duration":"00:00:00.0008535","StartTime":"2024-06-20T06:49:30.3683091+00:00","EndTime":"2024-06-20T06:49:30.3683092+00:00","Properties":[]}],"TestRunStatistics":{"ExecutedTests":84,"Stats":{"Passed":84}},"ActiveTests":[]},"RunAttachments":[],"ExecutorUris":["executor://xunit/VsTestRunner2/netcoreapp"]}}
TpTrace Verbose: 0 : 16688, 13, 2024/06/20, 12:19:30.379, 90513052097, vstest.console.dll, TestRequestSender.EndSession: Sending end session.
TpTrace Verbose: 0 : 16688, 13, 2024/06/20, 12:19:30.380, 90513053314, vstest.console.dll, ProxyOperationManager.Close: waiting for test host to exit for 100 ms
TpTrace Verbose: 0 : 16688, 11, 2024/06/20, 12:19:30.398, 90513242293, vstest.console.dll, TestHostManagerCallbacks.ctor: Experimental forwarding output is disabled.
TpTrace Warning: 0 : 16688, 11, 2024/06/20, 12:19:30.399, 90513243329, vstest.console.dll, TestHostManagerCallbacks.ErrorReceivedCallback Test host standard error line: 
TpTrace Verbose: 0 : 16688, 11, 2024/06/20, 12:19:30.445, 90513706337, vstest.console.dll, TestHostProvider.ExitCallBack: Host exited starting callback.
TpTrace Information: 0 : 16688, 11, 2024/06/20, 12:19:30.445, 90513708064, vstest.console.dll, TestHostManagerCallbacks.ExitCallBack: Testhost processId: 9084 exited with exitcode: 0 error: ''
TpTrace Verbose: 0 : 16688, 11, 2024/06/20, 12:19:30.445, 90513708324, vstest.console.dll, DotnetTestHostManager.OnHostExited: invoking OnHostExited callback
TpTrace Verbose: 0 : 16688, 11, 2024/06/20, 12:19:30.445, 90513708734, vstest.console.dll, CrossPlatEngine.TestHostManagerHostExited: calling on client process exit callback.
TpTrace Information: 0 : 16688, 11, 2024/06/20, 12:19:30.445, 90513709069, vstest.console.dll, TestRequestSender.OnClientProcessExit: Test host process exited. Standard error: 
TpTrace Information: 0 : 16688, 11, 2024/06/20, 12:19:30.445, 90513709434, vstest.console.dll, SocketServer.Stop: Stop server endPoint: 127.0.0.1:59753
TpTrace Information: 0 : 16688, 11, 2024/06/20, 12:19:30.445, 90513709612, vstest.console.dll, SocketServer.Stop: Cancellation requested. Stopping message loop.
TpTrace Information: 0 : 16688, 13, 2024/06/20, 12:19:30.445, 90513709797, vstest.console.dll, SocketServer.Stop: Stop server endPoint: 127.0.0.1:59753
TpTrace Information: 0 : 16688, 13, 2024/06/20, 12:19:30.445, 90513710348, vstest.console.dll, SocketServer.Stop: Cancellation requested. Stopping message loop.
TpTrace Verbose: 0 : 16688, 11, 2024/06/20, 12:19:30.445, 90513710383, vstest.console.dll, MulticastDelegateUtilities.SafeInvoke: HostProviderEvents.OnHostExited: Invoking callback 1/1 for Microsoft.VisualStudio.TestPlatform.CrossPlatEngine.Client.ProxyOperationManager., took 0 ms.
TpTrace Information: 0 : 16688, 13, 2024/06/20, 12:19:30.445, 90513710643, vstest.console.dll, Closing the connection
TpTrace Verbose: 0 : 16688, 13, 2024/06/20, 12:19:30.445, 90513712194, vstest.console.dll, ProxyDataCollectionManager.InvokeDataCollectionServiceAction: Starting.
TpTrace Information: 0 : 16688, 13, 2024/06/20, 12:19:30.445, 90513712480, vstest.console.dll, ProxyDataCollectionManager.AfterTestRunEnd: Get attachment set and invoked data collectors processId: 22040 port: 59750
TpTrace Verbose: 0 : 16688, 13, 2024/06/20, 12:19:30.445, 90513712840, vstest.console.dll, DataCollectionRequestSender.SendAfterTestRunStartAndGetResult: Send AfterTestRunEnd message with isCancelled: False
TpTrace Verbose: 0 : 16688, 13, 2024/06/20, 12:19:30.450, 90513755892, vstest.console.dll, DataCollectionRequestSender.SendAfterTestRunStartAndGetResult: Received message: (DataCollection.AfterTestRunEndResult) -> {"MessageType":"DataCollection.AfterTestRunEndResult","Payload":{"AttachmentSets":[],"InvokedDataCollectors":[{"Uri":"datacollector://Microsoft/TestPlatform/Extensions/Blame/v1","FriendlyName":"Blame","AssemblyQualifiedName":"Microsoft.TestPlatform.Extensions.BlameDataCollector.BlameCollector, Microsoft.TestPlatform.Extensions.BlameDataCollector, Version=15.0.0.0, Culture=neutral, PublicKeyToken=b03f5f7f11d50a3a","FilePath":"C:\\Program Files\\dotnet\\sdk\\8.0.300\\Extensions\\Microsoft.TestPlatform.Extensions.BlameDataCollector.dll","HasAttachmentProcessor":false}],"Metrics":{}}}
TpTrace Information: 0 : 16688, 13, 2024/06/20, 12:19:30.453, 90513789834, vstest.console.dll, ProxyDataCollectionManager.InvokeDataCollectionServiceAction: Completed.
TpTrace Warning: 0 : 16688, 10, 2024/06/20, 12:19:30.457, 90513823772, vstest.console.dll, DataCollectionLauncher.ErrorReceivedCallback datacollector standard error line: 
TpTrace Information: 0 : 16688, 10, 2024/06/20, 12:19:30.462, 90513878196, vstest.console.dll, DataCollectionLauncher.ExitCallBack: Data collector exited with exitcode: 0 error: ''
TpTrace Verbose: 0 : 16688, 13, 2024/06/20, 12:19:30.475, 90514006446, vstest.console.dll, TestRunRequest:SendTestRunStatsChange: Starting.
TpTrace Verbose: 0 : 16688, 13, 2024/06/20, 12:19:30.475, 90514007430, vstest.console.dll, MulticastDelegateUtilities.SafeInvoke: TestRun.RunStatsChanged: Invoking callbacks was skipped because there are no subscribers.
TpTrace Information: 0 : 16688, 13, 2024/06/20, 12:19:30.475, 90514007615, vstest.console.dll, TestRunRequest:SendTestRunStatsChange: Completed.
TpTrace Verbose: 0 : 16688, 4, 2024/06/20, 12:19:30.475, 90514008671, vstest.console.dll, MulticastDelegateUtilities.SafeInvoke: InternalTestLoggerEvents.SendTestResult: Invoking callback 1/1 for Microsoft.VisualStudio.TestPlatform.CommandLine.Internal.ConsoleLogger., took 0 ms.
TpTrace Verbose: 0 : 16688, 4, 2024/06/20, 12:19:30.475, 90514009330, vstest.console.dll, MulticastDelegateUtilities.SafeInvoke: InternalTestLoggerEvents.SendTestResult: Invoking callback 1/1 for Microsoft.VisualStudio.TestPlatform.CommandLine.Internal.ConsoleLogger., took 0 ms.
TpTrace Verbose: 0 : 16688, 13, 2024/06/20, 12:19:30.475, 90514009502, vstest.console.dll, ParallelProxyExecutionManager: HandlePartialRunComplete: Total workloads = 1, Total started clients = 1 Total completed clients = 1, Run complete = True, Run canceled: False.
TpTrace Verbose: 0 : 16688, 4, 2024/06/20, 12:19:30.475, 90514009582, vstest.console.dll, MulticastDelegateUtilities.SafeInvoke: InternalTestLoggerEvents.SendTestResult: Invoking callback 1/1 for Microsoft.VisualStudio.TestPlatform.CommandLine.Internal.ConsoleLogger., took 0 ms.
TpTrace Verbose: 0 : 16688, 4, 2024/06/20, 12:19:30.475, 90514009993, vstest.console.dll, MulticastDelegateUtilities.SafeInvoke: InternalTestLoggerEvents.SendTestResult: Invoking callback 1/1 for Microsoft.VisualStudio.TestPlatform.CommandLine.Internal.ConsoleLogger., took 0 ms.
TpTrace Verbose: 0 : 16688, 4, 2024/06/20, 12:19:30.475, 90514010237, vstest.console.dll, MulticastDelegateUtilities.SafeInvoke: InternalTestLoggerEvents.SendTestResult: Invoking callback 1/1 for Microsoft.VisualStudio.TestPlatform.CommandLine.Internal.ConsoleLogger., took 0 ms.
TpTrace Verbose: 0 : 16688, 4, 2024/06/20, 12:19:30.475, 90514010453, vstest.console.dll, MulticastDelegateUtilities.SafeInvoke: InternalTestLoggerEvents.SendTestResult: Invoking callback 1/1 for Microsoft.VisualStudio.TestPlatform.CommandLine.Internal.ConsoleLogger., took 0 ms.
TpTrace Verbose: 0 : 16688, 4, 2024/06/20, 12:19:30.475, 90514010711, vstest.console.dll, MulticastDelegateUtilities.SafeInvoke: InternalTestLoggerEvents.SendTestResult: Invoking callback 1/1 for Microsoft.VisualStudio.TestPlatform.CommandLine.Internal.ConsoleLogger., took 0 ms.
TpTrace Verbose: 0 : 16688, 13, 2024/06/20, 12:19:30.475, 90514010965, vstest.console.dll, ParallelProxyExecutionManager: HandlePartialRunComplete: All runs completed stopping all managers.
TpTrace Verbose: 0 : 16688, 13, 2024/06/20, 12:19:30.475, 90514011428, vstest.console.dll, ParallelOperationManager.StopAllManagers: Stopping all managers.
TpTrace Verbose: 0 : 16688, 13, 2024/06/20, 12:19:30.475, 90514011632, vstest.console.dll, ParallelOperationManager.ClearSlots: Clearing all slots. Slots should accept more work: False
TpTrace Verbose: 0 : 16688, 13, 2024/06/20, 12:19:30.475, 90514011955, vstest.console.dll, ParallelOperationManager.SetOccupiedSlotCount: Setting slot counts AvailableSlotCount = 1, OccupiedSlotCount = 0.
TpTrace Verbose: 0 : 16688, 13, 2024/06/20, 12:19:30.475, 90514012142, vstest.console.dll, Occupied slots:

TpTrace Verbose: 0 : 16688, 4, 2024/06/20, 12:19:30.480, 90514057637, vstest.console.dll, MulticastDelegateUtilities.SafeInvoke: InternalTestLoggerEvents.SendTestRunComplete: Invoking callback 1/2 for Microsoft.TestPlatform.Extensions.BlameDataCollector.BlameLogger., took 0 ms.
TpTrace Verbose: 0 : 16688, 4, 2024/06/20, 12:19:30.483, 90514087994, vstest.console.dll, MulticastDelegateUtilities.SafeInvoke: InternalTestLoggerEvents.SendTestRunComplete: Invoking callback 2/2 for Microsoft.VisualStudio.TestPlatform.CommandLine.Internal.ConsoleLogger., took 2 ms.
TpTrace Verbose: 0 : 16688, 13, 2024/06/20, 12:19:30.483, 90514091974, vstest.console.dll, TestRunRequest:TestRunComplete: Starting. IsAborted:False IsCanceled:False.
TpTrace Verbose: 0 : 16688, 13, 2024/06/20, 12:19:30.484, 90514093558, vstest.console.dll, ParallelOperationManager.DoActionOnAllManagers: Calling an action on all managers.
TpTrace Verbose: 0 : 16688, 13, 2024/06/20, 12:19:30.484, 90514099105, vstest.console.dll, TestLoggerManager.HandleTestRunComplete: Ignoring as the object is disposed.
TpTrace Verbose: 0 : 16688, 13, 2024/06/20, 12:19:30.484, 90514100099, vstest.console.dll, MulticastDelegateUtilities.SafeInvoke: TestRun.TestRunComplete: Invoking callback 1/2 for Microsoft.VisualStudio.TestPlatform.CommandLine.TestRunResultAggregator., took 0 ms.
TpTrace Verbose: 0 : 16688, 13, 2024/06/20, 12:19:30.484, 90514100721, vstest.console.dll, MulticastDelegateUtilities.SafeInvoke: TestRun.TestRunComplete: Invoking callback 2/2 for Microsoft.VisualStudio.TestPlatform.CommandLine.Processors.RunTestsArgumentExecutor+TestRunRequestEventsRegistrar., took 0 ms.
TpTrace Information: 0 : 16688, 13, 2024/06/20, 12:19:30.484, 90514101263, vstest.console.dll, TestRunRequest:TestRunComplete: Completed.
TpTrace Verbose: 0 : 16688, 13, 2024/06/20, 12:19:30.484, 90514101482, vstest.console.dll, TestRequestSender.SetOperationComplete: Setting operation complete.
TpTrace Information: 0 : 16688, 13, 2024/06/20, 12:19:30.484, 90514101638, vstest.console.dll, SocketServer.Stop: Stop server endPoint: 127.0.0.1:59753
TpTrace Verbose: 0 : 16688, 1, 2024/06/20, 12:19:30.484, 90514101689, vstest.console.dll, TestRunRequest.Dispose: Starting.
TpTrace Information: 0 : 16688, 13, 2024/06/20, 12:19:30.484, 90514101775, vstest.console.dll, SocketServer.Stop: Cancellation requested. Stopping message loop.
TpTrace Information: 0 : 16688, 1, 2024/06/20, 12:19:30.484, 90514102190, vstest.console.dll, TestRunRequest.Dispose: Completed.
TpTrace Verbose: 0 : 16688, 13, 2024/06/20, 12:19:30.484, 90514102496, vstest.console.dll, MulticastDelegateUtilities.SafeInvoke: LengthPrefixCommunicationChannel: MessageReceived: Invoking callback 1/1 for Microsoft.VisualStudio.TestPlatform.CommunicationUtilities.TestRequestSender+<>c__DisplayClass34_0., took 105 ms.
TpTrace Information: 0 : 16688, 1, 2024/06/20, 12:19:30.484, 90514102519, vstest.console.dll, TestRequestManager.RunTests: run tests completed.
TpTrace Information: 0 : 16688, 13, 2024/06/20, 12:19:30.484, 90514102814, vstest.console.dll, SocketServer.PrivateStop: Stopping server endPoint: 127.0.0.1:59753 error: 
TpTrace Information: 0 : 16688, 1, 2024/06/20, 12:19:30.484, 90514103150, vstest.console.dll, RunTestsArgumentProcessor:Execute: Test run is completed.
TpTrace Verbose: 0 : 16688, 1, 2024/06/20, 12:19:30.485, 90514104395, vstest.console.dll, Executor.Execute: Exiting with exit code of 0
TpTrace Verbose: 0 : 16688, 13, 2024/06/20, 12:19:30.485, 90514106722, vstest.console.dll, LengthPrefixCommunicationChannel.Dispose: Dispose reader and writer.
TpTrace Information: 0 : 16688, 13, 2024/06/20, 12:19:30.485, 90514107217, vstest.console.dll, SocketServer.Stop: Raise disconnected event endPoint: 127.0.0.1:59753 error: 
TpTrace Verbose: 0 : 16688, 13, 2024/06/20, 12:19:30.485, 90514107853, vstest.console.dll, TestRequestSender: OnTestRunAbort: Operation is already complete. Skip error message.
TpTrace Verbose: 0 : 16688, 13, 2024/06/20, 12:19:30.485, 90514108105, vstest.console.dll, MulticastDelegateUtilities.SafeInvoke: SocketServer: ClientDisconnected: Invoking callback 1/1 for Microsoft.VisualStudio.TestPlatform.CommunicationUtilities.TestRequestSender., took 0 ms.
